<?xml version="1.0" encoding="UTF-8"?>
<coverage generated="1718049519799" clover="3.2.0">
  <project timestamp="1718049519799" name="All files">
    <metrics statements="568" coveredstatements="395" conditionals="185" coveredconditionals="98" methods="73" coveredmethods="52" elements="826" coveredelements="545" complexity="0" loc="568" ncloc="568" packages="6" files="21" classes="21"/>
    <package name="ours">
      <metrics statements="34" coveredstatements="33" conditionals="2" coveredconditionals="2" methods="1" coveredmethods="0"/>
      <file name="app.js" path="C:\Users\quent\WebstormProjects\TrentoJOB\ours\app.js">
        <metrics statements="34" coveredstatements="33" conditionals="2" coveredconditionals="2" methods="1" coveredmethods="0"/>
        <line num="1" count="1" type="stmt"/>
        <line num="2" count="1" type="stmt"/>
        <line num="3" count="1" type="stmt"/>
        <line num="4" count="1" type="stmt"/>
        <line num="6" count="1" type="stmt"/>
        <line num="9" count="1" type="stmt"/>
        <line num="10" count="1" type="stmt"/>
        <line num="13" count="1" type="stmt"/>
        <line num="16" count="1" type="cond" truecount="2" falsecount="0"/>
        <line num="17" count="1" type="stmt"/>
        <line num="18" count="1" type="stmt"/>
        <line num="21" count="1" type="stmt"/>
        <line num="22" count="1" type="stmt"/>
        <line num="25" count="1" type="stmt"/>
        <line num="26" count="1" type="stmt"/>
        <line num="27" count="1" type="stmt"/>
        <line num="28" count="1" type="stmt"/>
        <line num="29" count="1" type="stmt"/>
        <line num="30" count="1" type="stmt"/>
        <line num="31" count="1" type="stmt"/>
        <line num="32" count="1" type="stmt"/>
        <line num="33" count="1" type="stmt"/>
        <line num="35" count="1" type="stmt"/>
        <line num="36" count="1" type="stmt"/>
        <line num="37" count="1" type="stmt"/>
        <line num="38" count="1" type="stmt"/>
        <line num="39" count="1" type="stmt"/>
        <line num="40" count="1" type="stmt"/>
        <line num="41" count="1" type="stmt"/>
        <line num="42" count="1" type="stmt"/>
        <line num="43" count="1" type="stmt"/>
        <line num="46" count="1" type="stmt"/>
        <line num="47" count="0" type="stmt"/>
        <line num="50" count="1" type="stmt"/>
      </file>
    </package>
    <package name="ours.app">
      <metrics statements="215" coveredstatements="140" conditionals="122" coveredconditionals="69" methods="30" coveredmethods="20"/>
      <file name="mailBody.js" path="C:\Users\quent\WebstormProjects\TrentoJOB\ours\app\mailBody.js">
        <metrics statements="9" coveredstatements="6" conditionals="0" coveredconditionals="0" methods="4" coveredmethods="1"/>
        <line num="1" count="8" type="stmt"/>
        <line num="2" count="2" type="stmt"/>
        <line num="77" count="8" type="stmt"/>
        <line num="78" count="0" type="stmt"/>
        <line num="154" count="8" type="stmt"/>
        <line num="155" count="0" type="stmt"/>
        <line num="222" count="8" type="stmt"/>
        <line num="223" count="0" type="stmt"/>
        <line num="301" count="8" type="stmt"/>
      </file>
      <file name="middleware.js" path="C:\Users\quent\WebstormProjects\TrentoJOB\ours\app\middleware.js">
        <metrics statements="55" coveredstatements="46" conditionals="32" coveredconditionals="26" methods="11" coveredmethods="10"/>
        <line num="1" count="8" type="stmt"/>
        <line num="2" count="8" type="stmt"/>
        <line num="3" count="8" type="stmt"/>
        <line num="4" count="8" type="stmt"/>
        <line num="7" count="8" type="stmt"/>
        <line num="8" count="0" type="stmt"/>
        <line num="9" count="0" type="stmt"/>
        <line num="13" count="8" type="stmt"/>
        <line num="14" count="55" type="stmt"/>
        <line num="15" count="55" type="cond" truecount="2" falsecount="0"/>
        <line num="18" count="55" type="cond" truecount="2" falsecount="0"/>
        <line num="20" count="30" type="stmt"/>
        <line num="21" count="30" type="cond" truecount="3" falsecount="1"/>
        <line num="24" count="30" type="stmt"/>
        <line num="25" count="30" type="cond" truecount="1" falsecount="1"/>
        <line num="28" count="30" type="stmt"/>
        <line num="29" count="30" type="stmt"/>
        <line num="30" count="30" type="stmt"/>
        <line num="31" count="6" type="stmt"/>
        <line num="32" count="6" type="stmt"/>
        <line num="33" count="6" type="stmt"/>
        <line num="34" count="6" type="stmt"/>
        <line num="37" count="30" type="stmt"/>
        <line num="38" count="30" type="stmt"/>
        <line num="43" count="8" type="stmt"/>
        <line num="45" count="9" type="cond" truecount="5" falsecount="0"/>
        <line num="46" count="8" type="stmt"/>
        <line num="47" count="1" type="stmt"/>
        <line num="50" count="8" type="stmt"/>
        <line num="51" count="16" type="cond" truecount="2" falsecount="0"/>
        <line num="52" count="2" type="stmt"/>
        <line num="53" count="14" type="stmt"/>
        <line num="56" count="8" type="stmt"/>
        <line num="57" count="4" type="stmt"/>
        <line num="58" count="4" type="stmt"/>
        <line num="60" count="4" type="cond" truecount="3" falsecount="2"/>
        <line num="61" count="0" type="stmt"/>
        <line num="62" count="4" type="stmt"/>
        <line num="65" count="0" type="stmt"/>
        <line num="66" count="0" type="stmt"/>
        <line num="70" count="8" type="stmt"/>
        <line num="71" count="1" type="stmt"/>
        <line num="72" count="1" type="stmt"/>
        <line num="73" count="1" type="cond" truecount="1" falsecount="1"/>
        <line num="74" count="0" type="stmt"/>
        <line num="76" count="1" type="cond" truecount="3" falsecount="1"/>
        <line num="77" count="1" type="stmt"/>
        <line num="79" count="0" type="stmt"/>
        <line num="81" count="0" type="stmt"/>
        <line num="82" count="0" type="stmt"/>
        <line num="86" count="8" type="stmt"/>
        <line num="87" count="4" type="cond" truecount="4" falsecount="0"/>
        <line num="88" count="1" type="stmt"/>
        <line num="89" count="3" type="stmt"/>
        <line num="92" count="8" type="stmt"/>
      </file>
      <file name="nodeMail.js" path="C:\Users\quent\WebstormProjects\TrentoJOB\ours\app\nodeMail.js">
        <metrics statements="5" coveredstatements="4" conditionals="0" coveredconditionals="0" methods="2" coveredmethods="1"/>
        <line num="1" count="8" type="stmt"/>
        <line num="3" count="8" type="stmt"/>
        <line num="11" count="8" type="stmt"/>
        <line num="12" count="2" type="stmt"/>
        <line num="16" count="0" type="stmt"/>
      </file>
      <file name="utils.js" path="C:\Users\quent\WebstormProjects\TrentoJOB\ours\app\utils.js">
        <metrics statements="138" coveredstatements="76" conditionals="88" coveredconditionals="41" methods="11" coveredmethods="6"/>
        <line num="1" count="6" type="stmt"/>
        <line num="2" count="6" type="stmt"/>
        <line num="3" count="6" type="stmt"/>
        <line num="4" count="6" type="stmt"/>
        <line num="5" count="6" type="stmt"/>
        <line num="6" count="6" type="stmt"/>
        <line num="7" count="6" type="stmt"/>
        <line num="10" count="6" type="stmt"/>
        <line num="11" count="4" type="stmt"/>
        <line num="13" count="4" type="stmt"/>
        <line num="14" count="4" type="cond" truecount="2" falsecount="0"/>
        <line num="15" count="2" type="stmt"/>
        <line num="18" count="2" type="stmt"/>
        <line num="19" count="2" type="stmt"/>
        <line num="20" count="2" type="stmt"/>
        <line num="22" count="2" type="stmt"/>
        <line num="23" count="2" type="stmt"/>
        <line num="26" count="2" type="stmt"/>
        <line num="27" count="2" type="stmt"/>
        <line num="28" count="2" type="stmt"/>
        <line num="29" count="2" type="stmt"/>
        <line num="31" count="0" type="stmt"/>
        <line num="35" count="6" type="stmt"/>
        <line num="36" count="3" type="stmt"/>
        <line num="38" count="3" type="cond" truecount="1" falsecount="1"/>
        <line num="39" count="0" type="stmt"/>
        <line num="42" count="3" type="stmt"/>
        <line num="43" count="3" type="stmt"/>
        <line num="50" count="3" type="stmt"/>
        <line num="51" count="3" type="stmt"/>
        <line num="53" count="0" type="stmt"/>
        <line num="54" count="0" type="stmt"/>
        <line num="58" count="6" type="stmt"/>
        <line num="59" count="5" type="stmt"/>
        <line num="60" count="5" type="stmt"/>
        <line num="61" count="5" type="stmt"/>
        <line num="62" count="5" type="stmt"/>
        <line num="64" count="5" type="cond" truecount="1" falsecount="1"/>
        <line num="65" count="0" type="stmt"/>
        <line num="66" count="0" type="stmt"/>
        <line num="68" count="0" type="cond" truecount="0" falsecount="4"/>
        <line num="69" count="0" type="stmt"/>
        <line num="70" count="0" type="cond" truecount="0" falsecount="4"/>
        <line num="71" count="0" type="stmt"/>
        <line num="74" count="5" type="cond" truecount="1" falsecount="1"/>
        <line num="75" count="0" type="stmt"/>
        <line num="77" count="5" type="cond" truecount="4" falsecount="0"/>
        <line num="78" count="2" type="cond" truecount="1" falsecount="1"/>
        <line num="79" count="0" type="stmt"/>
        <line num="81" count="2" type="cond" truecount="2" falsecount="0"/>
        <line num="82" count="1" type="cond" truecount="1" falsecount="1"/>
        <line num="83" count="0" type="stmt"/>
        <line num="85" count="1" type="cond" truecount="1" falsecount="1"/>
        <line num="86" count="0" type="stmt"/>
        <line num="89" count="0" type="stmt"/>
        <line num="90" count="0" type="stmt"/>
        <line num="91" count="0" type="stmt"/>
        <line num="94" count="0" type="stmt"/>
        <line num="95" count="0" type="stmt"/>
        <line num="96" count="0" type="stmt"/>
        <line num="98" count="0" type="cond" truecount="0" falsecount="2"/>
        <line num="99" count="0" type="stmt"/>
        <line num="102" count="0" type="cond" truecount="0" falsecount="2"/>
        <line num="103" count="0" type="stmt"/>
        <line num="110" count="5" type="cond" truecount="2" falsecount="0"/>
        <line num="111" count="1" type="stmt"/>
        <line num="113" count="1" type="cond" truecount="3" falsecount="1"/>
        <line num="114" count="0" type="stmt"/>
        <line num="116" count="0" type="cond" truecount="0" falsecount="2"/>
        <line num="117" count="0" type="stmt"/>
        <line num="118" count="0" type="stmt"/>
        <line num="121" count="0" type="cond" truecount="0" falsecount="2"/>
        <line num="122" count="0" type="stmt"/>
        <line num="123" count="0" type="stmt"/>
        <line num="126" count="4" type="cond" truecount="2" falsecount="0"/>
        <line num="127" count="1" type="stmt"/>
        <line num="128" count="1" type="stmt"/>
        <line num="131" count="5" type="cond" truecount="1" falsecount="1"/>
        <line num="132" count="0" type="stmt"/>
        <line num="133" count="0" type="cond" truecount="0" falsecount="2"/>
        <line num="134" count="0" type="stmt"/>
        <line num="138" count="5" type="stmt"/>
        <line num="140" count="5" type="stmt"/>
        <line num="142" count="0" type="stmt"/>
        <line num="146" count="6" type="stmt"/>
        <line num="147" count="5" type="stmt"/>
        <line num="148" count="5" type="stmt"/>
        <line num="149" count="5" type="cond" truecount="4" falsecount="1"/>
        <line num="152" count="4" type="stmt"/>
        <line num="154" count="5" type="stmt"/>
        <line num="156" count="5" type="cond" truecount="1" falsecount="1"/>
        <line num="157" count="5" type="cond" truecount="4" falsecount="0"/>
        <line num="159" count="1" type="stmt"/>
        <line num="161" count="5" type="stmt"/>
        <line num="163" count="0" type="stmt"/>
        <line num="166" count="0" type="stmt"/>
        <line num="170" count="6" type="stmt"/>
        <line num="171" count="2" type="stmt"/>
        <line num="172" count="2" type="stmt"/>
        <line num="173" count="2" type="cond" truecount="1" falsecount="1"/>
        <line num="174" count="0" type="stmt"/>
        <line num="176" count="2" type="cond" truecount="3" falsecount="1"/>
        <line num="177" count="0" type="cond" truecount="0" falsecount="2"/>
        <line num="178" count="0" type="cond" truecount="0" falsecount="2"/>
        <line num="179" count="0" type="stmt"/>
        <line num="181" count="0" type="cond" truecount="0" falsecount="2"/>
        <line num="182" count="0" type="stmt"/>
        <line num="184" count="0" type="stmt"/>
        <line num="185" count="0" type="stmt"/>
        <line num="186" count="0" type="stmt"/>
        <line num="187" count="0" type="cond" truecount="0" falsecount="2"/>
        <line num="188" count="0" type="cond" truecount="0" falsecount="2"/>
        <line num="189" count="0" type="stmt"/>
        <line num="191" count="0" type="stmt"/>
        <line num="192" count="0" type="stmt"/>
        <line num="193" count="0" type="stmt"/>
        <line num="196" count="0" type="cond" truecount="0" falsecount="4"/>
        <line num="197" count="0" type="stmt"/>
        <line num="199" count="0" type="stmt"/>
        <line num="200" count="0" type="stmt"/>
        <line num="203" count="0" type="stmt"/>
        <line num="204" count="0" type="stmt"/>
        <line num="207" count="2" type="cond" truecount="4" falsecount="1"/>
        <line num="208" count="2" type="stmt"/>
        <line num="209" count="2" type="cond" truecount="1" falsecount="1"/>
        <line num="210" count="2" type="stmt"/>
        <line num="214" count="2" type="stmt"/>
        <line num="215" count="2" type="stmt"/>
        <line num="218" count="0" type="stmt"/>
        <line num="219" count="0" type="stmt"/>
        <line num="224" count="6" type="stmt"/>
        <line num="225" count="5" type="stmt"/>
        <line num="226" count="5" type="stmt"/>
        <line num="227" count="5" type="cond" truecount="1" falsecount="1"/>
        <line num="228" count="5" type="stmt"/>
        <line num="230" count="0" type="stmt"/>
        <line num="233" count="0" type="stmt"/>
        <line num="239" count="6" type="stmt"/>
      </file>
      <file name="validation.js" path="C:\Users\quent\WebstormProjects\TrentoJOB\ours\app\validation.js">
        <metrics statements="8" coveredstatements="8" conditionals="2" coveredconditionals="2" methods="2" coveredmethods="2"/>
        <line num="1" count="8" type="stmt"/>
        <line num="3" count="64" type="stmt"/>
        <line num="4" count="27" type="stmt"/>
        <line num="5" count="27" type="cond" truecount="2" falsecount="0"/>
        <line num="6" count="5" type="stmt"/>
        <line num="8" count="22" type="stmt"/>
        <line num="11" count="8" type="stmt"/>
        <line num="60" count="8" type="stmt"/>
      </file>
    </package>
    <package name="ours.app.Entities">
      <metrics statements="187" coveredstatements="155" conditionals="33" coveredconditionals="20" methods="34" coveredmethods="29"/>
      <file name="admin.js" path="C:\Users\quent\WebstormProjects\TrentoJOB\ours\app\Entities\admin.js">
        <metrics statements="24" coveredstatements="22" conditionals="2" coveredconditionals="2" methods="5" coveredmethods="5"/>
        <line num="1" count="2" type="stmt"/>
        <line num="2" count="2" type="stmt"/>
        <line num="3" count="2" type="stmt"/>
        <line num="4" count="2" type="stmt"/>
        <line num="5" count="2" type="stmt"/>
        <line num="6" count="2" type="stmt"/>
        <line num="9" count="2" type="stmt"/>
        <line num="10" count="2" type="stmt"/>
        <line num="12" count="2" type="stmt"/>
        <line num="13" count="2" type="cond" truecount="2" falsecount="0"/>
        <line num="14" count="1" type="stmt"/>
        <line num="17" count="1" type="stmt"/>
        <line num="18" count="1" type="stmt"/>
        <line num="19" count="1" type="stmt"/>
        <line num="20" count="1" type="stmt"/>
        <line num="23" count="1" type="stmt"/>
        <line num="24" count="1" type="stmt"/>
        <line num="27" count="0" type="stmt"/>
        <line num="28" count="0" type="stmt"/>
        <line num="33" count="2" type="stmt"/>
        <line num="35" count="2" type="stmt"/>
        <line num="37" count="2" type="stmt"/>
        <line num="39" count="2" type="stmt"/>
        <line num="43" count="2" type="stmt"/>
      </file>
      <file name="announcement.js" path="C:\Users\quent\WebstormProjects\TrentoJOB\ours\app\Entities\announcement.js">
        <metrics statements="11" coveredstatements="11" conditionals="0" coveredconditionals="0" methods="5" coveredmethods="4"/>
        <line num="2" count="2" type="stmt"/>
        <line num="3" count="2" type="stmt"/>
        <line num="4" count="2" type="stmt"/>
        <line num="5" count="2" type="stmt"/>
        <line num="6" count="2" type="stmt"/>
        <line num="9" count="2" type="stmt"/>
        <line num="11" count="2" type="stmt"/>
        <line num="13" count="2" type="stmt"/>
        <line num="15" count="2" type="stmt"/>
        <line num="17" count="2" type="stmt"/>
        <line num="21" count="2" type="stmt"/>
      </file>
      <file name="chat.js" path="C:\Users\quent\WebstormProjects\TrentoJOB\ours\app\Entities\chat.js">
        <metrics statements="69" coveredstatements="55" conditionals="23" coveredconditionals="15" methods="5" coveredmethods="5"/>
        <line num="2" count="2" type="stmt"/>
        <line num="3" count="2" type="stmt"/>
        <line num="4" count="2" type="stmt"/>
        <line num="5" count="2" type="stmt"/>
        <line num="6" count="2" type="stmt"/>
        <line num="9" count="2" type="stmt"/>
        <line num="10" count="3" type="stmt"/>
        <line num="11" count="3" type="stmt"/>
        <line num="13" count="3" type="stmt"/>
        <line num="16" count="3" type="cond" truecount="4" falsecount="0"/>
        <line num="17" count="1" type="stmt"/>
        <line num="19" count="2" type="stmt"/>
        <line num="21" count="2" type="stmt"/>
        <line num="22" count="1" type="cond" truecount="1" falsecount="1"/>
        <line num="23" count="1" type="stmt"/>
        <line num="26" count="2" type="cond" truecount="2" falsecount="0"/>
        <line num="28" count="1" type="stmt"/>
        <line num="29" count="1" type="stmt"/>
        <line num="30" count="1" type="stmt"/>
        <line num="31" count="1" type="stmt"/>
        <line num="33" count="1" type="stmt"/>
        <line num="36" count="1" type="stmt"/>
        <line num="42" count="1" type="stmt"/>
        <line num="45" count="1" type="stmt"/>
        <line num="51" count="1" type="stmt"/>
        <line num="54" count="1" type="stmt"/>
        <line num="56" count="1" type="stmt"/>
        <line num="59" count="0" type="stmt"/>
        <line num="60" count="0" type="stmt"/>
        <line num="61" count="0" type="stmt"/>
        <line num="65" count="2" type="stmt"/>
        <line num="66" count="1" type="stmt"/>
        <line num="68" count="1" type="cond" truecount="1" falsecount="1"/>
        <line num="69" count="0" type="stmt"/>
        <line num="72" count="1" type="cond" truecount="1" falsecount="1"/>
        <line num="73" count="0" type="stmt"/>
        <line num="75" count="1" type="stmt"/>
        <line num="78" count="1" type="stmt"/>
        <line num="80" count="1" type="cond" truecount="3" falsecount="2"/>
        <line num="81" count="0" type="stmt"/>
        <line num="84" count="1" type="stmt"/>
        <line num="93" count="1" type="stmt"/>
        <line num="97" count="1" type="cond" truecount="1" falsecount="1"/>
        <line num="99" count="1" type="stmt"/>
        <line num="113" count="1" type="stmt"/>
        <line num="127" count="1" type="stmt"/>
        <line num="129" count="0" type="stmt"/>
        <line num="130" count="0" type="stmt"/>
        <line num="134" count="2" type="stmt"/>
        <line num="135" count="2" type="stmt"/>
        <line num="136" count="2" type="stmt"/>
        <line num="138" count="2" type="cond" truecount="1" falsecount="1"/>
        <line num="139" count="0" type="stmt"/>
        <line num="142" count="2" type="stmt"/>
        <line num="147" count="2" type="stmt"/>
        <line num="149" count="0" type="stmt"/>
        <line num="150" count="0" type="stmt"/>
        <line num="154" count="2" type="stmt"/>
        <line num="155" count="1" type="stmt"/>
        <line num="156" count="1" type="stmt"/>
        <line num="157" count="1" type="stmt"/>
        <line num="158" count="1" type="cond" truecount="1" falsecount="1"/>
        <line num="159" count="0" type="stmt"/>
        <line num="163" count="1" type="stmt"/>
        <line num="168" count="1" type="stmt"/>
        <line num="172" count="1" type="stmt"/>
        <line num="174" count="0" type="stmt"/>
        <line num="175" count="0" type="stmt"/>
        <line num="181" count="2" type="stmt"/>
      </file>
      <file name="comment.js" path="C:\Users\quent\WebstormProjects\TrentoJOB\ours\app\Entities\comment.js">
        <metrics statements="50" coveredstatements="34" conditionals="8" coveredconditionals="3" methods="4" coveredmethods="3"/>
        <line num="2" count="2" type="stmt"/>
        <line num="3" count="2" type="stmt"/>
        <line num="4" count="2" type="stmt"/>
        <line num="5" count="2" type="stmt"/>
        <line num="6" count="2" type="stmt"/>
        <line num="9" count="2" type="stmt"/>
        <line num="10" count="2" type="stmt"/>
        <line num="11" count="2" type="stmt"/>
        <line num="12" count="2" type="stmt"/>
        <line num="13" count="1" type="cond" truecount="1" falsecount="1"/>
        <line num="14" count="0" type="stmt"/>
        <line num="16" count="1" type="stmt"/>
        <line num="25" count="1" type="stmt"/>
        <line num="26" count="1" type="stmt"/>
        <line num="28" count="1" type="stmt"/>
        <line num="30" count="1" type="stmt"/>
        <line num="31" count="1" type="stmt"/>
        <line num="35" count="2" type="stmt"/>
        <line num="36" count="0" type="stmt"/>
        <line num="37" count="0" type="stmt"/>
        <line num="38" count="0" type="stmt"/>
        <line num="39" count="0" type="stmt"/>
        <line num="41" count="0" type="cond" truecount="0" falsecount="2"/>
        <line num="42" count="0" type="stmt"/>
        <line num="44" count="0" type="stmt"/>
        <line num="46" count="0" type="stmt"/>
        <line num="47" count="0" type="stmt"/>
        <line num="51" count="2" type="stmt"/>
        <line num="52" count="1" type="stmt"/>
        <line num="53" count="1" type="stmt"/>
        <line num="54" count="1" type="stmt"/>
        <line num="55" count="1" type="cond" truecount="1" falsecount="1"/>
        <line num="56" count="0" type="stmt"/>
        <line num="58" count="1" type="stmt"/>
        <line num="60" count="0" type="stmt"/>
        <line num="61" count="0" type="stmt"/>
        <line num="65" count="2" type="stmt"/>
        <line num="66" count="1" type="stmt"/>
        <line num="67" count="1" type="stmt"/>
        <line num="68" count="1" type="stmt"/>
        <line num="69" count="1" type="stmt"/>
        <line num="70" count="1" type="cond" truecount="1" falsecount="1"/>
        <line num="71" count="0" type="stmt"/>
        <line num="73" count="1" type="stmt"/>
        <line num="74" count="1" type="stmt"/>
        <line num="77" count="1" type="stmt"/>
        <line num="79" count="1" type="stmt"/>
        <line num="81" count="0" type="stmt"/>
        <line num="82" count="0" type="stmt"/>
        <line num="88" count="2" type="stmt"/>
      </file>
      <file name="event.js" path="C:\Users\quent\WebstormProjects\TrentoJOB\ours\app\Entities\event.js">
        <metrics statements="11" coveredstatements="11" conditionals="0" coveredconditionals="0" methods="5" coveredmethods="4"/>
        <line num="1" count="2" type="stmt"/>
        <line num="2" count="2" type="stmt"/>
        <line num="3" count="2" type="stmt"/>
        <line num="4" count="2" type="stmt"/>
        <line num="5" count="2" type="stmt"/>
        <line num="8" count="2" type="stmt"/>
        <line num="10" count="2" type="stmt"/>
        <line num="12" count="2" type="stmt"/>
        <line num="14" count="2" type="stmt"/>
        <line num="16" count="2" type="stmt"/>
        <line num="20" count="2" type="stmt"/>
      </file>
      <file name="organisation.js" path="C:\Users\quent\WebstormProjects\TrentoJOB\ours\app\Entities\organisation.js">
        <metrics statements="11" coveredstatements="11" conditionals="0" coveredconditionals="0" methods="5" coveredmethods="3"/>
        <line num="1" count="4" type="stmt"/>
        <line num="2" count="4" type="stmt"/>
        <line num="3" count="4" type="stmt"/>
        <line num="4" count="4" type="stmt"/>
        <line num="5" count="4" type="stmt"/>
        <line num="9" count="4" type="stmt"/>
        <line num="11" count="4" type="stmt"/>
        <line num="13" count="4" type="stmt"/>
        <line num="15" count="4" type="stmt"/>
        <line num="17" count="4" type="stmt"/>
        <line num="21" count="4" type="stmt"/>
      </file>
      <file name="user.js" path="C:\Users\quent\WebstormProjects\TrentoJOB\ours\app\Entities\user.js">
        <metrics statements="11" coveredstatements="11" conditionals="0" coveredconditionals="0" methods="5" coveredmethods="5"/>
        <line num="1" count="4" type="stmt"/>
        <line num="2" count="4" type="stmt"/>
        <line num="3" count="4" type="stmt"/>
        <line num="4" count="4" type="stmt"/>
        <line num="5" count="4" type="stmt"/>
        <line num="9" count="4" type="stmt"/>
        <line num="11" count="4" type="stmt"/>
        <line num="13" count="4" type="stmt"/>
        <line num="15" count="4" type="stmt"/>
        <line num="17" count="4" type="stmt"/>
        <line num="21" count="4" type="stmt"/>
      </file>
    </package>
    <package name="ours.app.authentication">
      <metrics statements="96" coveredstatements="31" conditionals="28" coveredconditionals="7" methods="6" coveredmethods="1"/>
      <file name="auth.js" path="C:\Users\quent\WebstormProjects\TrentoJOB\ours\app\authentication\auth.js">
        <metrics statements="57" coveredstatements="21" conditionals="22" coveredconditionals="7" methods="4" coveredmethods="1"/>
        <line num="1" count="8" type="stmt"/>
        <line num="2" count="8" type="stmt"/>
        <line num="3" count="8" type="stmt"/>
        <line num="4" count="8" type="stmt"/>
        <line num="5" count="8" type="stmt"/>
        <line num="6" count="8" type="stmt"/>
        <line num="7" count="8" type="stmt"/>
        <line num="11" count="8" type="stmt"/>
        <line num="12" count="9" type="stmt"/>
        <line num="14" count="9" type="stmt"/>
        <line num="17" count="9" type="cond" truecount="3" falsecount="1"/>
        <line num="18" count="0" type="stmt"/>
        <line num="23" count="9" type="cond" truecount="1" falsecount="1"/>
        <line num="24" count="0" type="stmt"/>
        <line num="27" count="9" type="cond" truecount="3" falsecount="1"/>
        <line num="28" count="0" type="stmt"/>
        <line num="31" count="9" type="stmt"/>
        <line num="32" count="9" type="stmt"/>
        <line num="34" count="9" type="stmt"/>
        <line num="36" count="9" type="stmt"/>
        <line num="48" count="0" type="stmt"/>
        <line num="53" count="8" type="stmt"/>
        <line num="54" count="0" type="stmt"/>
        <line num="55" count="0" type="stmt"/>
        <line num="56" count="0" type="cond" truecount="0" falsecount="2"/>
        <line num="57" count="0" type="stmt"/>
        <line num="60" count="0" type="stmt"/>
        <line num="61" count="0" type="cond" truecount="0" falsecount="2"/>
        <line num="62" count="0" type="stmt"/>
        <line num="65" count="0" type="stmt"/>
        <line num="66" count="0" type="cond" truecount="0" falsecount="2"/>
        <line num="67" count="0" type="stmt"/>
        <line num="69" count="0" type="cond" truecount="0" falsecount="2"/>
        <line num="70" count="0" type="stmt"/>
        <line num="73" count="0" type="stmt"/>
        <line num="75" count="0" type="stmt"/>
        <line num="82" count="0" type="stmt"/>
        <line num="90" count="8" type="stmt"/>
        <line num="91" count="0" type="stmt"/>
        <line num="92" count="0" type="stmt"/>
        <line num="93" count="0" type="stmt"/>
        <line num="94" count="0" type="stmt"/>
        <line num="95" count="0" type="stmt"/>
        <line num="98" count="0" type="cond" truecount="0" falsecount="2"/>
        <line num="99" count="0" type="stmt"/>
        <line num="100" count="0" type="stmt"/>
        <line num="101" count="0" type="stmt"/>
        <line num="103" count="0" type="stmt"/>
        <line num="104" count="0" type="stmt"/>
        <line num="108" count="0" type="cond" truecount="0" falsecount="2"/>
        <line num="109" count="0" type="stmt"/>
        <line num="110" count="0" type="stmt"/>
        <line num="113" count="0" type="stmt"/>
        <line num="118" count="8" type="stmt"/>
        <line num="120" count="0" type="stmt"/>
        <line num="121" count="0" type="stmt"/>
        <line num="126" count="8" type="stmt"/>
      </file>
      <file name="password.js" path="C:\Users\quent\WebstormProjects\TrentoJOB\ours\app\authentication\password.js">
        <metrics statements="39" coveredstatements="10" conditionals="6" coveredconditionals="0" methods="2" coveredmethods="0"/>
        <line num="1" count="1" type="stmt"/>
        <line num="2" count="1" type="stmt"/>
        <line num="3" count="1" type="stmt"/>
        <line num="4" count="1" type="stmt"/>
        <line num="5" count="1" type="stmt"/>
        <line num="6" count="1" type="stmt"/>
        <line num="7" count="1" type="stmt"/>
        <line num="9" count="1" type="stmt"/>
        <line num="10" count="0" type="stmt"/>
        <line num="11" count="0" type="stmt"/>
        <line num="12" count="0" type="cond" truecount="0" falsecount="2"/>
        <line num="13" count="0" type="stmt"/>
        <line num="15" count="0" type="stmt"/>
        <line num="17" count="0" type="stmt"/>
        <line num="19" count="0" type="stmt"/>
        <line num="33" count="0" type="stmt"/>
        <line num="35" count="0" type="stmt"/>
        <line num="37" count="0" type="stmt"/>
        <line num="39" count="0" type="stmt"/>
        <line num="40" count="0" type="stmt"/>
        <line num="45" count="1" type="stmt"/>
        <line num="46" count="0" type="stmt"/>
        <line num="47" count="0" type="stmt"/>
        <line num="48" count="0" type="stmt"/>
        <line num="50" count="0" type="stmt"/>
        <line num="51" count="0" type="stmt"/>
        <line num="52" count="0" type="stmt"/>
        <line num="54" count="0" type="cond" truecount="0" falsecount="2"/>
        <line num="55" count="0" type="stmt"/>
        <line num="56" count="0" type="stmt"/>
        <line num="59" count="0" type="stmt"/>
        <line num="60" count="0" type="stmt"/>
        <line num="62" count="0" type="stmt"/>
        <line num="66" count="0" type="cond" truecount="0" falsecount="2"/>
        <line num="67" count="0" type="stmt"/>
        <line num="69" count="0" type="stmt"/>
        <line num="71" count="0" type="stmt"/>
        <line num="72" count="0" type="stmt"/>
        <line num="76" count="1" type="stmt"/>
      </file>
    </package>
    <package name="ours.app.models">
      <metrics statements="28" coveredstatements="28" conditionals="0" coveredconditionals="0" methods="0" coveredmethods="0"/>
      <file name="announcementModel.js" path="C:\Users\quent\WebstormProjects\TrentoJOB\ours\app\models\announcementModel.js">
        <metrics statements="4" coveredstatements="4" conditionals="0" coveredconditionals="0" methods="0" coveredmethods="0"/>
        <line num="1" count="6" type="stmt"/>
        <line num="2" count="6" type="stmt"/>
        <line num="4" count="6" type="stmt"/>
        <line num="49" count="6" type="stmt"/>
      </file>
      <file name="chatModel.js" path="C:\Users\quent\WebstormProjects\TrentoJOB\ours\app\models\chatModel.js">
        <metrics statements="4" coveredstatements="4" conditionals="0" coveredconditionals="0" methods="0" coveredmethods="0"/>
        <line num="1" count="8" type="stmt"/>
        <line num="2" count="8" type="stmt"/>
        <line num="4" count="8" type="stmt"/>
        <line num="26" count="8" type="stmt"/>
      </file>
      <file name="eventModel.js" path="C:\Users\quent\WebstormProjects\TrentoJOB\ours\app\models\eventModel.js">
        <metrics statements="4" coveredstatements="4" conditionals="0" coveredconditionals="0" methods="0" coveredmethods="0"/>
        <line num="1" count="8" type="stmt"/>
        <line num="2" count="8" type="stmt"/>
        <line num="4" count="8" type="stmt"/>
        <line num="53" count="8" type="stmt"/>
      </file>
      <file name="profileModel.js" path="C:\Users\quent\WebstormProjects\TrentoJOB\ours\app\models\profileModel.js">
        <metrics statements="8" coveredstatements="8" conditionals="0" coveredconditionals="0" methods="0" coveredmethods="0"/>
        <line num="1" count="8" type="stmt"/>
        <line num="2" count="8" type="stmt"/>
        <line num="3" count="8" type="stmt"/>
        <line num="5" count="8" type="stmt"/>
        <line num="55" count="8" type="stmt"/>
        <line num="95" count="8" type="stmt"/>
        <line num="125" count="8" type="stmt"/>
        <line num="137" count="8" type="stmt"/>
      </file>
      <file name="subModels.js" path="C:\Users\quent\WebstormProjects\TrentoJOB\ours\app\models\subModels.js">
        <metrics statements="8" coveredstatements="8" conditionals="0" coveredconditionals="0" methods="0" coveredmethods="0"/>
        <line num="1" count="8" type="stmt"/>
        <line num="4" count="8" type="stmt"/>
        <line num="19" count="8" type="stmt"/>
        <line num="38" count="8" type="stmt"/>
        <line num="56" count="8" type="stmt"/>
        <line num="87" count="8" type="stmt"/>
        <line num="105" count="8" type="stmt"/>
        <line num="109" count="8" type="stmt"/>
      </file>
    </package>
    <package name="ours.test">
      <metrics statements="8" coveredstatements="8" conditionals="0" coveredconditionals="0" methods="2" coveredmethods="2"/>
      <file name="db.js" path="C:\Users\quent\WebstormProjects\TrentoJOB\ours\test\db.js">
        <metrics statements="8" coveredstatements="8" conditionals="0" coveredconditionals="0" methods="2" coveredmethods="2"/>
        <line num="1" count="7" type="stmt"/>
        <line num="2" count="7" type="stmt"/>
        <line num="7" count="7" type="stmt"/>
        <line num="8" count="7" type="stmt"/>
        <line num="9" count="7" type="stmt"/>
        <line num="13" count="7" type="stmt"/>
        <line num="14" count="7" type="stmt"/>
        <line num="17" count="7" type="stmt"/>
      </file>
    </package>
  </project>
</coverage>
