{"C:\\Users\\quent\\WebstormProjects\\TrentoJOB\\ours\\app.js": {"path":"C:\\Users\\quent\\WebstormProjects\\TrentoJOB\\ours\\app.js","statementMap":{"0":{"start":{"line":1,"column":16},"end":{"line":1,"column":34}},"1":{"start":{"line":2,"column":13},"end":{"line":2,"column":28}},"2":{"start":{"line":3,"column":13},"end":{"line":3,"column":28}},"3":{"start":{"line":4,"column":38},"end":{"line":4,"column":65}},"4":{"start":{"line":6,"column":12},"end":{"line":6,"column":21}},"5":{"start":{"line":9,"column":0},"end":{"line":9,"column":24}},"6":{"start":{"line":10,"column":0},"end":{"line":10,"column":48}},"7":{"start":{"line":13,"column":0},"end":{"line":13,"column":16}},"8":{"start":{"line":16,"column":17},"end":{"line":16,"column":105}},"9":{"start":{"line":17,"column":0},"end":{"line":17,"column":49}},"10":{"start":{"line":18,"column":0},"end":{"line":18,"column":39}},"11":{"start":{"line":21,"column":0},"end":{"line":21,"column":16}},"12":{"start":{"line":22,"column":0},"end":{"line":22,"column":27}},"13":{"start":{"line":25,"column":16},"end":{"line":25,"column":52}},"14":{"start":{"line":26,"column":20},"end":{"line":26,"column":60}},"15":{"start":{"line":27,"column":17},"end":{"line":27,"column":48}},"16":{"start":{"line":28,"column":16},"end":{"line":28,"column":46}},"17":{"start":{"line":29,"column":24},"end":{"line":29,"column":62}},"18":{"start":{"line":30,"column":17},"end":{"line":30,"column":48}},"19":{"start":{"line":31,"column":24},"end":{"line":31,"column":62}},"20":{"start":{"line":32,"column":16},"end":{"line":32,"column":46}},"21":{"start":{"line":33,"column":19},"end":{"line":33,"column":52}},"22":{"start":{"line":34,"column":24},"end":{"line":34,"column":62}},"23":{"start":{"line":36,"column":0},"end":{"line":36,"column":26}},"24":{"start":{"line":37,"column":0},"end":{"line":37,"column":34}},"25":{"start":{"line":38,"column":0},"end":{"line":38,"column":28}},"26":{"start":{"line":39,"column":0},"end":{"line":39,"column":26}},"27":{"start":{"line":40,"column":0},"end":{"line":40,"column":42}},"28":{"start":{"line":41,"column":0},"end":{"line":41,"column":28}},"29":{"start":{"line":42,"column":0},"end":{"line":42,"column":42}},"30":{"start":{"line":43,"column":0},"end":{"line":43,"column":26}},"31":{"start":{"line":44,"column":0},"end":{"line":44,"column":32}},"32":{"start":{"line":45,"column":0},"end":{"line":45,"column":42}},"33":{"start":{"line":48,"column":0},"end":{"line":50,"column":3}},"34":{"start":{"line":49,"column":4},"end":{"line":49,"column":49}},"35":{"start":{"line":52,"column":0},"end":{"line":52,"column":21}}},"fnMap":{"0":{"name":"(anonymous_0)","decl":{"start":{"line":48,"column":8},"end":{"line":48,"column":9}},"loc":{"start":{"line":48,"column":22},"end":{"line":50,"column":1}},"line":48}},"branchMap":{"0":{"loc":{"start":{"line":16,"column":17},"end":{"line":16,"column":105}},"type":"binary-expr","locations":[{"start":{"line":16,"column":17},"end":{"line":16,"column":37}},{"start":{"line":16,"column":41},"end":{"line":16,"column":105}}],"line":16}},"s":{"0":1,"1":1,"2":1,"3":1,"4":1,"5":1,"6":1,"7":1,"8":1,"9":1,"10":1,"11":1,"12":1,"13":1,"14":1,"15":1,"16":1,"17":1,"18":1,"19":1,"20":1,"21":1,"22":1,"23":1,"24":1,"25":1,"26":1,"27":1,"28":1,"29":1,"30":1,"31":1,"32":1,"33":1,"34":0,"35":1},"f":{"0":0},"b":{"0":[1,1]},"_coverageSchema":"1a1c01bbd47fc00a2c39e90264f33305004495a9","hash":"35ff9ee67599874e22b1a48b08630a2ced378358"}
,"C:\\Users\\quent\\WebstormProjects\\TrentoJOB\\ours\\app\\mailBody.js": {"path":"C:\\Users\\quent\\WebstormProjects\\TrentoJOB\\ours\\app\\mailBody.js","statementMap":{"0":{"start":{"line":1,"column":21},"end":{"line":75,"column":1}},"1":{"start":{"line":2,"column":4},"end":{"line":74,"column":12}},"2":{"start":{"line":77,"column":21},"end":{"line":152,"column":1}},"3":{"start":{"line":78,"column":4},"end":{"line":151,"column":12}},"4":{"start":{"line":154,"column":26},"end":{"line":220,"column":1}},"5":{"start":{"line":155,"column":4},"end":{"line":219,"column":13}},"6":{"start":{"line":222,"column":22},"end":{"line":297,"column":1}},"7":{"start":{"line":223,"column":4},"end":{"line":296,"column":13}},"8":{"start":{"line":299,"column":34},"end":{"line":362,"column":1}},"9":{"start":{"line":300,"column":4},"end":{"line":361,"column":13}},"10":{"start":{"line":366,"column":0},"end":{"line":372,"column":1}}},"fnMap":{"0":{"name":"(anonymous_0)","decl":{"start":{"line":1,"column":21},"end":{"line":1,"column":22}},"loc":{"start":{"line":1,"column":36},"end":{"line":75,"column":1}},"line":1},"1":{"name":"(anonymous_1)","decl":{"start":{"line":77,"column":21},"end":{"line":77,"column":22}},"loc":{"start":{"line":77,"column":36},"end":{"line":152,"column":1}},"line":77},"2":{"name":"(anonymous_2)","decl":{"start":{"line":154,"column":26},"end":{"line":154,"column":27}},"loc":{"start":{"line":154,"column":35},"end":{"line":220,"column":1}},"line":154},"3":{"name":"(anonymous_3)","decl":{"start":{"line":222,"column":22},"end":{"line":222,"column":23}},"loc":{"start":{"line":222,"column":37},"end":{"line":297,"column":1}},"line":222},"4":{"name":"(anonymous_4)","decl":{"start":{"line":299,"column":34},"end":{"line":299,"column":35}},"loc":{"start":{"line":299,"column":43},"end":{"line":362,"column":1}},"line":299}},"branchMap":{},"s":{"0":9,"1":2,"2":9,"3":1,"4":9,"5":0,"6":9,"7":0,"8":9,"9":0,"10":9},"f":{"0":2,"1":1,"2":0,"3":0,"4":0},"b":{},"_coverageSchema":"1a1c01bbd47fc00a2c39e90264f33305004495a9","hash":"132e2c7678cb64540ee3de96c68ceb03c00279aa"}
,"C:\\Users\\quent\\WebstormProjects\\TrentoJOB\\ours\\app\\middleware.js": {"path":"C:\\Users\\quent\\WebstormProjects\\TrentoJOB\\ours\\app\\middleware.js","statementMap":{"0":{"start":{"line":1,"column":17},"end":{"line":1,"column":40}},"1":{"start":{"line":2,"column":18},"end":{"line":2,"column":50}},"2":{"start":{"line":3,"column":15},"end":{"line":3,"column":44}},"3":{"start":{"line":4,"column":16},"end":{"line":4,"column":46}},"4":{"start":{"line":7,"column":15},"end":{"line":10,"column":1}},"5":{"start":{"line":8,"column":4},"end":{"line":8,"column":44}},"6":{"start":{"line":9,"column":4},"end":{"line":9,"column":11}},"7":{"start":{"line":13,"column":26},"end":{"line":40,"column":1}},"8":{"start":{"line":14,"column":23},"end":{"line":14,"column":51}},"9":{"start":{"line":15,"column":18},"end":{"line":15,"column":56}},"10":{"start":{"line":18,"column":4},"end":{"line":18,"column":30}},"11":{"start":{"line":18,"column":16},"end":{"line":18,"column":30}},"12":{"start":{"line":20,"column":4},"end":{"line":39,"column":7}},"13":{"start":{"line":21,"column":8},"end":{"line":21,"column":80}},"14":{"start":{"line":21,"column":24},"end":{"line":21,"column":80}},"15":{"start":{"line":24,"column":21},"end":{"line":24,"column":47}},"16":{"start":{"line":25,"column":8},"end":{"line":25,"column":81}},"17":{"start":{"line":25,"column":19},"end":{"line":25,"column":81}},"18":{"start":{"line":28,"column":24},"end":{"line":28,"column":39}},"19":{"start":{"line":29,"column":8},"end":{"line":29,"column":45}},"20":{"start":{"line":30,"column":8},"end":{"line":35,"column":11}},"21":{"start":{"line":31,"column":12},"end":{"line":31,"column":41}},"22":{"start":{"line":32,"column":12},"end":{"line":32,"column":43}},"23":{"start":{"line":33,"column":12},"end":{"line":33,"column":53}},"24":{"start":{"line":34,"column":12},"end":{"line":34,"column":24}},"25":{"start":{"line":37,"column":8},"end":{"line":37,"column":27}},"26":{"start":{"line":38,"column":8},"end":{"line":38,"column":15}},"27":{"start":{"line":43,"column":22},"end":{"line":48,"column":1}},"28":{"start":{"line":45,"column":4},"end":{"line":46,"column":22}},"29":{"start":{"line":46,"column":8},"end":{"line":46,"column":22}},"30":{"start":{"line":47,"column":4},"end":{"line":47,"column":61}},"31":{"start":{"line":50,"column":19},"end":{"line":54,"column":1}},"32":{"start":{"line":51,"column":4},"end":{"line":52,"column":72}},"33":{"start":{"line":52,"column":8},"end":{"line":52,"column":72}},"34":{"start":{"line":53,"column":4},"end":{"line":53,"column":11}},"35":{"start":{"line":56,"column":20},"end":{"line":68,"column":1}},"36":{"start":{"line":57,"column":4},"end":{"line":67,"column":5}},"37":{"start":{"line":58,"column":21},"end":{"line":58,"column":55}},"38":{"start":{"line":60,"column":8},"end":{"line":61,"column":76}},"39":{"start":{"line":61,"column":12},"end":{"line":61,"column":76}},"40":{"start":{"line":62,"column":8},"end":{"line":62,"column":15}},"41":{"start":{"line":65,"column":8},"end":{"line":65,"column":25}},"42":{"start":{"line":66,"column":8},"end":{"line":66,"column":65}},"43":{"start":{"line":70,"column":23},"end":{"line":84,"column":1}},"44":{"start":{"line":71,"column":4},"end":{"line":83,"column":5}},"45":{"start":{"line":72,"column":22},"end":{"line":72,"column":60}},"46":{"start":{"line":73,"column":8},"end":{"line":74,"column":66}},"47":{"start":{"line":74,"column":12},"end":{"line":74,"column":66}},"48":{"start":{"line":76,"column":8},"end":{"line":77,"column":26}},"49":{"start":{"line":76,"column":69},"end":{"line":76,"column":114}},"50":{"start":{"line":77,"column":12},"end":{"line":77,"column":26}},"51":{"start":{"line":79,"column":8},"end":{"line":79,"column":73}},"52":{"start":{"line":81,"column":8},"end":{"line":81,"column":25}},"53":{"start":{"line":82,"column":8},"end":{"line":82,"column":65}},"54":{"start":{"line":86,"column":18},"end":{"line":90,"column":1}},"55":{"start":{"line":86,"column":28},"end":{"line":90,"column":1}},"56":{"start":{"line":87,"column":4},"end":{"line":88,"column":72}},"57":{"start":{"line":88,"column":8},"end":{"line":88,"column":72}},"58":{"start":{"line":89,"column":4},"end":{"line":89,"column":11}},"59":{"start":{"line":92,"column":0},"end":{"line":100,"column":1}}},"fnMap":{"0":{"name":"(anonymous_0)","decl":{"start":{"line":7,"column":15},"end":{"line":7,"column":16}},"loc":{"start":{"line":7,"column":35},"end":{"line":10,"column":1}},"line":7},"1":{"name":"(anonymous_1)","decl":{"start":{"line":13,"column":26},"end":{"line":13,"column":27}},"loc":{"start":{"line":13,"column":46},"end":{"line":40,"column":1}},"line":13},"2":{"name":"(anonymous_2)","decl":{"start":{"line":20,"column":48},"end":{"line":20,"column":49}},"loc":{"start":{"line":20,"column":67},"end":{"line":39,"column":5}},"line":20},"3":{"name":"(anonymous_3)","decl":{"start":{"line":30,"column":42},"end":{"line":30,"column":43}},"loc":{"start":{"line":30,"column":50},"end":{"line":35,"column":9}},"line":30},"4":{"name":"(anonymous_4)","decl":{"start":{"line":43,"column":22},"end":{"line":43,"column":23}},"loc":{"start":{"line":43,"column":42},"end":{"line":48,"column":1}},"line":43},"5":{"name":"(anonymous_5)","decl":{"start":{"line":50,"column":19},"end":{"line":50,"column":20}},"loc":{"start":{"line":50,"column":45},"end":{"line":54,"column":1}},"line":50},"6":{"name":"(anonymous_6)","decl":{"start":{"line":56,"column":20},"end":{"line":56,"column":21}},"loc":{"start":{"line":56,"column":46},"end":{"line":68,"column":1}},"line":56},"7":{"name":"(anonymous_7)","decl":{"start":{"line":70,"column":23},"end":{"line":70,"column":24}},"loc":{"start":{"line":70,"column":49},"end":{"line":84,"column":1}},"line":70},"8":{"name":"(anonymous_8)","decl":{"start":{"line":76,"column":61},"end":{"line":76,"column":62}},"loc":{"start":{"line":76,"column":69},"end":{"line":76,"column":114}},"line":76},"9":{"name":"(anonymous_9)","decl":{"start":{"line":86,"column":18},"end":{"line":86,"column":19}},"loc":{"start":{"line":86,"column":28},"end":{"line":90,"column":1}},"line":86},"10":{"name":"(anonymous_10)","decl":{"start":{"line":86,"column":28},"end":{"line":86,"column":29}},"loc":{"start":{"line":86,"column":48},"end":{"line":90,"column":1}},"line":86}},"branchMap":{"0":{"loc":{"start":{"line":15,"column":18},"end":{"line":15,"column":56}},"type":"binary-expr","locations":[{"start":{"line":15,"column":18},"end":{"line":15,"column":28}},{"start":{"line":15,"column":32},"end":{"line":15,"column":56}}],"line":15},"1":{"loc":{"start":{"line":18,"column":4},"end":{"line":18,"column":30}},"type":"if","locations":[{"start":{"line":18,"column":4},"end":{"line":18,"column":30}},{"start":{},"end":{}}],"line":18},"2":{"loc":{"start":{"line":21,"column":8},"end":{"line":21,"column":80}},"type":"if","locations":[{"start":{"line":21,"column":8},"end":{"line":21,"column":80}},{"start":{},"end":{}}],"line":21},"3":{"loc":{"start":{"line":21,"column":12},"end":{"line":21,"column":22}},"type":"binary-expr","locations":[{"start":{"line":21,"column":12},"end":{"line":21,"column":15}},{"start":{"line":21,"column":19},"end":{"line":21,"column":22}}],"line":21},"4":{"loc":{"start":{"line":25,"column":8},"end":{"line":25,"column":81}},"type":"if","locations":[{"start":{"line":25,"column":8},"end":{"line":25,"column":81}},{"start":{},"end":{}}],"line":25},"5":{"loc":{"start":{"line":45,"column":4},"end":{"line":46,"column":22}},"type":"if","locations":[{"start":{"line":45,"column":4},"end":{"line":46,"column":22}},{"start":{},"end":{}}],"line":45},"6":{"loc":{"start":{"line":45,"column":8},"end":{"line":45,"column":97}},"type":"binary-expr","locations":[{"start":{"line":45,"column":8},"end":{"line":45,"column":16}},{"start":{"line":45,"column":21},"end":{"line":45,"column":46}},{"start":{"line":45,"column":50},"end":{"line":45,"column":96}}],"line":45},"7":{"loc":{"start":{"line":51,"column":4},"end":{"line":52,"column":72}},"type":"if","locations":[{"start":{"line":51,"column":4},"end":{"line":52,"column":72}},{"start":{},"end":{}}],"line":51},"8":{"loc":{"start":{"line":60,"column":8},"end":{"line":61,"column":76}},"type":"if","locations":[{"start":{"line":60,"column":8},"end":{"line":61,"column":76}},{"start":{},"end":{}}],"line":60},"9":{"loc":{"start":{"line":60,"column":12},"end":{"line":60,"column":135}},"type":"binary-expr","locations":[{"start":{"line":60,"column":12},"end":{"line":60,"column":17}},{"start":{"line":60,"column":22},"end":{"line":60,"column":76}},{"start":{"line":60,"column":80},"end":{"line":60,"column":134}}],"line":60},"10":{"loc":{"start":{"line":73,"column":8},"end":{"line":74,"column":66}},"type":"if","locations":[{"start":{"line":73,"column":8},"end":{"line":74,"column":66}},{"start":{},"end":{}}],"line":73},"11":{"loc":{"start":{"line":76,"column":8},"end":{"line":77,"column":26}},"type":"if","locations":[{"start":{"line":76,"column":8},"end":{"line":77,"column":26}},{"start":{},"end":{}}],"line":76},"12":{"loc":{"start":{"line":76,"column":12},"end":{"line":76,"column":115}},"type":"binary-expr","locations":[{"start":{"line":76,"column":12},"end":{"line":76,"column":37}},{"start":{"line":76,"column":41},"end":{"line":76,"column":115}}],"line":76},"13":{"loc":{"start":{"line":87,"column":4},"end":{"line":88,"column":72}},"type":"if","locations":[{"start":{"line":87,"column":4},"end":{"line":88,"column":72}},{"start":{},"end":{}}],"line":87},"14":{"loc":{"start":{"line":87,"column":8},"end":{"line":87,"column":43}},"type":"binary-expr","locations":[{"start":{"line":87,"column":8},"end":{"line":87,"column":17}},{"start":{"line":87,"column":21},"end":{"line":87,"column":43}}],"line":87}},"s":{"0":9,"1":9,"2":9,"3":9,"4":9,"5":0,"6":0,"7":9,"8":61,"9":61,"10":61,"11":30,"12":31,"13":31,"14":0,"15":31,"16":31,"17":0,"18":31,"19":31,"20":31,"21":6,"22":6,"23":6,"24":6,"25":31,"26":31,"27":9,"28":9,"29":8,"30":1,"31":9,"32":16,"33":2,"34":14,"35":9,"36":4,"37":4,"38":4,"39":0,"40":4,"41":0,"42":0,"43":9,"44":1,"45":1,"46":1,"47":0,"48":1,"49":1,"50":1,"51":0,"52":0,"53":0,"54":9,"55":2,"56":4,"57":1,"58":3,"59":9},"f":{"0":0,"1":61,"2":31,"3":6,"4":9,"5":16,"6":4,"7":1,"8":1,"9":2,"10":4},"b":{"0":[61,31],"1":[30,31],"2":[0,31],"3":[31,31],"4":[0,31],"5":[8,1],"6":[9,8,2],"7":[2,14],"8":[0,4],"9":[4,4,0],"10":[0,1],"11":[1,0],"12":[1,1],"13":[1,3],"14":[4,3]},"_coverageSchema":"1a1c01bbd47fc00a2c39e90264f33305004495a9","hash":"edb866812da7bee8e2ae5b8ffb8993116543a123"}
,"C:\\Users\\quent\\WebstormProjects\\TrentoJOB\\ours\\app\\nodeMail.js": {"path":"C:\\Users\\quent\\WebstormProjects\\TrentoJOB\\ours\\app\\nodeMail.js","statementMap":{"0":{"start":{"line":1,"column":19},"end":{"line":1,"column":40}},"1":{"start":{"line":3,"column":20},"end":{"line":9,"column":2}},"2":{"start":{"line":11,"column":0},"end":{"line":17,"column":2}},"3":{"start":{"line":12,"column":4},"end":{"line":16,"column":38}},"4":{"start":{"line":16,"column":20},"end":{"line":16,"column":36}}},"fnMap":{"0":{"name":"(anonymous_0)","decl":{"start":{"line":11,"column":24},"end":{"line":11,"column":25}},"loc":{"start":{"line":11,"column":47},"end":{"line":17,"column":1}},"line":11},"1":{"name":"(anonymous_1)","decl":{"start":{"line":16,"column":13},"end":{"line":16,"column":14}},"loc":{"start":{"line":16,"column":20},"end":{"line":16,"column":36}},"line":16}},"branchMap":{},"s":{"0":9,"1":9,"2":9,"3":3,"4":0},"f":{"0":3,"1":0},"b":{},"_coverageSchema":"1a1c01bbd47fc00a2c39e90264f33305004495a9","hash":"0a3466cdd7f912e18cdd73c698e35dbd142b5698"}
,"C:\\Users\\quent\\WebstormProjects\\TrentoJOB\\ours\\app\\utils.js": {"path":"C:\\Users\\quent\\WebstormProjects\\TrentoJOB\\ours\\app\\utils.js","statementMap":{"0":{"start":{"line":1,"column":45},"end":{"line":1,"column":77}},"1":{"start":{"line":2,"column":16},"end":{"line":2,"column":46}},"2":{"start":{"line":3,"column":23},"end":{"line":3,"column":60}},"3":{"start":{"line":4,"column":15},"end":{"line":4,"column":32}},"4":{"start":{"line":5,"column":13},"end":{"line":5,"column":34}},"5":{"start":{"line":6,"column":23},"end":{"line":6,"column":44}},"6":{"start":{"line":7,"column":15},"end":{"line":7,"column":38}},"7":{"start":{"line":10,"column":17},"end":{"line":33,"column":1}},"8":{"start":{"line":11,"column":4},"end":{"line":32,"column":5}},"9":{"start":{"line":13,"column":28},"end":{"line":13,"column":76}},"10":{"start":{"line":14,"column":8},"end":{"line":15,"column":77}},"11":{"start":{"line":15,"column":12},"end":{"line":15,"column":77}},"12":{"start":{"line":18,"column":8},"end":{"line":18,"column":62}},"13":{"start":{"line":19,"column":19},"end":{"line":19,"column":38}},"14":{"start":{"line":20,"column":8},"end":{"line":20,"column":25}},"15":{"start":{"line":22,"column":26},"end":{"line":22,"column":43}},"16":{"start":{"line":23,"column":8},"end":{"line":23,"column":54}},"17":{"start":{"line":26,"column":28},"end":{"line":26,"column":129}},"18":{"start":{"line":27,"column":20},"end":{"line":27,"column":78}},"19":{"start":{"line":28,"column":21},"end":{"line":28,"column":58}},"20":{"start":{"line":29,"column":8},"end":{"line":29,"column":57}},"21":{"start":{"line":31,"column":8},"end":{"line":31,"column":67}},"22":{"start":{"line":35,"column":20},"end":{"line":56,"column":1}},"23":{"start":{"line":36,"column":4},"end":{"line":55,"column":5}},"24":{"start":{"line":38,"column":8},"end":{"line":39,"column":35}},"25":{"start":{"line":39,"column":12},"end":{"line":39,"column":35}},"26":{"start":{"line":42,"column":23},"end":{"line":42,"column":42}},"27":{"start":{"line":43,"column":8},"end":{"line":47,"column":10}},"28":{"start":{"line":50,"column":31},"end":{"line":50,"column":52}},"29":{"start":{"line":51,"column":8},"end":{"line":51,"column":66}},"30":{"start":{"line":53,"column":8},"end":{"line":53,"column":24}},"31":{"start":{"line":54,"column":8},"end":{"line":54,"column":67}},"32":{"start":{"line":58,"column":15},"end":{"line":144,"column":1}},"33":{"start":{"line":59,"column":19},"end":{"line":59,"column":234}},"34":{"start":{"line":60,"column":4},"end":{"line":143,"column":5}},"35":{"start":{"line":61,"column":20},"end":{"line":61,"column":36}},"36":{"start":{"line":62,"column":19},"end":{"line":62,"column":21}},"37":{"start":{"line":64,"column":8},"end":{"line":72,"column":9}},"38":{"start":{"line":65,"column":31},"end":{"line":65,"column":59}},"39":{"start":{"line":66,"column":12},"end":{"line":66,"column":31}},"40":{"start":{"line":68,"column":12},"end":{"line":71,"column":44}},"41":{"start":{"line":69,"column":16},"end":{"line":69,"column":41}},"42":{"start":{"line":70,"column":17},"end":{"line":71,"column":44}},"43":{"start":{"line":71,"column":16},"end":{"line":71,"column":44}},"44":{"start":{"line":74,"column":8},"end":{"line":75,"column":56}},"45":{"start":{"line":75,"column":12},"end":{"line":75,"column":56}},"46":{"start":{"line":77,"column":8},"end":{"line":108,"column":9}},"47":{"start":{"line":78,"column":12},"end":{"line":79,"column":92}},"48":{"start":{"line":79,"column":16},"end":{"line":79,"column":92}},"49":{"start":{"line":81,"column":12},"end":{"line":107,"column":13}},"50":{"start":{"line":82,"column":16},"end":{"line":83,"column":54}},"51":{"start":{"line":83,"column":20},"end":{"line":83,"column":54}},"52":{"start":{"line":85,"column":16},"end":{"line":105,"column":17}},"53":{"start":{"line":86,"column":55},"end":{"line":86,"column":83}},"54":{"start":{"line":89,"column":46},"end":{"line":92,"column":21}},"55":{"start":{"line":90,"column":51},"end":{"line":90,"column":69}},"56":{"start":{"line":91,"column":24},"end":{"line":91,"column":57}},"57":{"start":{"line":94,"column":38},"end":{"line":94,"column":79}},"58":{"start":{"line":95,"column":36},"end":{"line":95,"column":75}},"59":{"start":{"line":96,"column":20},"end":{"line":96,"column":43}},"60":{"start":{"line":98,"column":20},"end":{"line":100,"column":21}},"61":{"start":{"line":99,"column":24},"end":{"line":99,"column":63}},"62":{"start":{"line":102,"column":20},"end":{"line":104,"column":21}},"63":{"start":{"line":103,"column":24},"end":{"line":103,"column":60}},"64":{"start":{"line":110,"column":8},"end":{"line":129,"column":9}},"65":{"start":{"line":111,"column":12},"end":{"line":111,"column":35}},"66":{"start":{"line":113,"column":12},"end":{"line":125,"column":13}},"67":{"start":{"line":114,"column":16},"end":{"line":114,"column":36}},"68":{"start":{"line":116,"column":16},"end":{"line":119,"column":17}},"69":{"start":{"line":117,"column":20},"end":{"line":117,"column":106}},"70":{"start":{"line":118,"column":20},"end":{"line":118,"column":40}},"71":{"start":{"line":121,"column":16},"end":{"line":124,"column":17}},"72":{"start":{"line":122,"column":20},"end":{"line":122,"column":106}},"73":{"start":{"line":123,"column":20},"end":{"line":123,"column":40}},"74":{"start":{"line":126,"column":15},"end":{"line":129,"column":9}},"75":{"start":{"line":127,"column":12},"end":{"line":127,"column":35}},"76":{"start":{"line":128,"column":12},"end":{"line":128,"column":34}},"77":{"start":{"line":131,"column":8},"end":{"line":135,"column":9}},"78":{"start":{"line":132,"column":26},"end":{"line":132,"column":53}},"79":{"start":{"line":133,"column":12},"end":{"line":133,"column":58}},"80":{"start":{"line":134,"column":12},"end":{"line":134,"column":32}},"81":{"start":{"line":138,"column":23},"end":{"line":138,"column":72}},"82":{"start":{"line":140,"column":8},"end":{"line":140,"column":37}},"83":{"start":{"line":142,"column":8},"end":{"line":142,"column":67}},"84":{"start":{"line":146,"column":19},"end":{"line":168,"column":1}},"85":{"start":{"line":147,"column":17},"end":{"line":147,"column":74}},"86":{"start":{"line":148,"column":4},"end":{"line":167,"column":5}},"87":{"start":{"line":149,"column":8},"end":{"line":152,"column":32}},"88":{"start":{"line":152,"column":12},"end":{"line":152,"column":32}},"89":{"start":{"line":154,"column":23},"end":{"line":154,"column":73}},"90":{"start":{"line":156,"column":8},"end":{"line":164,"column":9}},"91":{"start":{"line":157,"column":12},"end":{"line":160,"column":13}},"92":{"start":{"line":159,"column":16},"end":{"line":159,"column":104}},"93":{"start":{"line":159,"column":59},"end":{"line":159,"column":102}},"94":{"start":{"line":161,"column":12},"end":{"line":161,"column":41}},"95":{"start":{"line":163,"column":12},"end":{"line":163,"column":57}},"96":{"start":{"line":166,"column":8},"end":{"line":166,"column":67}},"97":{"start":{"line":170,"column":19},"end":{"line":221,"column":1}},"98":{"start":{"line":171,"column":4},"end":{"line":220,"column":5}},"99":{"start":{"line":172,"column":23},"end":{"line":172,"column":58}},"100":{"start":{"line":173,"column":8},"end":{"line":174,"column":66}},"101":{"start":{"line":174,"column":12},"end":{"line":174,"column":66}},"102":{"start":{"line":176,"column":8},"end":{"line":216,"column":9}},"103":{"start":{"line":177,"column":12},"end":{"line":205,"column":13}},"104":{"start":{"line":178,"column":16},"end":{"line":179,"column":82}},"105":{"start":{"line":179,"column":20},"end":{"line":179,"column":82}},"106":{"start":{"line":181,"column":16},"end":{"line":182,"column":79}},"107":{"start":{"line":181,"column":60},"end":{"line":181,"column":91}},"108":{"start":{"line":182,"column":20},"end":{"line":182,"column":79}},"109":{"start":{"line":184,"column":16},"end":{"line":184,"column":113}},"110":{"start":{"line":185,"column":16},"end":{"line":185,"column":36}},"111":{"start":{"line":186,"column":16},"end":{"line":186,"column":67}},"112":{"start":{"line":187,"column":19},"end":{"line":205,"column":13}},"113":{"start":{"line":188,"column":16},"end":{"line":189,"column":75}},"114":{"start":{"line":188,"column":61},"end":{"line":188,"column":92}},"115":{"start":{"line":189,"column":20},"end":{"line":189,"column":75}},"116":{"start":{"line":191,"column":16},"end":{"line":191,"column":113}},"117":{"start":{"line":191,"column":80},"end":{"line":191,"column":111}},"118":{"start":{"line":192,"column":16},"end":{"line":192,"column":36}},"119":{"start":{"line":193,"column":16},"end":{"line":193,"column":65}},"120":{"start":{"line":196,"column":16},"end":{"line":197,"column":84}},"121":{"start":{"line":197,"column":20},"end":{"line":197,"column":84}},"122":{"start":{"line":199,"column":16},"end":{"line":201,"column":17}},"123":{"start":{"line":200,"column":20},"end":{"line":200,"column":48}},"124":{"start":{"line":203,"column":16},"end":{"line":203,"column":36}},"125":{"start":{"line":204,"column":16},"end":{"line":204,"column":68}},"126":{"start":{"line":207,"column":15},"end":{"line":216,"column":9}},"127":{"start":{"line":208,"column":12},"end":{"line":212,"column":13}},"128":{"start":{"line":209,"column":16},"end":{"line":211,"column":17}},"129":{"start":{"line":210,"column":20},"end":{"line":210,"column":48}},"130":{"start":{"line":214,"column":12},"end":{"line":214,"column":32}},"131":{"start":{"line":215,"column":12},"end":{"line":215,"column":80}},"132":{"start":{"line":218,"column":8},"end":{"line":218,"column":25}},"133":{"start":{"line":219,"column":8},"end":{"line":219,"column":81}},"134":{"start":{"line":224,"column":14},"end":{"line":235,"column":1}},"135":{"start":{"line":225,"column":4},"end":{"line":234,"column":5}},"136":{"start":{"line":226,"column":23},"end":{"line":226,"column":67}},"137":{"start":{"line":227,"column":8},"end":{"line":231,"column":9}},"138":{"start":{"line":228,"column":12},"end":{"line":228,"column":41}},"139":{"start":{"line":230,"column":12},"end":{"line":230,"column":57}},"140":{"start":{"line":233,"column":8},"end":{"line":233,"column":67}},"141":{"start":{"line":239,"column":0},"end":{"line":246,"column":2}}},"fnMap":{"0":{"name":"(anonymous_0)","decl":{"start":{"line":10,"column":17},"end":{"line":10,"column":18}},"loc":{"start":{"line":10,"column":50},"end":{"line":33,"column":1}},"line":10},"1":{"name":"(anonymous_1)","decl":{"start":{"line":35,"column":20},"end":{"line":35,"column":21}},"loc":{"start":{"line":35,"column":47},"end":{"line":56,"column":1}},"line":35},"2":{"name":"(anonymous_2)","decl":{"start":{"line":58,"column":15},"end":{"line":58,"column":16}},"loc":{"start":{"line":58,"column":42},"end":{"line":144,"column":1}},"line":58},"3":{"name":"(anonymous_3)","decl":{"start":{"line":89,"column":46},"end":{"line":89,"column":47}},"loc":{"start":{"line":89,"column":59},"end":{"line":92,"column":21}},"line":89},"4":{"name":"(anonymous_4)","decl":{"start":{"line":146,"column":19},"end":{"line":146,"column":20}},"loc":{"start":{"line":146,"column":46},"end":{"line":168,"column":1}},"line":146},"5":{"name":"(anonymous_5)","decl":{"start":{"line":159,"column":49},"end":{"line":159,"column":50}},"loc":{"start":{"line":159,"column":59},"end":{"line":159,"column":102}},"line":159},"6":{"name":"(anonymous_6)","decl":{"start":{"line":170,"column":19},"end":{"line":170,"column":20}},"loc":{"start":{"line":170,"column":46},"end":{"line":221,"column":1}},"line":170},"7":{"name":"(anonymous_7)","decl":{"start":{"line":181,"column":45},"end":{"line":181,"column":46}},"loc":{"start":{"line":181,"column":60},"end":{"line":181,"column":91}},"line":181},"8":{"name":"(anonymous_8)","decl":{"start":{"line":188,"column":46},"end":{"line":188,"column":47}},"loc":{"start":{"line":188,"column":61},"end":{"line":188,"column":92}},"line":188},"9":{"name":"(anonymous_9)","decl":{"start":{"line":191,"column":65},"end":{"line":191,"column":66}},"loc":{"start":{"line":191,"column":80},"end":{"line":191,"column":111}},"line":191},"10":{"name":"(anonymous_10)","decl":{"start":{"line":224,"column":14},"end":{"line":224,"column":15}},"loc":{"start":{"line":224,"column":41},"end":{"line":235,"column":1}},"line":224}},"branchMap":{"0":{"loc":{"start":{"line":14,"column":8},"end":{"line":15,"column":77}},"type":"if","locations":[{"start":{"line":14,"column":8},"end":{"line":15,"column":77}},{"start":{},"end":{}}],"line":14},"1":{"loc":{"start":{"line":38,"column":8},"end":{"line":39,"column":35}},"type":"if","locations":[{"start":{"line":38,"column":8},"end":{"line":39,"column":35}},{"start":{},"end":{}}],"line":38},"2":{"loc":{"start":{"line":64,"column":8},"end":{"line":72,"column":9}},"type":"if","locations":[{"start":{"line":64,"column":8},"end":{"line":72,"column":9}},{"start":{},"end":{}}],"line":64},"3":{"loc":{"start":{"line":68,"column":12},"end":{"line":71,"column":44}},"type":"if","locations":[{"start":{"line":68,"column":12},"end":{"line":71,"column":44}},{"start":{"line":70,"column":17},"end":{"line":71,"column":44}}],"line":68},"4":{"loc":{"start":{"line":68,"column":16},"end":{"line":68,"column":57}},"type":"binary-expr","locations":[{"start":{"line":68,"column":16},"end":{"line":68,"column":31}},{"start":{"line":68,"column":35},"end":{"line":68,"column":57}}],"line":68},"5":{"loc":{"start":{"line":70,"column":17},"end":{"line":71,"column":44}},"type":"if","locations":[{"start":{"line":70,"column":17},"end":{"line":71,"column":44}},{"start":{},"end":{}}],"line":70},"6":{"loc":{"start":{"line":70,"column":21},"end":{"line":70,"column":61}},"type":"binary-expr","locations":[{"start":{"line":70,"column":21},"end":{"line":70,"column":35}},{"start":{"line":70,"column":39},"end":{"line":70,"column":61}}],"line":70},"7":{"loc":{"start":{"line":74,"column":8},"end":{"line":75,"column":56}},"type":"if","locations":[{"start":{"line":74,"column":8},"end":{"line":75,"column":56}},{"start":{},"end":{}}],"line":74},"8":{"loc":{"start":{"line":77,"column":8},"end":{"line":108,"column":9}},"type":"if","locations":[{"start":{"line":77,"column":8},"end":{"line":108,"column":9}},{"start":{},"end":{}}],"line":77},"9":{"loc":{"start":{"line":77,"column":12},"end":{"line":77,"column":53}},"type":"binary-expr","locations":[{"start":{"line":77,"column":12},"end":{"line":77,"column":27}},{"start":{"line":77,"column":31},"end":{"line":77,"column":53}}],"line":77},"10":{"loc":{"start":{"line":78,"column":12},"end":{"line":79,"column":92}},"type":"if","locations":[{"start":{"line":78,"column":12},"end":{"line":79,"column":92}},{"start":{},"end":{}}],"line":78},"11":{"loc":{"start":{"line":81,"column":12},"end":{"line":107,"column":13}},"type":"if","locations":[{"start":{"line":81,"column":12},"end":{"line":107,"column":13}},{"start":{"line":84,"column":19},"end":{"line":107,"column":13}}],"line":81},"12":{"loc":{"start":{"line":82,"column":16},"end":{"line":83,"column":54}},"type":"if","locations":[{"start":{"line":82,"column":16},"end":{"line":83,"column":54}},{"start":{},"end":{}}],"line":82},"13":{"loc":{"start":{"line":85,"column":16},"end":{"line":105,"column":17}},"type":"if","locations":[{"start":{"line":85,"column":16},"end":{"line":105,"column":17}},{"start":{},"end":{}}],"line":85},"14":{"loc":{"start":{"line":98,"column":20},"end":{"line":100,"column":21}},"type":"if","locations":[{"start":{"line":98,"column":20},"end":{"line":100,"column":21}},{"start":{},"end":{}}],"line":98},"15":{"loc":{"start":{"line":102,"column":20},"end":{"line":104,"column":21}},"type":"if","locations":[{"start":{"line":102,"column":20},"end":{"line":104,"column":21}},{"start":{},"end":{}}],"line":102},"16":{"loc":{"start":{"line":110,"column":8},"end":{"line":129,"column":9}},"type":"if","locations":[{"start":{"line":110,"column":8},"end":{"line":129,"column":9}},{"start":{"line":126,"column":15},"end":{"line":129,"column":9}}],"line":110},"17":{"loc":{"start":{"line":113,"column":12},"end":{"line":125,"column":13}},"type":"if","locations":[{"start":{"line":113,"column":12},"end":{"line":125,"column":13}},{"start":{},"end":{}}],"line":113},"18":{"loc":{"start":{"line":113,"column":16},"end":{"line":113,"column":44}},"type":"binary-expr","locations":[{"start":{"line":113,"column":16},"end":{"line":113,"column":28}},{"start":{"line":113,"column":32},"end":{"line":113,"column":44}}],"line":113},"19":{"loc":{"start":{"line":116,"column":16},"end":{"line":119,"column":17}},"type":"if","locations":[{"start":{"line":116,"column":16},"end":{"line":119,"column":17}},{"start":{},"end":{}}],"line":116},"20":{"loc":{"start":{"line":121,"column":16},"end":{"line":124,"column":17}},"type":"if","locations":[{"start":{"line":121,"column":16},"end":{"line":124,"column":17}},{"start":{},"end":{}}],"line":121},"21":{"loc":{"start":{"line":126,"column":15},"end":{"line":129,"column":9}},"type":"if","locations":[{"start":{"line":126,"column":15},"end":{"line":129,"column":9}},{"start":{},"end":{}}],"line":126},"22":{"loc":{"start":{"line":131,"column":8},"end":{"line":135,"column":9}},"type":"if","locations":[{"start":{"line":131,"column":8},"end":{"line":135,"column":9}},{"start":{},"end":{}}],"line":131},"23":{"loc":{"start":{"line":133,"column":29},"end":{"line":133,"column":57}},"type":"cond-expr","locations":[{"start":{"line":133,"column":51},"end":{"line":133,"column":53}},{"start":{"line":133,"column":56},"end":{"line":133,"column":57}}],"line":133},"24":{"loc":{"start":{"line":149,"column":8},"end":{"line":152,"column":32}},"type":"if","locations":[{"start":{"line":149,"column":8},"end":{"line":152,"column":32}},{"start":{},"end":{}}],"line":149},"25":{"loc":{"start":{"line":149,"column":12},"end":{"line":151,"column":50}},"type":"binary-expr","locations":[{"start":{"line":149,"column":12},"end":{"line":149,"column":21}},{"start":{"line":150,"column":16},"end":{"line":150,"column":41}},{"start":{"line":151,"column":19},"end":{"line":151,"column":49}}],"line":149},"26":{"loc":{"start":{"line":156,"column":8},"end":{"line":164,"column":9}},"type":"if","locations":[{"start":{"line":156,"column":8},"end":{"line":164,"column":9}},{"start":{"line":162,"column":15},"end":{"line":164,"column":9}}],"line":156},"27":{"loc":{"start":{"line":157,"column":12},"end":{"line":160,"column":13}},"type":"if","locations":[{"start":{"line":157,"column":12},"end":{"line":160,"column":13}},{"start":{},"end":{}}],"line":157},"28":{"loc":{"start":{"line":157,"column":16},"end":{"line":157,"column":59}},"type":"binary-expr","locations":[{"start":{"line":157,"column":16},"end":{"line":157,"column":43}},{"start":{"line":157,"column":47},"end":{"line":157,"column":59}}],"line":157},"29":{"loc":{"start":{"line":173,"column":8},"end":{"line":174,"column":66}},"type":"if","locations":[{"start":{"line":173,"column":8},"end":{"line":174,"column":66}},{"start":{},"end":{}}],"line":173},"30":{"loc":{"start":{"line":176,"column":8},"end":{"line":216,"column":9}},"type":"if","locations":[{"start":{"line":176,"column":8},"end":{"line":216,"column":9}},{"start":{"line":207,"column":15},"end":{"line":216,"column":9}}],"line":176},"31":{"loc":{"start":{"line":176,"column":12},"end":{"line":176,"column":53}},"type":"binary-expr","locations":[{"start":{"line":176,"column":12},"end":{"line":176,"column":27}},{"start":{"line":176,"column":31},"end":{"line":176,"column":53}}],"line":176},"32":{"loc":{"start":{"line":177,"column":12},"end":{"line":205,"column":13}},"type":"if","locations":[{"start":{"line":177,"column":12},"end":{"line":205,"column":13}},{"start":{"line":187,"column":19},"end":{"line":205,"column":13}}],"line":177},"33":{"loc":{"start":{"line":178,"column":16},"end":{"line":179,"column":82}},"type":"if","locations":[{"start":{"line":178,"column":16},"end":{"line":179,"column":82}},{"start":{},"end":{}}],"line":178},"34":{"loc":{"start":{"line":181,"column":16},"end":{"line":182,"column":79}},"type":"if","locations":[{"start":{"line":181,"column":16},"end":{"line":182,"column":79}},{"start":{},"end":{}}],"line":181},"35":{"loc":{"start":{"line":187,"column":19},"end":{"line":205,"column":13}},"type":"if","locations":[{"start":{"line":187,"column":19},"end":{"line":205,"column":13}},{"start":{"line":194,"column":19},"end":{"line":205,"column":13}}],"line":187},"36":{"loc":{"start":{"line":188,"column":16},"end":{"line":189,"column":75}},"type":"if","locations":[{"start":{"line":188,"column":16},"end":{"line":189,"column":75}},{"start":{},"end":{}}],"line":188},"37":{"loc":{"start":{"line":196,"column":16},"end":{"line":197,"column":84}},"type":"if","locations":[{"start":{"line":196,"column":16},"end":{"line":197,"column":84}},{"start":{},"end":{}}],"line":196},"38":{"loc":{"start":{"line":196,"column":20},"end":{"line":196,"column":81}},"type":"binary-expr","locations":[{"start":{"line":196,"column":20},"end":{"line":196,"column":45}},{"start":{"line":196,"column":49},"end":{"line":196,"column":81}}],"line":196},"39":{"loc":{"start":{"line":207,"column":15},"end":{"line":216,"column":9}},"type":"if","locations":[{"start":{"line":207,"column":15},"end":{"line":216,"column":9}},{"start":{},"end":{}}],"line":207},"40":{"loc":{"start":{"line":207,"column":19},"end":{"line":207,"column":78}},"type":"binary-expr","locations":[{"start":{"line":207,"column":19},"end":{"line":207,"column":33}},{"start":{"line":207,"column":37},"end":{"line":207,"column":59}},{"start":{"line":207,"column":63},"end":{"line":207,"column":78}}],"line":207},"41":{"loc":{"start":{"line":209,"column":16},"end":{"line":211,"column":17}},"type":"if","locations":[{"start":{"line":209,"column":16},"end":{"line":211,"column":17}},{"start":{},"end":{}}],"line":209},"42":{"loc":{"start":{"line":227,"column":8},"end":{"line":231,"column":9}},"type":"if","locations":[{"start":{"line":227,"column":8},"end":{"line":231,"column":9}},{"start":{"line":229,"column":15},"end":{"line":231,"column":9}}],"line":227}},"s":{"0":6,"1":6,"2":6,"3":6,"4":6,"5":6,"6":6,"7":6,"8":4,"9":4,"10":4,"11":2,"12":2,"13":2,"14":2,"15":2,"16":2,"17":2,"18":2,"19":2,"20":2,"21":0,"22":6,"23":3,"24":3,"25":0,"26":3,"27":3,"28":3,"29":3,"30":0,"31":0,"32":6,"33":5,"34":5,"35":5,"36":5,"37":5,"38":0,"39":0,"40":0,"41":0,"42":0,"43":0,"44":5,"45":0,"46":5,"47":2,"48":0,"49":2,"50":1,"51":0,"52":1,"53":0,"54":0,"55":0,"56":0,"57":0,"58":0,"59":0,"60":0,"61":0,"62":0,"63":0,"64":5,"65":1,"66":1,"67":0,"68":0,"69":0,"70":0,"71":0,"72":0,"73":0,"74":4,"75":1,"76":1,"77":5,"78":0,"79":0,"80":0,"81":5,"82":5,"83":0,"84":6,"85":5,"86":5,"87":5,"88":4,"89":5,"90":5,"91":5,"92":1,"93":0,"94":5,"95":0,"96":0,"97":6,"98":2,"99":2,"100":2,"101":0,"102":2,"103":0,"104":0,"105":0,"106":0,"107":0,"108":0,"109":0,"110":0,"111":0,"112":0,"113":0,"114":0,"115":0,"116":0,"117":0,"118":0,"119":0,"120":0,"121":0,"122":0,"123":0,"124":0,"125":0,"126":2,"127":2,"128":2,"129":2,"130":2,"131":2,"132":0,"133":0,"134":6,"135":5,"136":5,"137":5,"138":5,"139":0,"140":0,"141":6},"f":{"0":4,"1":3,"2":5,"3":0,"4":5,"5":0,"6":2,"7":0,"8":0,"9":0,"10":5},"b":{"0":[2,2],"1":[0,3],"2":[0,5],"3":[0,0],"4":[0,0],"5":[0,0],"6":[0,0],"7":[0,5],"8":[2,3],"9":[5,4],"10":[0,2],"11":[1,1],"12":[0,1],"13":[0,1],"14":[0,0],"15":[0,0],"16":[1,4],"17":[0,1],"18":[1,1],"19":[0,0],"20":[0,0],"21":[1,3],"22":[0,5],"23":[0,0],"24":[4,1],"25":[5,1,0],"26":[5,0],"27":[1,4],"28":[5,1],"29":[0,2],"30":[0,2],"31":[2,2],"32":[0,0],"33":[0,0],"34":[0,0],"35":[0,0],"36":[0,0],"37":[0,0],"38":[0,0],"39":[2,0],"40":[2,1,1],"41":[2,0],"42":[5,0]},"_coverageSchema":"1a1c01bbd47fc00a2c39e90264f33305004495a9","hash":"2bd12de0a00396af9fd4f60733d96f0c796ecea1"}
,"C:\\Users\\quent\\WebstormProjects\\TrentoJOB\\ours\\app\\validation.js": {"path":"C:\\Users\\quent\\WebstormProjects\\TrentoJOB\\ours\\app\\validation.js","statementMap":{"0":{"start":{"line":1,"column":12},"end":{"line":1,"column":26}},"1":{"start":{"line":3,"column":24},"end":{"line":9,"column":1}},"2":{"start":{"line":3,"column":36},"end":{"line":9,"column":1}},"3":{"start":{"line":4,"column":23},"end":{"line":4,"column":48}},"4":{"start":{"line":5,"column":4},"end":{"line":7,"column":5}},"5":{"start":{"line":6,"column":8},"end":{"line":6,"column":94}},"6":{"start":{"line":8,"column":4},"end":{"line":8,"column":11}},"7":{"start":{"line":11,"column":16},"end":{"line":56,"column":1}},"8":{"start":{"line":60,"column":0},"end":{"line":69,"column":2}}},"fnMap":{"0":{"name":"(anonymous_0)","decl":{"start":{"line":3,"column":24},"end":{"line":3,"column":25}},"loc":{"start":{"line":3,"column":36},"end":{"line":9,"column":1}},"line":3},"1":{"name":"(anonymous_1)","decl":{"start":{"line":3,"column":36},"end":{"line":3,"column":37}},"loc":{"start":{"line":3,"column":56},"end":{"line":9,"column":1}},"line":3}},"branchMap":{"0":{"loc":{"start":{"line":5,"column":4},"end":{"line":7,"column":5}},"type":"if","locations":[{"start":{"line":5,"column":4},"end":{"line":7,"column":5}},{"start":{},"end":{}}],"line":5}},"s":{"0":9,"1":9,"2":72,"3":31,"4":31,"5":5,"6":26,"7":9,"8":9},"f":{"0":72,"1":31},"b":{"0":[5,26]},"_coverageSchema":"1a1c01bbd47fc00a2c39e90264f33305004495a9","hash":"a9461a20427a633553f379835ba7ec05d9e80f36"}
,"C:\\Users\\quent\\WebstormProjects\\TrentoJOB\\ours\\app\\Entities\\admin.js": {"path":"C:\\Users\\quent\\WebstormProjects\\TrentoJOB\\ours\\app\\Entities\\admin.js","statementMap":{"0":{"start":{"line":1,"column":15},"end":{"line":1,"column":42}},"1":{"start":{"line":2,"column":24},"end":{"line":2,"column":48}},"2":{"start":{"line":3,"column":29},"end":{"line":3,"column":53}},"3":{"start":{"line":4,"column":25},"end":{"line":4,"column":58}},"4":{"start":{"line":5,"column":15},"end":{"line":5,"column":32}},"5":{"start":{"line":6,"column":48},"end":{"line":6,"column":67}},"6":{"start":{"line":9,"column":0},"end":{"line":30,"column":3}},"7":{"start":{"line":10,"column":4},"end":{"line":29,"column":5}},"8":{"start":{"line":12,"column":28},"end":{"line":12,"column":74}},"9":{"start":{"line":13,"column":8},"end":{"line":14,"column":75}},"10":{"start":{"line":14,"column":12},"end":{"line":14,"column":75}},"11":{"start":{"line":17,"column":8},"end":{"line":17,"column":62}},"12":{"start":{"line":18,"column":19},"end":{"line":18,"column":38}},"13":{"start":{"line":19,"column":8},"end":{"line":19,"column":28}},"14":{"start":{"line":20,"column":8},"end":{"line":20,"column":30}},"15":{"start":{"line":23,"column":26},"end":{"line":23,"column":43}},"16":{"start":{"line":24,"column":8},"end":{"line":24,"column":52}},"17":{"start":{"line":27,"column":8},"end":{"line":27,"column":25}},"18":{"start":{"line":28,"column":8},"end":{"line":28,"column":65}},"19":{"start":{"line":33,"column":0},"end":{"line":33,"column":82}},"20":{"start":{"line":33,"column":53},"end":{"line":33,"column":80}},"21":{"start":{"line":35,"column":0},"end":{"line":35,"column":77}},"22":{"start":{"line":35,"column":52},"end":{"line":35,"column":75}},"23":{"start":{"line":37,"column":0},"end":{"line":37,"column":84}},"24":{"start":{"line":37,"column":55},"end":{"line":37,"column":82}},"25":{"start":{"line":39,"column":0},"end":{"line":39,"column":80}},"26":{"start":{"line":39,"column":56},"end":{"line":39,"column":78}},"27":{"start":{"line":43,"column":0},"end":{"line":43,"column":24}}},"fnMap":{"0":{"name":"(anonymous_0)","decl":{"start":{"line":9,"column":52},"end":{"line":9,"column":53}},"loc":{"start":{"line":9,"column":71},"end":{"line":30,"column":1}},"line":9},"1":{"name":"(anonymous_1)","decl":{"start":{"line":33,"column":34},"end":{"line":33,"column":35}},"loc":{"start":{"line":33,"column":53},"end":{"line":33,"column":80}},"line":33},"2":{"name":"(anonymous_2)","decl":{"start":{"line":35,"column":32},"end":{"line":35,"column":33}},"loc":{"start":{"line":35,"column":52},"end":{"line":35,"column":75}},"line":35},"3":{"name":"(anonymous_3)","decl":{"start":{"line":37,"column":35},"end":{"line":37,"column":36}},"loc":{"start":{"line":37,"column":55},"end":{"line":37,"column":82}},"line":37},"4":{"name":"(anonymous_4)","decl":{"start":{"line":39,"column":37},"end":{"line":39,"column":38}},"loc":{"start":{"line":39,"column":56},"end":{"line":39,"column":78}},"line":39}},"branchMap":{"0":{"loc":{"start":{"line":13,"column":8},"end":{"line":14,"column":75}},"type":"if","locations":[{"start":{"line":13,"column":8},"end":{"line":14,"column":75}},{"start":{},"end":{}}],"line":13}},"s":{"0":2,"1":2,"2":2,"3":2,"4":2,"5":2,"6":2,"7":2,"8":2,"9":2,"10":1,"11":1,"12":1,"13":1,"14":1,"15":1,"16":1,"17":0,"18":0,"19":2,"20":1,"21":2,"22":1,"23":2,"24":1,"25":2,"26":1,"27":2},"f":{"0":2,"1":1,"2":1,"3":1,"4":1},"b":{"0":[1,1]},"_coverageSchema":"1a1c01bbd47fc00a2c39e90264f33305004495a9","hash":"7b5c95e515f3f505c37e424182ad3b56294c6236"}
,"C:\\Users\\quent\\WebstormProjects\\TrentoJOB\\ours\\app\\Entities\\announcement.js": {"path":"C:\\Users\\quent\\WebstormProjects\\TrentoJOB\\ours\\app\\Entities\\announcement.js","statementMap":{"0":{"start":{"line":2,"column":15},"end":{"line":2,"column":42}},"1":{"start":{"line":3,"column":23},"end":{"line":3,"column":61}},"2":{"start":{"line":4,"column":33},"end":{"line":4,"column":57}},"3":{"start":{"line":5,"column":61},"end":{"line":5,"column":80}},"4":{"start":{"line":6,"column":32},"end":{"line":6,"column":56}},"5":{"start":{"line":9,"column":0},"end":{"line":9,"column":110}},"6":{"start":{"line":9,"column":73},"end":{"line":9,"column":108}},"7":{"start":{"line":11,"column":0},"end":{"line":11,"column":68}},"8":{"start":{"line":11,"column":36},"end":{"line":11,"column":66}},"9":{"start":{"line":13,"column":0},"end":{"line":13,"column":75}},"10":{"start":{"line":13,"column":39},"end":{"line":13,"column":73}},"11":{"start":{"line":15,"column":0},"end":{"line":15,"column":87}},"12":{"start":{"line":15,"column":51},"end":{"line":15,"column":85}},"13":{"start":{"line":17,"column":0},"end":{"line":17,"column":85}},"14":{"start":{"line":17,"column":54},"end":{"line":17,"column":83}},"15":{"start":{"line":21,"column":0},"end":{"line":21,"column":24}}},"fnMap":{"0":{"name":"(anonymous_0)","decl":{"start":{"line":9,"column":53},"end":{"line":9,"column":54}},"loc":{"start":{"line":9,"column":73},"end":{"line":9,"column":108}},"line":9},"1":{"name":"(anonymous_1)","decl":{"start":{"line":11,"column":16},"end":{"line":11,"column":17}},"loc":{"start":{"line":11,"column":36},"end":{"line":11,"column":66}},"line":11},"2":{"name":"(anonymous_2)","decl":{"start":{"line":13,"column":19},"end":{"line":13,"column":20}},"loc":{"start":{"line":13,"column":39},"end":{"line":13,"column":73}},"line":13},"3":{"name":"(anonymous_3)","decl":{"start":{"line":15,"column":31},"end":{"line":15,"column":32}},"loc":{"start":{"line":15,"column":51},"end":{"line":15,"column":85}},"line":15},"4":{"name":"(anonymous_4)","decl":{"start":{"line":17,"column":34},"end":{"line":17,"column":35}},"loc":{"start":{"line":17,"column":54},"end":{"line":17,"column":83}},"line":17}},"branchMap":{},"s":{"0":2,"1":2,"2":2,"3":2,"4":2,"5":2,"6":2,"7":2,"8":1,"9":2,"10":1,"11":2,"12":0,"13":2,"14":2,"15":2},"f":{"0":2,"1":1,"2":1,"3":0,"4":2},"b":{},"_coverageSchema":"1a1c01bbd47fc00a2c39e90264f33305004495a9","hash":"9176f4e1bbe38633739efc75ac4f7d3f9f7e88bb"}
,"C:\\Users\\quent\\WebstormProjects\\TrentoJOB\\ours\\app\\Entities\\chat.js": {"path":"C:\\Users\\quent\\WebstormProjects\\TrentoJOB\\ours\\app\\Entities\\chat.js","statementMap":{"0":{"start":{"line":2,"column":15},"end":{"line":2,"column":42}},"1":{"start":{"line":3,"column":15},"end":{"line":3,"column":45}},"2":{"start":{"line":4,"column":34},"end":{"line":4,"column":58}},"3":{"start":{"line":5,"column":28},"end":{"line":5,"column":52}},"4":{"start":{"line":6,"column":18},"end":{"line":6,"column":51}},"5":{"start":{"line":9,"column":0},"end":{"line":63,"column":3}},"6":{"start":{"line":10,"column":4},"end":{"line":62,"column":5}},"7":{"start":{"line":11,"column":19},"end":{"line":11,"column":31}},"8":{"start":{"line":13,"column":24},"end":{"line":13,"column":86}},"9":{"start":{"line":16,"column":8},"end":{"line":17,"column":68}},"10":{"start":{"line":17,"column":12},"end":{"line":17,"column":68}},"11":{"start":{"line":19,"column":28},"end":{"line":19,"column":33}},"12":{"start":{"line":21,"column":8},"end":{"line":24,"column":11}},"13":{"start":{"line":22,"column":12},"end":{"line":23,"column":37}},"14":{"start":{"line":23,"column":16},"end":{"line":23,"column":37}},"15":{"start":{"line":26,"column":8},"end":{"line":57,"column":9}},"16":{"start":{"line":28,"column":26},"end":{"line":28,"column":34}},"17":{"start":{"line":29,"column":12},"end":{"line":29,"column":91}},"18":{"start":{"line":30,"column":12},"end":{"line":30,"column":101}},"19":{"start":{"line":31,"column":30},"end":{"line":31,"column":50}},"20":{"start":{"line":33,"column":27},"end":{"line":33,"column":51}},"21":{"start":{"line":36,"column":28},"end":{"line":40,"column":13}},"22":{"start":{"line":42,"column":12},"end":{"line":43,"column":47}},"23":{"start":{"line":45,"column":28},"end":{"line":48,"column":13}},"24":{"start":{"line":51,"column":12},"end":{"line":52,"column":47}},"25":{"start":{"line":54,"column":12},"end":{"line":54,"column":54}},"26":{"start":{"line":56,"column":12},"end":{"line":56,"column":69}},"27":{"start":{"line":59,"column":8},"end":{"line":59,"column":28}},"28":{"start":{"line":60,"column":8},"end":{"line":60,"column":25}},"29":{"start":{"line":61,"column":8},"end":{"line":61,"column":67}},"30":{"start":{"line":65,"column":0},"end":{"line":132,"column":3}},"31":{"start":{"line":66,"column":4},"end":{"line":131,"column":5}},"32":{"start":{"line":68,"column":8},"end":{"line":69,"column":55}},"33":{"start":{"line":69,"column":12},"end":{"line":69,"column":55}},"34":{"start":{"line":72,"column":8},"end":{"line":73,"column":57}},"35":{"start":{"line":73,"column":12},"end":{"line":73,"column":57}},"36":{"start":{"line":75,"column":21},"end":{"line":75,"column":55}},"37":{"start":{"line":78,"column":19},"end":{"line":78,"column":31}},"38":{"start":{"line":80,"column":8},"end":{"line":81,"column":68}},"39":{"start":{"line":81,"column":12},"end":{"line":81,"column":68}},"40":{"start":{"line":84,"column":24},"end":{"line":90,"column":9}},"41":{"start":{"line":93,"column":8},"end":{"line":94,"column":46}},"42":{"start":{"line":97,"column":30},"end":{"line":97,"column":88}},"43":{"start":{"line":99,"column":8},"end":{"line":111,"column":15}},"44":{"start":{"line":113,"column":8},"end":{"line":125,"column":15}},"45":{"start":{"line":127,"column":8},"end":{"line":127,"column":58}},"46":{"start":{"line":129,"column":8},"end":{"line":129,"column":25}},"47":{"start":{"line":130,"column":8},"end":{"line":130,"column":67}},"48":{"start":{"line":134,"column":0},"end":{"line":152,"column":3}},"49":{"start":{"line":135,"column":4},"end":{"line":151,"column":5}},"50":{"start":{"line":136,"column":23},"end":{"line":136,"column":57}},"51":{"start":{"line":138,"column":8},"end":{"line":139,"column":57}},"52":{"start":{"line":139,"column":12},"end":{"line":139,"column":57}},"53":{"start":{"line":142,"column":8},"end":{"line":145,"column":59}},"54":{"start":{"line":147,"column":8},"end":{"line":147,"column":37}},"55":{"start":{"line":149,"column":8},"end":{"line":149,"column":25}},"56":{"start":{"line":150,"column":8},"end":{"line":150,"column":67}},"57":{"start":{"line":154,"column":0},"end":{"line":177,"column":3}},"58":{"start":{"line":155,"column":19},"end":{"line":155,"column":32}},"59":{"start":{"line":156,"column":4},"end":{"line":176,"column":5}},"60":{"start":{"line":157,"column":23},"end":{"line":157,"column":59}},"61":{"start":{"line":158,"column":8},"end":{"line":159,"column":57}},"62":{"start":{"line":159,"column":12},"end":{"line":159,"column":57}},"63":{"start":{"line":163,"column":8},"end":{"line":165,"column":50}},"64":{"start":{"line":168,"column":8},"end":{"line":170,"column":50}},"65":{"start":{"line":172,"column":8},"end":{"line":172,"column":37}},"66":{"start":{"line":174,"column":8},"end":{"line":174,"column":25}},"67":{"start":{"line":175,"column":8},"end":{"line":175,"column":67}},"68":{"start":{"line":181,"column":0},"end":{"line":181,"column":24}}},"fnMap":{"0":{"name":"(anonymous_0)","decl":{"start":{"line":9,"column":32},"end":{"line":9,"column":33}},"loc":{"start":{"line":9,"column":52},"end":{"line":63,"column":1}},"line":9},"1":{"name":"(anonymous_1)","decl":{"start":{"line":21,"column":30},"end":{"line":21,"column":31}},"loc":{"start":{"line":21,"column":38},"end":{"line":24,"column":9}},"line":21},"2":{"name":"(anonymous_2)","decl":{"start":{"line":65,"column":53},"end":{"line":65,"column":54}},"loc":{"start":{"line":65,"column":73},"end":{"line":132,"column":1}},"line":65},"3":{"name":"(anonymous_3)","decl":{"start":{"line":134,"column":32},"end":{"line":134,"column":33}},"loc":{"start":{"line":134,"column":52},"end":{"line":152,"column":1}},"line":134},"4":{"name":"(anonymous_4)","decl":{"start":{"line":154,"column":35},"end":{"line":154,"column":36}},"loc":{"start":{"line":154,"column":55},"end":{"line":177,"column":1}},"line":154}},"branchMap":{"0":{"loc":{"start":{"line":16,"column":8},"end":{"line":17,"column":68}},"type":"if","locations":[{"start":{"line":16,"column":8},"end":{"line":17,"column":68}},{"start":{},"end":{}}],"line":16},"1":{"loc":{"start":{"line":16,"column":12},"end":{"line":16,"column":44}},"type":"binary-expr","locations":[{"start":{"line":16,"column":12},"end":{"line":16,"column":20}},{"start":{"line":16,"column":24},"end":{"line":16,"column":44}}],"line":16},"2":{"loc":{"start":{"line":22,"column":12},"end":{"line":23,"column":37}},"type":"if","locations":[{"start":{"line":22,"column":12},"end":{"line":23,"column":37}},{"start":{},"end":{}}],"line":22},"3":{"loc":{"start":{"line":26,"column":8},"end":{"line":57,"column":9}},"type":"if","locations":[{"start":{"line":26,"column":8},"end":{"line":57,"column":9}},{"start":{"line":55,"column":15},"end":{"line":57,"column":9}}],"line":26},"4":{"loc":{"start":{"line":68,"column":8},"end":{"line":69,"column":55}},"type":"if","locations":[{"start":{"line":68,"column":8},"end":{"line":69,"column":55}},{"start":{},"end":{}}],"line":68},"5":{"loc":{"start":{"line":72,"column":8},"end":{"line":73,"column":57}},"type":"if","locations":[{"start":{"line":72,"column":8},"end":{"line":73,"column":57}},{"start":{},"end":{}}],"line":72},"6":{"loc":{"start":{"line":80,"column":8},"end":{"line":81,"column":68}},"type":"if","locations":[{"start":{"line":80,"column":8},"end":{"line":81,"column":68}},{"start":{},"end":{}}],"line":80},"7":{"loc":{"start":{"line":80,"column":12},"end":{"line":80,"column":71}},"type":"binary-expr","locations":[{"start":{"line":80,"column":12},"end":{"line":80,"column":17}},{"start":{"line":80,"column":22},"end":{"line":80,"column":44}},{"start":{"line":80,"column":48},"end":{"line":80,"column":70}}],"line":80},"8":{"loc":{"start":{"line":97,"column":30},"end":{"line":97,"column":88}},"type":"cond-expr","locations":[{"start":{"line":97,"column":55},"end":{"line":97,"column":70}},{"start":{"line":97,"column":73},"end":{"line":97,"column":88}}],"line":97},"9":{"loc":{"start":{"line":138,"column":8},"end":{"line":139,"column":57}},"type":"if","locations":[{"start":{"line":138,"column":8},"end":{"line":139,"column":57}},{"start":{},"end":{}}],"line":138},"10":{"loc":{"start":{"line":158,"column":8},"end":{"line":159,"column":57}},"type":"if","locations":[{"start":{"line":158,"column":8},"end":{"line":159,"column":57}},{"start":{},"end":{}}],"line":158}},"s":{"0":2,"1":2,"2":2,"3":2,"4":2,"5":2,"6":3,"7":3,"8":3,"9":3,"10":1,"11":2,"12":2,"13":1,"14":1,"15":2,"16":1,"17":1,"18":1,"19":1,"20":1,"21":1,"22":1,"23":1,"24":1,"25":1,"26":1,"27":0,"28":0,"29":0,"30":2,"31":1,"32":1,"33":0,"34":1,"35":0,"36":1,"37":1,"38":1,"39":0,"40":1,"41":1,"42":1,"43":1,"44":1,"45":1,"46":0,"47":0,"48":2,"49":2,"50":2,"51":2,"52":0,"53":2,"54":2,"55":0,"56":0,"57":2,"58":1,"59":1,"60":1,"61":1,"62":0,"63":1,"64":1,"65":1,"66":0,"67":0,"68":2},"f":{"0":3,"1":1,"2":1,"3":2,"4":1},"b":{"0":[1,2],"1":[3,3],"2":[1,0],"3":[1,1],"4":[0,1],"5":[0,1],"6":[0,1],"7":[1,1,0],"8":[1,0],"9":[0,2],"10":[0,1]},"_coverageSchema":"1a1c01bbd47fc00a2c39e90264f33305004495a9","hash":"19bb591ad84e22c22c5fbbc4127a9a8f83748e81"}
,"C:\\Users\\quent\\WebstormProjects\\TrentoJOB\\ours\\app\\Entities\\comment.js": {"path":"C:\\Users\\quent\\WebstormProjects\\TrentoJOB\\ours\\app\\Entities\\comment.js","statementMap":{"0":{"start":{"line":2,"column":15},"end":{"line":2,"column":42}},"1":{"start":{"line":3,"column":28},"end":{"line":3,"column":52}},"2":{"start":{"line":4,"column":37},"end":{"line":4,"column":61}},"3":{"start":{"line":5,"column":16},"end":{"line":5,"column":47}},"4":{"start":{"line":6,"column":18},"end":{"line":6,"column":48}},"5":{"start":{"line":9,"column":0},"end":{"line":33,"column":3}},"6":{"start":{"line":10,"column":20},"end":{"line":10,"column":33}},"7":{"start":{"line":11,"column":4},"end":{"line":32,"column":5}},"8":{"start":{"line":12,"column":22},"end":{"line":12,"column":51}},"9":{"start":{"line":13,"column":8},"end":{"line":14,"column":68}},"10":{"start":{"line":14,"column":12},"end":{"line":14,"column":68}},"11":{"start":{"line":16,"column":27},"end":{"line":23,"column":10}},"12":{"start":{"line":25,"column":8},"end":{"line":25,"column":40}},"13":{"start":{"line":26,"column":8},"end":{"line":26,"column":27}},"14":{"start":{"line":28,"column":8},"end":{"line":28,"column":57}},"15":{"start":{"line":30,"column":8},"end":{"line":30,"column":27}},"16":{"start":{"line":31,"column":8},"end":{"line":31,"column":65}},"17":{"start":{"line":35,"column":0},"end":{"line":47,"column":3}},"18":{"start":{"line":36,"column":20},"end":{"line":36,"column":33}},"19":{"start":{"line":37,"column":4},"end":{"line":46,"column":5}},"20":{"start":{"line":38,"column":22},"end":{"line":38,"column":51}},"21":{"start":{"line":39,"column":8},"end":{"line":40,"column":68}},"22":{"start":{"line":40,"column":12},"end":{"line":40,"column":68}},"23":{"start":{"line":42,"column":8},"end":{"line":42,"column":45}},"24":{"start":{"line":44,"column":8},"end":{"line":44,"column":27}},"25":{"start":{"line":45,"column":8},"end":{"line":45,"column":65}},"26":{"start":{"line":49,"column":0},"end":{"line":66,"column":3}},"27":{"start":{"line":50,"column":22},"end":{"line":50,"column":40}},"28":{"start":{"line":51,"column":20},"end":{"line":51,"column":36}},"29":{"start":{"line":52,"column":4},"end":{"line":65,"column":5}},"30":{"start":{"line":53,"column":22},"end":{"line":53,"column":51}},"31":{"start":{"line":54,"column":8},"end":{"line":55,"column":68}},"32":{"start":{"line":55,"column":12},"end":{"line":55,"column":68}},"33":{"start":{"line":57,"column":8},"end":{"line":59,"column":54}},"34":{"start":{"line":61,"column":8},"end":{"line":61,"column":61}},"35":{"start":{"line":63,"column":8},"end":{"line":63,"column":27}},"36":{"start":{"line":64,"column":8},"end":{"line":64,"column":67}},"37":{"start":{"line":70,"column":0},"end":{"line":70,"column":24}}},"fnMap":{"0":{"name":"(anonymous_0)","decl":{"start":{"line":9,"column":51},"end":{"line":9,"column":52}},"loc":{"start":{"line":9,"column":71},"end":{"line":33,"column":1}},"line":9},"1":{"name":"(anonymous_1)","decl":{"start":{"line":35,"column":31},"end":{"line":35,"column":32}},"loc":{"start":{"line":35,"column":51},"end":{"line":47,"column":1}},"line":35},"2":{"name":"(anonymous_2)","decl":{"start":{"line":49,"column":38},"end":{"line":49,"column":39}},"loc":{"start":{"line":49,"column":58},"end":{"line":66,"column":1}},"line":49}},"branchMap":{"0":{"loc":{"start":{"line":13,"column":8},"end":{"line":14,"column":68}},"type":"if","locations":[{"start":{"line":13,"column":8},"end":{"line":14,"column":68}},{"start":{},"end":{}}],"line":13},"1":{"loc":{"start":{"line":39,"column":8},"end":{"line":40,"column":68}},"type":"if","locations":[{"start":{"line":39,"column":8},"end":{"line":40,"column":68}},{"start":{},"end":{}}],"line":39},"2":{"loc":{"start":{"line":54,"column":8},"end":{"line":55,"column":68}},"type":"if","locations":[{"start":{"line":54,"column":8},"end":{"line":55,"column":68}},{"start":{},"end":{}}],"line":54}},"s":{"0":2,"1":2,"2":2,"3":2,"4":2,"5":2,"6":2,"7":2,"8":2,"9":1,"10":0,"11":1,"12":1,"13":1,"14":1,"15":1,"16":1,"17":2,"18":1,"19":1,"20":1,"21":1,"22":0,"23":1,"24":0,"25":0,"26":2,"27":1,"28":1,"29":1,"30":1,"31":1,"32":0,"33":1,"34":1,"35":0,"36":0,"37":2},"f":{"0":2,"1":1,"2":1},"b":{"0":[0,1],"1":[0,1],"2":[0,1]},"_coverageSchema":"1a1c01bbd47fc00a2c39e90264f33305004495a9","hash":"7e3c8f26c39d92b8f8147172c91ab571e577b43d"}
,"C:\\Users\\quent\\WebstormProjects\\TrentoJOB\\ours\\app\\Entities\\event.js": {"path":"C:\\Users\\quent\\WebstormProjects\\TrentoJOB\\ours\\app\\Entities\\event.js","statementMap":{"0":{"start":{"line":1,"column":15},"end":{"line":1,"column":42}},"1":{"start":{"line":2,"column":16},"end":{"line":2,"column":47}},"2":{"start":{"line":3,"column":26},"end":{"line":3,"column":50}},"3":{"start":{"line":4,"column":61},"end":{"line":4,"column":80}},"4":{"start":{"line":5,"column":32},"end":{"line":5,"column":56}},"5":{"start":{"line":8,"column":0},"end":{"line":8,"column":111}},"6":{"start":{"line":8,"column":81},"end":{"line":8,"column":109}},"7":{"start":{"line":10,"column":0},"end":{"line":10,"column":61}},"8":{"start":{"line":10,"column":36},"end":{"line":10,"column":59}},"9":{"start":{"line":12,"column":0},"end":{"line":12,"column":68}},"10":{"start":{"line":12,"column":39},"end":{"line":12,"column":66}},"11":{"start":{"line":14,"column":0},"end":{"line":14,"column":80}},"12":{"start":{"line":14,"column":51},"end":{"line":14,"column":78}},"13":{"start":{"line":16,"column":0},"end":{"line":16,"column":78}},"14":{"start":{"line":16,"column":54},"end":{"line":16,"column":76}},"15":{"start":{"line":20,"column":0},"end":{"line":20,"column":24}}},"fnMap":{"0":{"name":"(anonymous_0)","decl":{"start":{"line":8,"column":61},"end":{"line":8,"column":62}},"loc":{"start":{"line":8,"column":81},"end":{"line":8,"column":109}},"line":8},"1":{"name":"(anonymous_1)","decl":{"start":{"line":10,"column":16},"end":{"line":10,"column":17}},"loc":{"start":{"line":10,"column":36},"end":{"line":10,"column":59}},"line":10},"2":{"name":"(anonymous_2)","decl":{"start":{"line":12,"column":19},"end":{"line":12,"column":20}},"loc":{"start":{"line":12,"column":39},"end":{"line":12,"column":66}},"line":12},"3":{"name":"(anonymous_3)","decl":{"start":{"line":14,"column":31},"end":{"line":14,"column":32}},"loc":{"start":{"line":14,"column":51},"end":{"line":14,"column":78}},"line":14},"4":{"name":"(anonymous_4)","decl":{"start":{"line":16,"column":34},"end":{"line":16,"column":35}},"loc":{"start":{"line":16,"column":54},"end":{"line":16,"column":76}},"line":16}},"branchMap":{},"s":{"0":2,"1":2,"2":2,"3":2,"4":2,"5":2,"6":1,"7":2,"8":1,"9":2,"10":1,"11":2,"12":0,"13":2,"14":1,"15":2},"f":{"0":1,"1":1,"2":1,"3":0,"4":1},"b":{},"_coverageSchema":"1a1c01bbd47fc00a2c39e90264f33305004495a9","hash":"7637366886ee36efae9ab38feac7e535e0d47af4"}
,"C:\\Users\\quent\\WebstormProjects\\TrentoJOB\\ours\\app\\Entities\\organisation.js": {"path":"C:\\Users\\quent\\WebstormProjects\\TrentoJOB\\ours\\app\\Entities\\organisation.js","statementMap":{"0":{"start":{"line":1,"column":15},"end":{"line":1,"column":42}},"1":{"start":{"line":2,"column":23},"end":{"line":2,"column":56}},"2":{"start":{"line":3,"column":58},"end":{"line":3,"column":77}},"3":{"start":{"line":4,"column":36},"end":{"line":4,"column":60}},"4":{"start":{"line":5,"column":29},"end":{"line":5,"column":53}},"5":{"start":{"line":9,"column":0},"end":{"line":9,"column":106}},"6":{"start":{"line":9,"column":56},"end":{"line":9,"column":104}},"7":{"start":{"line":11,"column":0},"end":{"line":11,"column":68}},"8":{"start":{"line":11,"column":36},"end":{"line":11,"column":66}},"9":{"start":{"line":13,"column":0},"end":{"line":13,"column":75}},"10":{"start":{"line":13,"column":39},"end":{"line":13,"column":73}},"11":{"start":{"line":15,"column":0},"end":{"line":15,"column":90}},"12":{"start":{"line":15,"column":54},"end":{"line":15,"column":88}},"13":{"start":{"line":17,"column":0},"end":{"line":17,"column":88}},"14":{"start":{"line":17,"column":57},"end":{"line":17,"column":86}},"15":{"start":{"line":21,"column":0},"end":{"line":21,"column":24}}},"fnMap":{"0":{"name":"(anonymous_0)","decl":{"start":{"line":9,"column":37},"end":{"line":9,"column":38}},"loc":{"start":{"line":9,"column":56},"end":{"line":9,"column":104}},"line":9},"1":{"name":"(anonymous_1)","decl":{"start":{"line":11,"column":16},"end":{"line":11,"column":17}},"loc":{"start":{"line":11,"column":36},"end":{"line":11,"column":66}},"line":11},"2":{"name":"(anonymous_2)","decl":{"start":{"line":13,"column":19},"end":{"line":13,"column":20}},"loc":{"start":{"line":13,"column":39},"end":{"line":13,"column":73}},"line":13},"3":{"name":"(anonymous_3)","decl":{"start":{"line":15,"column":34},"end":{"line":15,"column":35}},"loc":{"start":{"line":15,"column":54},"end":{"line":15,"column":88}},"line":15},"4":{"name":"(anonymous_4)","decl":{"start":{"line":17,"column":37},"end":{"line":17,"column":38}},"loc":{"start":{"line":17,"column":57},"end":{"line":17,"column":86}},"line":17}},"branchMap":{},"s":{"0":4,"1":4,"2":4,"3":4,"4":4,"5":4,"6":2,"7":4,"8":1,"9":4,"10":1,"11":4,"12":0,"13":4,"14":0,"15":4},"f":{"0":2,"1":1,"2":1,"3":0,"4":0},"b":{},"_coverageSchema":"1a1c01bbd47fc00a2c39e90264f33305004495a9","hash":"f3aed046a37d820034f32eb2248ea772a49af9e7"}
,"C:\\Users\\quent\\WebstormProjects\\TrentoJOB\\ours\\app\\Entities\\user.js": {"path":"C:\\Users\\quent\\WebstormProjects\\TrentoJOB\\ours\\app\\Entities\\user.js","statementMap":{"0":{"start":{"line":1,"column":15},"end":{"line":1,"column":42}},"1":{"start":{"line":2,"column":15},"end":{"line":2,"column":48}},"2":{"start":{"line":3,"column":58},"end":{"line":3,"column":77}},"3":{"start":{"line":4,"column":24},"end":{"line":4,"column":48}},"4":{"start":{"line":5,"column":29},"end":{"line":5,"column":53}},"5":{"start":{"line":9,"column":0},"end":{"line":9,"column":90}},"6":{"start":{"line":9,"column":56},"end":{"line":9,"column":88}},"7":{"start":{"line":11,"column":0},"end":{"line":11,"column":60}},"8":{"start":{"line":11,"column":36},"end":{"line":11,"column":58}},"9":{"start":{"line":13,"column":0},"end":{"line":13,"column":67}},"10":{"start":{"line":13,"column":39},"end":{"line":13,"column":65}},"11":{"start":{"line":15,"column":0},"end":{"line":15,"column":82}},"12":{"start":{"line":15,"column":54},"end":{"line":15,"column":80}},"13":{"start":{"line":17,"column":0},"end":{"line":17,"column":80}},"14":{"start":{"line":17,"column":57},"end":{"line":17,"column":78}},"15":{"start":{"line":21,"column":0},"end":{"line":21,"column":24}}},"fnMap":{"0":{"name":"(anonymous_0)","decl":{"start":{"line":9,"column":37},"end":{"line":9,"column":38}},"loc":{"start":{"line":9,"column":56},"end":{"line":9,"column":88}},"line":9},"1":{"name":"(anonymous_1)","decl":{"start":{"line":11,"column":16},"end":{"line":11,"column":17}},"loc":{"start":{"line":11,"column":36},"end":{"line":11,"column":58}},"line":11},"2":{"name":"(anonymous_2)","decl":{"start":{"line":13,"column":19},"end":{"line":13,"column":20}},"loc":{"start":{"line":13,"column":39},"end":{"line":13,"column":65}},"line":13},"3":{"name":"(anonymous_3)","decl":{"start":{"line":15,"column":34},"end":{"line":15,"column":35}},"loc":{"start":{"line":15,"column":54},"end":{"line":15,"column":80}},"line":15},"4":{"name":"(anonymous_4)","decl":{"start":{"line":17,"column":37},"end":{"line":17,"column":38}},"loc":{"start":{"line":17,"column":57},"end":{"line":17,"column":78}},"line":17}},"branchMap":{},"s":{"0":4,"1":4,"2":4,"3":4,"4":4,"5":4,"6":2,"7":4,"8":1,"9":4,"10":1,"11":4,"12":1,"13":4,"14":1,"15":4},"f":{"0":2,"1":1,"2":1,"3":1,"4":1},"b":{},"_coverageSchema":"1a1c01bbd47fc00a2c39e90264f33305004495a9","hash":"c5a83d58244f079758b12c5b78c7520f45cf40e8"}
,"C:\\Users\\quent\\WebstormProjects\\TrentoJOB\\ours\\app\\Entities\\verification.js": {"path":"C:\\Users\\quent\\WebstormProjects\\TrentoJOB\\ours\\app\\Entities\\verification.js","statementMap":{"0":{"start":{"line":2,"column":15},"end":{"line":2,"column":42}},"1":{"start":{"line":3,"column":18},"end":{"line":3,"column":51}},"2":{"start":{"line":4,"column":25},"end":{"line":4,"column":63}},"3":{"start":{"line":5,"column":13},"end":{"line":5,"column":35}},"4":{"start":{"line":6,"column":53},"end":{"line":6,"column":75}},"5":{"start":{"line":8,"column":0},"end":{"line":19,"column":3}},"6":{"start":{"line":10,"column":4},"end":{"line":11,"column":63}},"7":{"start":{"line":11,"column":8},"end":{"line":11,"column":63}},"8":{"start":{"line":12,"column":4},"end":{"line":18,"column":5}},"9":{"start":{"line":13,"column":29},"end":{"line":13,"column":54}},"10":{"start":{"line":14,"column":8},"end":{"line":14,"column":43}},"11":{"start":{"line":16,"column":8},"end":{"line":16,"column":27}},"12":{"start":{"line":17,"column":8},"end":{"line":17,"column":65}},"13":{"start":{"line":21,"column":0},"end":{"line":69,"column":3}},"14":{"start":{"line":23,"column":4},"end":{"line":24,"column":63}},"15":{"start":{"line":24,"column":8},"end":{"line":24,"column":63}},"16":{"start":{"line":26,"column":4},"end":{"line":68,"column":5}},"17":{"start":{"line":28,"column":29},"end":{"line":28,"column":71}},"18":{"start":{"line":29,"column":8},"end":{"line":30,"column":77}},"19":{"start":{"line":30,"column":12},"end":{"line":30,"column":77}},"20":{"start":{"line":32,"column":21},"end":{"line":32,"column":36}},"21":{"start":{"line":33,"column":8},"end":{"line":63,"column":9}},"22":{"start":{"line":34,"column":25},"end":{"line":34,"column":77}},"23":{"start":{"line":35,"column":12},"end":{"line":36,"column":73}},"24":{"start":{"line":36,"column":16},"end":{"line":36,"column":73}},"25":{"start":{"line":38,"column":12},"end":{"line":38,"column":33}},"26":{"start":{"line":39,"column":12},"end":{"line":39,"column":30}},"27":{"start":{"line":42,"column":12},"end":{"line":42,"column":43}},"28":{"start":{"line":45,"column":24},"end":{"line":45,"column":73}},"29":{"start":{"line":46,"column":25},"end":{"line":46,"column":58}},"30":{"start":{"line":47,"column":12},"end":{"line":47,"column":59}},"31":{"start":{"line":49,"column":12},"end":{"line":49,"column":93}},"32":{"start":{"line":50,"column":15},"end":{"line":63,"column":9}},"33":{"start":{"line":51,"column":25},"end":{"line":51,"column":86}},"34":{"start":{"line":52,"column":12},"end":{"line":53,"column":73}},"35":{"start":{"line":53,"column":16},"end":{"line":53,"column":73}},"36":{"start":{"line":56,"column":12},"end":{"line":56,"column":43}},"37":{"start":{"line":59,"column":25},"end":{"line":59,"column":65}},"38":{"start":{"line":60,"column":12},"end":{"line":60,"column":59}},"39":{"start":{"line":62,"column":12},"end":{"line":62,"column":93}},"40":{"start":{"line":65,"column":8},"end":{"line":65,"column":65}},"41":{"start":{"line":67,"column":8},"end":{"line":67,"column":72}},"42":{"start":{"line":72,"column":0},"end":{"line":72,"column":24}}},"fnMap":{"0":{"name":"(anonymous_0)","decl":{"start":{"line":8,"column":16},"end":{"line":8,"column":17}},"loc":{"start":{"line":8,"column":36},"end":{"line":19,"column":1}},"line":8},"1":{"name":"(anonymous_1)","decl":{"start":{"line":21,"column":22},"end":{"line":21,"column":23}},"loc":{"start":{"line":21,"column":42},"end":{"line":69,"column":1}},"line":21}},"branchMap":{"0":{"loc":{"start":{"line":10,"column":4},"end":{"line":11,"column":63}},"type":"if","locations":[{"start":{"line":10,"column":4},"end":{"line":11,"column":63}},{"start":{},"end":{}}],"line":10},"1":{"loc":{"start":{"line":23,"column":4},"end":{"line":24,"column":63}},"type":"if","locations":[{"start":{"line":23,"column":4},"end":{"line":24,"column":63}},{"start":{},"end":{}}],"line":23},"2":{"loc":{"start":{"line":29,"column":8},"end":{"line":30,"column":77}},"type":"if","locations":[{"start":{"line":29,"column":8},"end":{"line":30,"column":77}},{"start":{},"end":{}}],"line":29},"3":{"loc":{"start":{"line":33,"column":8},"end":{"line":63,"column":9}},"type":"if","locations":[{"start":{"line":33,"column":8},"end":{"line":63,"column":9}},{"start":{"line":50,"column":15},"end":{"line":63,"column":9}}],"line":33},"4":{"loc":{"start":{"line":35,"column":12},"end":{"line":36,"column":73}},"type":"if","locations":[{"start":{"line":35,"column":12},"end":{"line":36,"column":73}},{"start":{},"end":{}}],"line":35},"5":{"loc":{"start":{"line":50,"column":15},"end":{"line":63,"column":9}},"type":"if","locations":[{"start":{"line":50,"column":15},"end":{"line":63,"column":9}},{"start":{},"end":{}}],"line":50},"6":{"loc":{"start":{"line":52,"column":12},"end":{"line":53,"column":73}},"type":"if","locations":[{"start":{"line":52,"column":12},"end":{"line":53,"column":73}},{"start":{},"end":{}}],"line":52}},"s":{"0":1,"1":1,"2":1,"3":1,"4":1,"5":1,"6":0,"7":0,"8":0,"9":0,"10":0,"11":0,"12":0,"13":1,"14":0,"15":0,"16":0,"17":0,"18":0,"19":0,"20":0,"21":0,"22":0,"23":0,"24":0,"25":0,"26":0,"27":0,"28":0,"29":0,"30":0,"31":0,"32":0,"33":0,"34":0,"35":0,"36":0,"37":0,"38":0,"39":0,"40":0,"41":0,"42":1},"f":{"0":0,"1":0},"b":{"0":[0,0],"1":[0,0],"2":[0,0],"3":[0,0],"4":[0,0],"5":[0,0],"6":[0,0]},"_coverageSchema":"1a1c01bbd47fc00a2c39e90264f33305004495a9","hash":"b7fce9f2caad94b5c2ee5a44c199d963e1fe5910"}
,"C:\\Users\\quent\\WebstormProjects\\TrentoJOB\\ours\\app\\authentication\\auth.js": {"path":"C:\\Users\\quent\\WebstormProjects\\TrentoJOB\\ours\\app\\authentication\\auth.js","statementMap":{"0":{"start":{"line":1,"column":15},"end":{"line":1,"column":42}},"1":{"start":{"line":2,"column":18},"end":{"line":2,"column":35}},"2":{"start":{"line":3,"column":31},"end":{"line":3,"column":54}},"3":{"start":{"line":4,"column":32},"end":{"line":4,"column":65}},"4":{"start":{"line":5,"column":23},"end":{"line":5,"column":61}},"5":{"start":{"line":6,"column":13},"end":{"line":6,"column":35}},"6":{"start":{"line":7,"column":26},"end":{"line":7,"column":50}},"7":{"start":{"line":8,"column":42},"end":{"line":8,"column":64}},"8":{"start":{"line":9,"column":17},"end":{"line":9,"column":31}},"9":{"start":{"line":13,"column":0},"end":{"line":53,"column":3}},"10":{"start":{"line":14,"column":4},"end":{"line":52,"column":5}},"11":{"start":{"line":16,"column":21},"end":{"line":16,"column":69}},"12":{"start":{"line":19,"column":8},"end":{"line":23,"column":9}},"13":{"start":{"line":20,"column":12},"end":{"line":20,"column":78}},"14":{"start":{"line":21,"column":12},"end":{"line":21,"column":81}},"15":{"start":{"line":26,"column":8},"end":{"line":27,"column":78}},"16":{"start":{"line":27,"column":12},"end":{"line":27,"column":78}},"17":{"start":{"line":30,"column":8},"end":{"line":31,"column":92}},"18":{"start":{"line":31,"column":12},"end":{"line":31,"column":92}},"19":{"start":{"line":34,"column":22},"end":{"line":34,"column":116}},"20":{"start":{"line":35,"column":34},"end":{"line":35,"column":132}},"21":{"start":{"line":37,"column":8},"end":{"line":37,"column":86}},"22":{"start":{"line":39,"column":8},"end":{"line":48,"column":11}},"23":{"start":{"line":51,"column":8},"end":{"line":51,"column":65}},"24":{"start":{"line":56,"column":0},"end":{"line":90,"column":2}},"25":{"start":{"line":57,"column":4},"end":{"line":89,"column":5}},"26":{"start":{"line":58,"column":32},"end":{"line":58,"column":43}},"27":{"start":{"line":59,"column":8},"end":{"line":60,"column":75}},"28":{"start":{"line":60,"column":12},"end":{"line":60,"column":75}},"29":{"start":{"line":63,"column":19},"end":{"line":63,"column":76}},"30":{"start":{"line":64,"column":8},"end":{"line":65,"column":35}},"31":{"start":{"line":65,"column":12},"end":{"line":65,"column":35}},"32":{"start":{"line":68,"column":21},"end":{"line":68,"column":47}},"33":{"start":{"line":69,"column":8},"end":{"line":70,"column":69}},"34":{"start":{"line":70,"column":12},"end":{"line":70,"column":69}},"35":{"start":{"line":72,"column":8},"end":{"line":73,"column":35}},"36":{"start":{"line":73,"column":12},"end":{"line":73,"column":35}},"37":{"start":{"line":76,"column":26},"end":{"line":76,"column":120}},"38":{"start":{"line":78,"column":8},"end":{"line":82,"column":11}},"39":{"start":{"line":85,"column":8},"end":{"line":88,"column":10}},"40":{"start":{"line":93,"column":0},"end":{"line":123,"column":2}},"41":{"start":{"line":94,"column":18},"end":{"line":94,"column":34}},"42":{"start":{"line":95,"column":4},"end":{"line":122,"column":5}},"43":{"start":{"line":96,"column":21},"end":{"line":96,"column":63}},"44":{"start":{"line":97,"column":21},"end":{"line":97,"column":81}},"45":{"start":{"line":100,"column":8},"end":{"line":112,"column":9}},"46":{"start":{"line":101,"column":24},"end":{"line":101,"column":73}},"47":{"start":{"line":102,"column":25},"end":{"line":102,"column":57}},"48":{"start":{"line":103,"column":12},"end":{"line":103,"column":59}},"49":{"start":{"line":105,"column":12},"end":{"line":105,"column":40}},"50":{"start":{"line":107,"column":33},"end":{"line":107,"column":141}},"51":{"start":{"line":108,"column":12},"end":{"line":108,"column":38}},"52":{"start":{"line":110,"column":25},"end":{"line":110,"column":57}},"53":{"start":{"line":111,"column":12},"end":{"line":111,"column":51}},"54":{"start":{"line":113,"column":8},"end":{"line":113,"column":66}},"55":{"start":{"line":116,"column":8},"end":{"line":119,"column":9}},"56":{"start":{"line":117,"column":21},"end":{"line":117,"column":75}},"57":{"start":{"line":118,"column":12},"end":{"line":118,"column":48}},"58":{"start":{"line":121,"column":8},"end":{"line":121,"column":85}},"59":{"start":{"line":126,"column":0},"end":{"line":130,"column":2}},"60":{"start":{"line":128,"column":4},"end":{"line":128,"column":67}},"61":{"start":{"line":129,"column":4},"end":{"line":129,"column":66}},"62":{"start":{"line":134,"column":0},"end":{"line":134,"column":24}}},"fnMap":{"0":{"name":"(anonymous_0)","decl":{"start":{"line":13,"column":34},"end":{"line":13,"column":35}},"loc":{"start":{"line":13,"column":54},"end":{"line":53,"column":1}},"line":13},"1":{"name":"(anonymous_1)","decl":{"start":{"line":56,"column":16},"end":{"line":56,"column":17}},"loc":{"start":{"line":56,"column":36},"end":{"line":90,"column":1}},"line":56},"2":{"name":"(anonymous_2)","decl":{"start":{"line":93,"column":22},"end":{"line":93,"column":23}},"loc":{"start":{"line":93,"column":42},"end":{"line":123,"column":1}},"line":93},"3":{"name":"(anonymous_3)","decl":{"start":{"line":126,"column":20},"end":{"line":126,"column":21}},"loc":{"start":{"line":126,"column":40},"end":{"line":130,"column":1}},"line":126}},"branchMap":{"0":{"loc":{"start":{"line":19,"column":8},"end":{"line":23,"column":9}},"type":"if","locations":[{"start":{"line":19,"column":8},"end":{"line":23,"column":9}},{"start":{},"end":{}}],"line":19},"1":{"loc":{"start":{"line":19,"column":12},"end":{"line":19,"column":71}},"type":"binary-expr","locations":[{"start":{"line":19,"column":12},"end":{"line":19,"column":17}},{"start":{"line":19,"column":21},"end":{"line":19,"column":71}}],"line":19},"2":{"loc":{"start":{"line":26,"column":8},"end":{"line":27,"column":78}},"type":"if","locations":[{"start":{"line":26,"column":8},"end":{"line":27,"column":78}},{"start":{},"end":{}}],"line":26},"3":{"loc":{"start":{"line":26,"column":12},"end":{"line":26,"column":52}},"type":"binary-expr","locations":[{"start":{"line":26,"column":12},"end":{"line":26,"column":27}},{"start":{"line":26,"column":31},"end":{"line":26,"column":52}}],"line":26},"4":{"loc":{"start":{"line":30,"column":8},"end":{"line":31,"column":92}},"type":"if","locations":[{"start":{"line":30,"column":8},"end":{"line":31,"column":92}},{"start":{},"end":{}}],"line":30},"5":{"loc":{"start":{"line":30,"column":12},"end":{"line":30,"column":58}},"type":"binary-expr","locations":[{"start":{"line":30,"column":12},"end":{"line":30,"column":40}},{"start":{"line":30,"column":44},"end":{"line":30,"column":58}}],"line":30},"6":{"loc":{"start":{"line":59,"column":8},"end":{"line":60,"column":75}},"type":"if","locations":[{"start":{"line":59,"column":8},"end":{"line":60,"column":75}},{"start":{},"end":{}}],"line":59},"7":{"loc":{"start":{"line":64,"column":8},"end":{"line":65,"column":35}},"type":"if","locations":[{"start":{"line":64,"column":8},"end":{"line":65,"column":35}},{"start":{},"end":{}}],"line":64},"8":{"loc":{"start":{"line":69,"column":8},"end":{"line":70,"column":69}},"type":"if","locations":[{"start":{"line":69,"column":8},"end":{"line":70,"column":69}},{"start":{},"end":{}}],"line":69},"9":{"loc":{"start":{"line":72,"column":8},"end":{"line":73,"column":35}},"type":"if","locations":[{"start":{"line":72,"column":8},"end":{"line":73,"column":35}},{"start":{},"end":{}}],"line":72},"10":{"loc":{"start":{"line":100,"column":8},"end":{"line":112,"column":9}},"type":"if","locations":[{"start":{"line":100,"column":8},"end":{"line":112,"column":9}},{"start":{"line":104,"column":15},"end":{"line":112,"column":9}}],"line":100},"11":{"loc":{"start":{"line":116,"column":8},"end":{"line":119,"column":9}},"type":"if","locations":[{"start":{"line":116,"column":8},"end":{"line":119,"column":9}},{"start":{},"end":{}}],"line":116}},"s":{"0":9,"1":9,"2":9,"3":9,"4":9,"5":9,"6":9,"7":9,"8":9,"9":9,"10":13,"11":13,"12":13,"13":1,"14":1,"15":12,"16":1,"17":11,"18":1,"19":10,"20":10,"21":10,"22":10,"23":0,"24":9,"25":0,"26":0,"27":0,"28":0,"29":0,"30":0,"31":0,"32":0,"33":0,"34":0,"35":0,"36":0,"37":0,"38":0,"39":0,"40":9,"41":1,"42":1,"43":1,"44":1,"45":1,"46":1,"47":1,"48":1,"49":0,"50":0,"51":0,"52":0,"53":0,"54":1,"55":0,"56":0,"57":0,"58":0,"59":9,"60":1,"61":1,"62":9},"f":{"0":13,"1":0,"2":1,"3":1},"b":{"0":[1,12],"1":[13,13],"2":[1,11],"3":[12,1],"4":[1,10],"5":[11,3],"6":[0,0],"7":[0,0],"8":[0,0],"9":[0,0],"10":[1,0],"11":[0,0]},"_coverageSchema":"1a1c01bbd47fc00a2c39e90264f33305004495a9","hash":"fc8a3a52a201584d38b46919efac79a07421de6a"}
,"C:\\Users\\quent\\WebstormProjects\\TrentoJOB\\ours\\app\\authentication\\password.js": {"path":"C:\\Users\\quent\\WebstormProjects\\TrentoJOB\\ours\\app\\authentication\\password.js","statementMap":{"0":{"start":{"line":1,"column":15},"end":{"line":1,"column":42}},"1":{"start":{"line":2,"column":13},"end":{"line":2,"column":35}},"2":{"start":{"line":3,"column":23},"end":{"line":3,"column":46}},"3":{"start":{"line":4,"column":20},"end":{"line":4,"column":53}},"4":{"start":{"line":5,"column":34},"end":{"line":5,"column":58}},"5":{"start":{"line":6,"column":13},"end":{"line":6,"column":28}},"6":{"start":{"line":7,"column":15},"end":{"line":7,"column":32}},"7":{"start":{"line":9,"column":0},"end":{"line":43,"column":3}},"8":{"start":{"line":10,"column":4},"end":{"line":41,"column":5}},"9":{"start":{"line":11,"column":21},"end":{"line":11,"column":69}},"10":{"start":{"line":12,"column":8},"end":{"line":13,"column":71}},"11":{"start":{"line":13,"column":12},"end":{"line":13,"column":71}},"12":{"start":{"line":15,"column":8},"end":{"line":15,"column":35}},"13":{"start":{"line":17,"column":28},"end":{"line":17,"column":127}},"14":{"start":{"line":19,"column":12},"end":{"line":32,"column":20}},"15":{"start":{"line":33,"column":8},"end":{"line":33,"column":49}},"16":{"start":{"line":35,"column":8},"end":{"line":35,"column":69}},"17":{"start":{"line":37,"column":8},"end":{"line":37,"column":94}},"18":{"start":{"line":39,"column":8},"end":{"line":39,"column":25}},"19":{"start":{"line":40,"column":8},"end":{"line":40,"column":67}},"20":{"start":{"line":45,"column":0},"end":{"line":74,"column":3}},"21":{"start":{"line":46,"column":18},"end":{"line":46,"column":34}},"22":{"start":{"line":47,"column":25},"end":{"line":47,"column":33}},"23":{"start":{"line":48,"column":19},"end":{"line":48,"column":33}},"24":{"start":{"line":50,"column":4},"end":{"line":73,"column":5}},"25":{"start":{"line":51,"column":24},"end":{"line":51,"column":66}},"26":{"start":{"line":52,"column":8},"end":{"line":52,"column":47}},"27":{"start":{"line":54,"column":8},"end":{"line":57,"column":9}},"28":{"start":{"line":55,"column":12},"end":{"line":55,"column":66}},"29":{"start":{"line":56,"column":12},"end":{"line":56,"column":98}},"30":{"start":{"line":59,"column":31},"end":{"line":59,"column":55}},"31":{"start":{"line":60,"column":8},"end":{"line":60,"column":50}},"32":{"start":{"line":62,"column":21},"end":{"line":64,"column":24}},"33":{"start":{"line":66,"column":8},"end":{"line":67,"column":66}},"34":{"start":{"line":67,"column":12},"end":{"line":67,"column":66}},"35":{"start":{"line":69,"column":8},"end":{"line":69,"column":81}},"36":{"start":{"line":71,"column":8},"end":{"line":71,"column":27}},"37":{"start":{"line":72,"column":8},"end":{"line":72,"column":65}},"38":{"start":{"line":76,"column":0},"end":{"line":76,"column":24}}},"fnMap":{"0":{"name":"(anonymous_0)","decl":{"start":{"line":9,"column":17},"end":{"line":9,"column":18}},"loc":{"start":{"line":9,"column":37},"end":{"line":43,"column":1}},"line":9},"1":{"name":"(anonymous_1)","decl":{"start":{"line":45,"column":54},"end":{"line":45,"column":55}},"loc":{"start":{"line":45,"column":74},"end":{"line":74,"column":1}},"line":45}},"branchMap":{"0":{"loc":{"start":{"line":12,"column":8},"end":{"line":13,"column":71}},"type":"if","locations":[{"start":{"line":12,"column":8},"end":{"line":13,"column":71}},{"start":{},"end":{}}],"line":12},"1":{"loc":{"start":{"line":54,"column":8},"end":{"line":57,"column":9}},"type":"if","locations":[{"start":{"line":54,"column":8},"end":{"line":57,"column":9}},{"start":{},"end":{}}],"line":54},"2":{"loc":{"start":{"line":66,"column":8},"end":{"line":67,"column":66}},"type":"if","locations":[{"start":{"line":66,"column":8},"end":{"line":67,"column":66}},{"start":{},"end":{}}],"line":66}},"s":{"0":1,"1":1,"2":1,"3":1,"4":1,"5":1,"6":1,"7":1,"8":0,"9":0,"10":0,"11":0,"12":0,"13":0,"14":0,"15":0,"16":0,"17":0,"18":0,"19":0,"20":1,"21":0,"22":0,"23":0,"24":0,"25":0,"26":0,"27":0,"28":0,"29":0,"30":0,"31":0,"32":0,"33":0,"34":0,"35":0,"36":0,"37":0,"38":1},"f":{"0":0,"1":0},"b":{"0":[0,0],"1":[0,0],"2":[0,0]},"_coverageSchema":"1a1c01bbd47fc00a2c39e90264f33305004495a9","hash":"35874d2372ff234e84b432d36c37e32cf502ecf8"}
,"C:\\Users\\quent\\WebstormProjects\\TrentoJOB\\ours\\app\\models\\announcementModel.js": {"path":"C:\\Users\\quent\\WebstormProjects\\TrentoJOB\\ours\\app\\models\\announcementModel.js","statementMap":{"0":{"start":{"line":1,"column":17},"end":{"line":1,"column":36}},"1":{"start":{"line":2,"column":22},"end":{"line":2,"column":44}},"2":{"start":{"line":4,"column":21},"end":{"line":45,"column":3}},"3":{"start":{"line":49,"column":0},"end":{"line":51,"column":1}}},"fnMap":{},"branchMap":{},"s":{"0":6,"1":6,"2":6,"3":6},"f":{},"b":{},"_coverageSchema":"1a1c01bbd47fc00a2c39e90264f33305004495a9","hash":"504731af02c76d90d251931d06a546eda7dedee4"}
,"C:\\Users\\quent\\WebstormProjects\\TrentoJOB\\ours\\app\\models\\chatModel.js": {"path":"C:\\Users\\quent\\WebstormProjects\\TrentoJOB\\ours\\app\\models\\chatModel.js","statementMap":{"0":{"start":{"line":1,"column":17},"end":{"line":1,"column":36}},"1":{"start":{"line":2,"column":54},"end":{"line":2,"column":76}},"2":{"start":{"line":4,"column":13},"end":{"line":22,"column":3}},"3":{"start":{"line":26,"column":0},"end":{"line":28,"column":2}}},"fnMap":{},"branchMap":{},"s":{"0":9,"1":9,"2":9,"3":9},"f":{},"b":{},"_coverageSchema":"1a1c01bbd47fc00a2c39e90264f33305004495a9","hash":"a52d8ee9cd4e82857b7fde64d44a87d54498e879"}
,"C:\\Users\\quent\\WebstormProjects\\TrentoJOB\\ours\\app\\models\\eventModel.js": {"path":"C:\\Users\\quent\\WebstormProjects\\TrentoJOB\\ours\\app\\models\\eventModel.js","statementMap":{"0":{"start":{"line":1,"column":17},"end":{"line":1,"column":36}},"1":{"start":{"line":2,"column":37},"end":{"line":2,"column":59}},"2":{"start":{"line":4,"column":14},"end":{"line":49,"column":3}},"3":{"start":{"line":53,"column":0},"end":{"line":55,"column":2}}},"fnMap":{},"branchMap":{},"s":{"0":9,"1":9,"2":9,"3":9},"f":{},"b":{},"_coverageSchema":"1a1c01bbd47fc00a2c39e90264f33305004495a9","hash":"c1f27b968ff14b30d8a8269c1a88cfd7ff983b57"}
,"C:\\Users\\quent\\WebstormProjects\\TrentoJOB\\ours\\app\\models\\profileModel.js": {"path":"C:\\Users\\quent\\WebstormProjects\\TrentoJOB\\ours\\app\\models\\profileModel.js","statementMap":{"0":{"start":{"line":1,"column":17},"end":{"line":1,"column":36}},"1":{"start":{"line":2,"column":15},"end":{"line":2,"column":37}},"2":{"start":{"line":3,"column":21},"end":{"line":3,"column":43}},"3":{"start":{"line":5,"column":16},"end":{"line":53,"column":3}},"4":{"start":{"line":55,"column":13},"end":{"line":93,"column":3}},"5":{"start":{"line":95,"column":21},"end":{"line":123,"column":3}},"6":{"start":{"line":125,"column":14},"end":{"line":135,"column":3}},"7":{"start":{"line":137,"column":0},"end":{"line":142,"column":2}}},"fnMap":{},"branchMap":{},"s":{"0":9,"1":9,"2":9,"3":9,"4":9,"5":9,"6":9,"7":9},"f":{},"b":{},"_coverageSchema":"1a1c01bbd47fc00a2c39e90264f33305004495a9","hash":"823ef9ae692e1c5bb6c84640619c5086e711d58c"}
,"C:\\Users\\quent\\WebstormProjects\\TrentoJOB\\ours\\app\\models\\subModels.js": {"path":"C:\\Users\\quent\\WebstormProjects\\TrentoJOB\\ours\\app\\models\\subModels.js","statementMap":{"0":{"start":{"line":1,"column":17},"end":{"line":1,"column":36}},"1":{"start":{"line":4,"column":21},"end":{"line":17,"column":2}},"2":{"start":{"line":19,"column":15},"end":{"line":36,"column":2}},"3":{"start":{"line":38,"column":16},"end":{"line":54,"column":2}},"4":{"start":{"line":56,"column":19},"end":{"line":85,"column":2}},"5":{"start":{"line":87,"column":22},"end":{"line":102,"column":2}},"6":{"start":{"line":105,"column":16},"end":{"line":105,"column":56}},"7":{"start":{"line":109,"column":0},"end":{"line":116,"column":1}}},"fnMap":{},"branchMap":{},"s":{"0":9,"1":9,"2":9,"3":9,"4":9,"5":9,"6":9,"7":9},"f":{},"b":{},"_coverageSchema":"1a1c01bbd47fc00a2c39e90264f33305004495a9","hash":"5896155f70d916c31420538bb5d869a063780eff"}
,"C:\\Users\\quent\\WebstormProjects\\TrentoJOB\\ours\\app\\models\\verificationModel.js": {"path":"C:\\Users\\quent\\WebstormProjects\\TrentoJOB\\ours\\app\\models\\verificationModel.js","statementMap":{"0":{"start":{"line":1,"column":17},"end":{"line":1,"column":36}},"1":{"start":{"line":2,"column":22},"end":{"line":2,"column":44}},"2":{"start":{"line":4,"column":21},"end":{"line":14,"column":3}},"3":{"start":{"line":16,"column":0},"end":{"line":18,"column":2}}},"fnMap":{},"branchMap":{},"s":{"0":9,"1":9,"2":9,"3":9},"f":{},"b":{},"_coverageSchema":"1a1c01bbd47fc00a2c39e90264f33305004495a9","hash":"6614bdca16899f526218a343f4147b48fbb5fbb3"}
,"C:\\Users\\quent\\WebstormProjects\\TrentoJOB\\ours\\test\\db.js": {"path":"C:\\Users\\quent\\WebstormProjects\\TrentoJOB\\ours\\test\\db.js","statementMap":{"0":{"start":{"line":1,"column":17},"end":{"line":1,"column":36}},"1":{"start":{"line":2,"column":30},"end":{"line":2,"column":62}},"2":{"start":{"line":7,"column":4},"end":{"line":7,"column":51}},"3":{"start":{"line":8,"column":16},"end":{"line":8,"column":36}},"4":{"start":{"line":9,"column":4},"end":{"line":9,"column":32}},"5":{"start":{"line":13,"column":4},"end":{"line":13,"column":32}},"6":{"start":{"line":14,"column":4},"end":{"line":14,"column":29}},"7":{"start":{"line":17,"column":0},"end":{"line":17,"column":41}}},"fnMap":{"0":{"name":"connect","decl":{"start":{"line":6,"column":15},"end":{"line":6,"column":22}},"loc":{"start":{"line":6,"column":25},"end":{"line":10,"column":1}},"line":6},"1":{"name":"disconnect","decl":{"start":{"line":12,"column":15},"end":{"line":12,"column":25}},"loc":{"start":{"line":12,"column":28},"end":{"line":15,"column":1}},"line":12}},"branchMap":{},"s":{"0":8,"1":8,"2":8,"3":8,"4":8,"5":8,"6":8,"7":8},"f":{"0":8,"1":8},"b":{},"_coverageSchema":"1a1c01bbd47fc00a2c39e90264f33305004495a9","hash":"25121e7ab9c0a4fc515fd905e3d70d06d28762a0"}
}
