{"C:\\Users\\alber\\Desktop\\IS\\TrentoJOB\\ours\\app.js": {"path":"C:\\Users\\alber\\Desktop\\IS\\TrentoJOB\\ours\\app.js","statementMap":{"0":{"start":{"line":1,"column":16},"end":{"line":1,"column":34}},"1":{"start":{"line":2,"column":13},"end":{"line":2,"column":28}},"2":{"start":{"line":3,"column":13},"end":{"line":3,"column":28}},"3":{"start":{"line":4,"column":38},"end":{"line":4,"column":65}},"4":{"start":{"line":6,"column":12},"end":{"line":6,"column":21}},"5":{"start":{"line":9,"column":0},"end":{"line":9,"column":24}},"6":{"start":{"line":10,"column":0},"end":{"line":10,"column":48}},"7":{"start":{"line":13,"column":0},"end":{"line":13,"column":16}},"8":{"start":{"line":16,"column":17},"end":{"line":16,"column":105}},"9":{"start":{"line":17,"column":0},"end":{"line":17,"column":49}},"10":{"start":{"line":18,"column":0},"end":{"line":18,"column":39}},"11":{"start":{"line":21,"column":0},"end":{"line":21,"column":16}},"12":{"start":{"line":22,"column":0},"end":{"line":22,"column":27}},"13":{"start":{"line":25,"column":16},"end":{"line":25,"column":52}},"14":{"start":{"line":26,"column":20},"end":{"line":26,"column":60}},"15":{"start":{"line":27,"column":17},"end":{"line":27,"column":48}},"16":{"start":{"line":28,"column":16},"end":{"line":28,"column":46}},"17":{"start":{"line":29,"column":24},"end":{"line":29,"column":62}},"18":{"start":{"line":30,"column":17},"end":{"line":30,"column":48}},"19":{"start":{"line":31,"column":24},"end":{"line":31,"column":62}},"20":{"start":{"line":32,"column":16},"end":{"line":32,"column":46}},"21":{"start":{"line":33,"column":19},"end":{"line":33,"column":52}},"22":{"start":{"line":35,"column":0},"end":{"line":35,"column":26}},"23":{"start":{"line":36,"column":0},"end":{"line":36,"column":34}},"24":{"start":{"line":37,"column":0},"end":{"line":37,"column":28}},"25":{"start":{"line":38,"column":0},"end":{"line":38,"column":26}},"26":{"start":{"line":39,"column":0},"end":{"line":39,"column":42}},"27":{"start":{"line":40,"column":0},"end":{"line":40,"column":28}},"28":{"start":{"line":41,"column":0},"end":{"line":41,"column":42}},"29":{"start":{"line":42,"column":0},"end":{"line":42,"column":26}},"30":{"start":{"line":43,"column":0},"end":{"line":43,"column":32}},"31":{"start":{"line":46,"column":0},"end":{"line":48,"column":3}},"32":{"start":{"line":47,"column":4},"end":{"line":47,"column":49}},"33":{"start":{"line":50,"column":0},"end":{"line":50,"column":21}}},"fnMap":{"0":{"name":"(anonymous_0)","decl":{"start":{"line":46,"column":8},"end":{"line":46,"column":9}},"loc":{"start":{"line":46,"column":22},"end":{"line":48,"column":1}},"line":46}},"branchMap":{"0":{"loc":{"start":{"line":16,"column":17},"end":{"line":16,"column":105}},"type":"binary-expr","locations":[{"start":{"line":16,"column":17},"end":{"line":16,"column":37}},{"start":{"line":16,"column":41},"end":{"line":16,"column":105}}],"line":16}},"s":{"0":1,"1":1,"2":1,"3":1,"4":1,"5":1,"6":1,"7":1,"8":1,"9":1,"10":1,"11":1,"12":1,"13":1,"14":1,"15":1,"16":1,"17":1,"18":1,"19":1,"20":1,"21":1,"22":1,"23":1,"24":1,"25":1,"26":1,"27":1,"28":1,"29":1,"30":1,"31":1,"32":0,"33":1},"f":{"0":0},"b":{"0":[1,1]},"_coverageSchema":"1a1c01bbd47fc00a2c39e90264f33305004495a9","hash":"ffea0e1425393ca7c0ad81197355339b82716dbd"}
,"C:\\Users\\alber\\Desktop\\IS\\TrentoJOB\\ours\\app\\mailBody.js": {"path":"C:\\Users\\alber\\Desktop\\IS\\TrentoJOB\\ours\\app\\mailBody.js","statementMap":{"0":{"start":{"line":1,"column":21},"end":{"line":75,"column":1}},"1":{"start":{"line":2,"column":4},"end":{"line":74,"column":12}},"2":{"start":{"line":77,"column":21},"end":{"line":152,"column":1}},"3":{"start":{"line":78,"column":4},"end":{"line":151,"column":12}},"4":{"start":{"line":154,"column":26},"end":{"line":220,"column":1}},"5":{"start":{"line":155,"column":4},"end":{"line":219,"column":13}},"6":{"start":{"line":222,"column":22},"end":{"line":297,"column":1}},"7":{"start":{"line":223,"column":4},"end":{"line":296,"column":13}},"8":{"start":{"line":301,"column":0},"end":{"line":306,"column":1}}},"fnMap":{"0":{"name":"(anonymous_0)","decl":{"start":{"line":1,"column":21},"end":{"line":1,"column":22}},"loc":{"start":{"line":1,"column":36},"end":{"line":75,"column":1}},"line":1},"1":{"name":"(anonymous_1)","decl":{"start":{"line":77,"column":21},"end":{"line":77,"column":22}},"loc":{"start":{"line":77,"column":36},"end":{"line":152,"column":1}},"line":77},"2":{"name":"(anonymous_2)","decl":{"start":{"line":154,"column":26},"end":{"line":154,"column":27}},"loc":{"start":{"line":154,"column":35},"end":{"line":220,"column":1}},"line":154},"3":{"name":"(anonymous_3)","decl":{"start":{"line":222,"column":22},"end":{"line":222,"column":23}},"loc":{"start":{"line":222,"column":37},"end":{"line":297,"column":1}},"line":222}},"branchMap":{},"s":{"0":3,"1":1,"2":3,"3":0,"4":3,"5":0,"6":3,"7":0,"8":3},"f":{"0":1,"1":0,"2":0,"3":0},"b":{},"_coverageSchema":"1a1c01bbd47fc00a2c39e90264f33305004495a9","hash":"2368e1cffe31f1fd6a756c57e7f84a05518344ab"}
,"C:\\Users\\alber\\Desktop\\IS\\TrentoJOB\\ours\\app\\middleware.js": {"path":"C:\\Users\\alber\\Desktop\\IS\\TrentoJOB\\ours\\app\\middleware.js","statementMap":{"0":{"start":{"line":1,"column":17},"end":{"line":1,"column":40}},"1":{"start":{"line":2,"column":18},"end":{"line":2,"column":50}},"2":{"start":{"line":3,"column":15},"end":{"line":3,"column":44}},"3":{"start":{"line":6,"column":15},"end":{"line":9,"column":1}},"4":{"start":{"line":7,"column":4},"end":{"line":7,"column":44}},"5":{"start":{"line":8,"column":4},"end":{"line":8,"column":11}},"6":{"start":{"line":12,"column":26},"end":{"line":39,"column":1}},"7":{"start":{"line":13,"column":23},"end":{"line":13,"column":51}},"8":{"start":{"line":14,"column":18},"end":{"line":14,"column":56}},"9":{"start":{"line":17,"column":4},"end":{"line":17,"column":30}},"10":{"start":{"line":17,"column":16},"end":{"line":17,"column":30}},"11":{"start":{"line":19,"column":4},"end":{"line":38,"column":7}},"12":{"start":{"line":20,"column":8},"end":{"line":20,"column":80}},"13":{"start":{"line":20,"column":24},"end":{"line":20,"column":80}},"14":{"start":{"line":23,"column":21},"end":{"line":23,"column":47}},"15":{"start":{"line":24,"column":8},"end":{"line":24,"column":81}},"16":{"start":{"line":24,"column":19},"end":{"line":24,"column":81}},"17":{"start":{"line":27,"column":24},"end":{"line":27,"column":39}},"18":{"start":{"line":28,"column":8},"end":{"line":28,"column":45}},"19":{"start":{"line":29,"column":8},"end":{"line":34,"column":11}},"20":{"start":{"line":30,"column":12},"end":{"line":30,"column":41}},"21":{"start":{"line":31,"column":12},"end":{"line":31,"column":43}},"22":{"start":{"line":32,"column":12},"end":{"line":32,"column":53}},"23":{"start":{"line":33,"column":12},"end":{"line":33,"column":24}},"24":{"start":{"line":36,"column":8},"end":{"line":36,"column":27}},"25":{"start":{"line":37,"column":8},"end":{"line":37,"column":15}},"26":{"start":{"line":42,"column":22},"end":{"line":48,"column":1}},"27":{"start":{"line":44,"column":4},"end":{"line":47,"column":65}},"28":{"start":{"line":45,"column":8},"end":{"line":45,"column":15}},"29":{"start":{"line":47,"column":8},"end":{"line":47,"column":65}},"30":{"start":{"line":50,"column":19},"end":{"line":54,"column":1}},"31":{"start":{"line":51,"column":4},"end":{"line":52,"column":72}},"32":{"start":{"line":52,"column":8},"end":{"line":52,"column":72}},"33":{"start":{"line":53,"column":4},"end":{"line":53,"column":11}},"34":{"start":{"line":56,"column":20},"end":{"line":68,"column":1}},"35":{"start":{"line":57,"column":4},"end":{"line":67,"column":5}},"36":{"start":{"line":58,"column":21},"end":{"line":58,"column":55}},"37":{"start":{"line":60,"column":8},"end":{"line":61,"column":76}},"38":{"start":{"line":61,"column":12},"end":{"line":61,"column":76}},"39":{"start":{"line":62,"column":8},"end":{"line":62,"column":15}},"40":{"start":{"line":65,"column":8},"end":{"line":65,"column":25}},"41":{"start":{"line":66,"column":8},"end":{"line":66,"column":65}},"42":{"start":{"line":70,"column":18},"end":{"line":74,"column":1}},"43":{"start":{"line":70,"column":28},"end":{"line":74,"column":1}},"44":{"start":{"line":71,"column":4},"end":{"line":72,"column":72}},"45":{"start":{"line":72,"column":8},"end":{"line":72,"column":72}},"46":{"start":{"line":73,"column":4},"end":{"line":73,"column":11}},"47":{"start":{"line":76,"column":0},"end":{"line":83,"column":1}}},"fnMap":{"0":{"name":"(anonymous_0)","decl":{"start":{"line":6,"column":15},"end":{"line":6,"column":16}},"loc":{"start":{"line":6,"column":35},"end":{"line":9,"column":1}},"line":6},"1":{"name":"(anonymous_1)","decl":{"start":{"line":12,"column":26},"end":{"line":12,"column":27}},"loc":{"start":{"line":12,"column":46},"end":{"line":39,"column":1}},"line":12},"2":{"name":"(anonymous_2)","decl":{"start":{"line":19,"column":48},"end":{"line":19,"column":49}},"loc":{"start":{"line":19,"column":67},"end":{"line":38,"column":5}},"line":19},"3":{"name":"(anonymous_3)","decl":{"start":{"line":29,"column":42},"end":{"line":29,"column":43}},"loc":{"start":{"line":29,"column":50},"end":{"line":34,"column":9}},"line":29},"4":{"name":"(anonymous_4)","decl":{"start":{"line":42,"column":22},"end":{"line":42,"column":23}},"loc":{"start":{"line":42,"column":42},"end":{"line":48,"column":1}},"line":42},"5":{"name":"(anonymous_5)","decl":{"start":{"line":50,"column":19},"end":{"line":50,"column":20}},"loc":{"start":{"line":50,"column":45},"end":{"line":54,"column":1}},"line":50},"6":{"name":"(anonymous_6)","decl":{"start":{"line":56,"column":20},"end":{"line":56,"column":21}},"loc":{"start":{"line":56,"column":46},"end":{"line":68,"column":1}},"line":56},"7":{"name":"(anonymous_7)","decl":{"start":{"line":70,"column":18},"end":{"line":70,"column":19}},"loc":{"start":{"line":70,"column":28},"end":{"line":74,"column":1}},"line":70},"8":{"name":"(anonymous_8)","decl":{"start":{"line":70,"column":28},"end":{"line":70,"column":29}},"loc":{"start":{"line":70,"column":48},"end":{"line":74,"column":1}},"line":70}},"branchMap":{"0":{"loc":{"start":{"line":14,"column":18},"end":{"line":14,"column":56}},"type":"binary-expr","locations":[{"start":{"line":14,"column":18},"end":{"line":14,"column":28}},{"start":{"line":14,"column":32},"end":{"line":14,"column":56}}],"line":14},"1":{"loc":{"start":{"line":17,"column":4},"end":{"line":17,"column":30}},"type":"if","locations":[{"start":{"line":17,"column":4},"end":{"line":17,"column":30}},{"start":{},"end":{}}],"line":17},"2":{"loc":{"start":{"line":20,"column":8},"end":{"line":20,"column":80}},"type":"if","locations":[{"start":{"line":20,"column":8},"end":{"line":20,"column":80}},{"start":{},"end":{}}],"line":20},"3":{"loc":{"start":{"line":20,"column":12},"end":{"line":20,"column":22}},"type":"binary-expr","locations":[{"start":{"line":20,"column":12},"end":{"line":20,"column":15}},{"start":{"line":20,"column":19},"end":{"line":20,"column":22}}],"line":20},"4":{"loc":{"start":{"line":24,"column":8},"end":{"line":24,"column":81}},"type":"if","locations":[{"start":{"line":24,"column":8},"end":{"line":24,"column":81}},{"start":{},"end":{}}],"line":24},"5":{"loc":{"start":{"line":44,"column":4},"end":{"line":47,"column":65}},"type":"if","locations":[{"start":{"line":44,"column":4},"end":{"line":47,"column":65}},{"start":{"line":47,"column":8},"end":{"line":47,"column":65}}],"line":44},"6":{"loc":{"start":{"line":44,"column":8},"end":{"line":44,"column":97}},"type":"binary-expr","locations":[{"start":{"line":44,"column":8},"end":{"line":44,"column":16}},{"start":{"line":44,"column":21},"end":{"line":44,"column":46}},{"start":{"line":44,"column":50},"end":{"line":44,"column":96}}],"line":44},"7":{"loc":{"start":{"line":51,"column":4},"end":{"line":52,"column":72}},"type":"if","locations":[{"start":{"line":51,"column":4},"end":{"line":52,"column":72}},{"start":{},"end":{}}],"line":51},"8":{"loc":{"start":{"line":60,"column":8},"end":{"line":61,"column":76}},"type":"if","locations":[{"start":{"line":60,"column":8},"end":{"line":61,"column":76}},{"start":{},"end":{}}],"line":60},"9":{"loc":{"start":{"line":60,"column":12},"end":{"line":60,"column":91}},"type":"binary-expr","locations":[{"start":{"line":60,"column":12},"end":{"line":60,"column":17}},{"start":{"line":60,"column":22},"end":{"line":60,"column":54}},{"start":{"line":60,"column":58},"end":{"line":60,"column":90}}],"line":60},"10":{"loc":{"start":{"line":71,"column":4},"end":{"line":72,"column":72}},"type":"if","locations":[{"start":{"line":71,"column":4},"end":{"line":72,"column":72}},{"start":{},"end":{}}],"line":71},"11":{"loc":{"start":{"line":71,"column":8},"end":{"line":71,"column":43}},"type":"binary-expr","locations":[{"start":{"line":71,"column":8},"end":{"line":71,"column":17}},{"start":{"line":71,"column":21},"end":{"line":71,"column":43}}],"line":71}},"s":{"0":3,"1":3,"2":3,"3":3,"4":0,"5":0,"6":3,"7":16,"8":16,"9":16,"10":10,"11":6,"12":6,"13":0,"14":6,"15":6,"16":0,"17":6,"18":6,"19":6,"20":0,"21":0,"22":0,"23":0,"24":6,"25":6,"26":3,"27":2,"28":2,"29":0,"30":3,"31":1,"32":0,"33":1,"34":3,"35":0,"36":0,"37":0,"38":0,"39":0,"40":0,"41":0,"42":3,"43":2,"44":4,"45":1,"46":3,"47":3},"f":{"0":0,"1":16,"2":6,"3":0,"4":2,"5":1,"6":0,"7":2,"8":4},"b":{"0":[16,6],"1":[10,6],"2":[0,6],"3":[6,6],"4":[0,6],"5":[2,0],"6":[2,2,2],"7":[0,1],"8":[0,0],"9":[0,0,0],"10":[1,3],"11":[4,3]},"_coverageSchema":"1a1c01bbd47fc00a2c39e90264f33305004495a9","hash":"ad9dca6d4bbc346254cc90a09038f6d9d03d7b12"}
,"C:\\Users\\alber\\Desktop\\IS\\TrentoJOB\\ours\\app\\nodeMail.js": {"path":"C:\\Users\\alber\\Desktop\\IS\\TrentoJOB\\ours\\app\\nodeMail.js","statementMap":{"0":{"start":{"line":1,"column":19},"end":{"line":1,"column":40}},"1":{"start":{"line":3,"column":20},"end":{"line":9,"column":2}},"2":{"start":{"line":11,"column":0},"end":{"line":17,"column":2}},"3":{"start":{"line":12,"column":4},"end":{"line":16,"column":38}},"4":{"start":{"line":16,"column":20},"end":{"line":16,"column":36}}},"fnMap":{"0":{"name":"(anonymous_0)","decl":{"start":{"line":11,"column":24},"end":{"line":11,"column":25}},"loc":{"start":{"line":11,"column":47},"end":{"line":17,"column":1}},"line":11},"1":{"name":"(anonymous_1)","decl":{"start":{"line":16,"column":13},"end":{"line":16,"column":14}},"loc":{"start":{"line":16,"column":20},"end":{"line":16,"column":36}},"line":16}},"branchMap":{},"s":{"0":3,"1":3,"2":3,"3":1,"4":0},"f":{"0":1,"1":0},"b":{},"_coverageSchema":"1a1c01bbd47fc00a2c39e90264f33305004495a9","hash":"59635c431fd3044c1528fbc93a5a17722fab2bef"}
,"C:\\Users\\alber\\Desktop\\IS\\TrentoJOB\\ours\\app\\utils.js": {"path":"C:\\Users\\alber\\Desktop\\IS\\TrentoJOB\\ours\\app\\utils.js","statementMap":{"0":{"start":{"line":1,"column":39},"end":{"line":1,"column":71}},"1":{"start":{"line":2,"column":16},"end":{"line":2,"column":46}},"2":{"start":{"line":3,"column":23},"end":{"line":3,"column":60}},"3":{"start":{"line":4,"column":15},"end":{"line":4,"column":32}},"4":{"start":{"line":5,"column":13},"end":{"line":5,"column":34}},"5":{"start":{"line":6,"column":23},"end":{"line":6,"column":44}},"6":{"start":{"line":7,"column":15},"end":{"line":7,"column":38}},"7":{"start":{"line":10,"column":17},"end":{"line":33,"column":1}},"8":{"start":{"line":11,"column":4},"end":{"line":32,"column":5}},"9":{"start":{"line":13,"column":28},"end":{"line":13,"column":76}},"10":{"start":{"line":14,"column":8},"end":{"line":15,"column":77}},"11":{"start":{"line":15,"column":12},"end":{"line":15,"column":77}},"12":{"start":{"line":18,"column":8},"end":{"line":18,"column":62}},"13":{"start":{"line":19,"column":19},"end":{"line":19,"column":38}},"14":{"start":{"line":20,"column":8},"end":{"line":20,"column":25}},"15":{"start":{"line":22,"column":26},"end":{"line":22,"column":43}},"16":{"start":{"line":23,"column":8},"end":{"line":23,"column":54}},"17":{"start":{"line":26,"column":28},"end":{"line":26,"column":129}},"18":{"start":{"line":27,"column":20},"end":{"line":27,"column":78}},"19":{"start":{"line":28,"column":21},"end":{"line":28,"column":58}},"20":{"start":{"line":29,"column":8},"end":{"line":29,"column":57}},"21":{"start":{"line":31,"column":8},"end":{"line":31,"column":67}},"22":{"start":{"line":35,"column":20},"end":{"line":56,"column":1}},"23":{"start":{"line":36,"column":4},"end":{"line":55,"column":5}},"24":{"start":{"line":38,"column":8},"end":{"line":39,"column":35}},"25":{"start":{"line":39,"column":12},"end":{"line":39,"column":35}},"26":{"start":{"line":42,"column":23},"end":{"line":42,"column":42}},"27":{"start":{"line":43,"column":8},"end":{"line":47,"column":10}},"28":{"start":{"line":50,"column":31},"end":{"line":50,"column":52}},"29":{"start":{"line":51,"column":8},"end":{"line":51,"column":66}},"30":{"start":{"line":53,"column":8},"end":{"line":53,"column":24}},"31":{"start":{"line":54,"column":8},"end":{"line":54,"column":67}},"32":{"start":{"line":58,"column":15},"end":{"line":144,"column":1}},"33":{"start":{"line":59,"column":19},"end":{"line":59,"column":234}},"34":{"start":{"line":60,"column":4},"end":{"line":143,"column":5}},"35":{"start":{"line":61,"column":20},"end":{"line":61,"column":36}},"36":{"start":{"line":62,"column":19},"end":{"line":62,"column":21}},"37":{"start":{"line":64,"column":8},"end":{"line":72,"column":9}},"38":{"start":{"line":65,"column":31},"end":{"line":65,"column":59}},"39":{"start":{"line":66,"column":12},"end":{"line":66,"column":31}},"40":{"start":{"line":68,"column":12},"end":{"line":71,"column":44}},"41":{"start":{"line":69,"column":16},"end":{"line":69,"column":41}},"42":{"start":{"line":70,"column":17},"end":{"line":71,"column":44}},"43":{"start":{"line":71,"column":16},"end":{"line":71,"column":44}},"44":{"start":{"line":74,"column":8},"end":{"line":75,"column":56}},"45":{"start":{"line":75,"column":12},"end":{"line":75,"column":56}},"46":{"start":{"line":77,"column":8},"end":{"line":108,"column":9}},"47":{"start":{"line":78,"column":12},"end":{"line":79,"column":92}},"48":{"start":{"line":79,"column":16},"end":{"line":79,"column":92}},"49":{"start":{"line":81,"column":12},"end":{"line":107,"column":13}},"50":{"start":{"line":82,"column":16},"end":{"line":83,"column":54}},"51":{"start":{"line":83,"column":20},"end":{"line":83,"column":54}},"52":{"start":{"line":85,"column":16},"end":{"line":105,"column":17}},"53":{"start":{"line":86,"column":55},"end":{"line":86,"column":83}},"54":{"start":{"line":89,"column":46},"end":{"line":92,"column":21}},"55":{"start":{"line":90,"column":51},"end":{"line":90,"column":69}},"56":{"start":{"line":91,"column":24},"end":{"line":91,"column":57}},"57":{"start":{"line":94,"column":38},"end":{"line":94,"column":79}},"58":{"start":{"line":95,"column":36},"end":{"line":95,"column":75}},"59":{"start":{"line":96,"column":20},"end":{"line":96,"column":43}},"60":{"start":{"line":98,"column":20},"end":{"line":100,"column":21}},"61":{"start":{"line":99,"column":24},"end":{"line":99,"column":63}},"62":{"start":{"line":102,"column":20},"end":{"line":104,"column":21}},"63":{"start":{"line":103,"column":24},"end":{"line":103,"column":60}},"64":{"start":{"line":110,"column":8},"end":{"line":129,"column":9}},"65":{"start":{"line":111,"column":12},"end":{"line":111,"column":35}},"66":{"start":{"line":113,"column":12},"end":{"line":125,"column":13}},"67":{"start":{"line":114,"column":16},"end":{"line":114,"column":36}},"68":{"start":{"line":116,"column":16},"end":{"line":119,"column":17}},"69":{"start":{"line":117,"column":20},"end":{"line":117,"column":106}},"70":{"start":{"line":118,"column":20},"end":{"line":118,"column":40}},"71":{"start":{"line":121,"column":16},"end":{"line":124,"column":17}},"72":{"start":{"line":122,"column":20},"end":{"line":122,"column":106}},"73":{"start":{"line":123,"column":20},"end":{"line":123,"column":40}},"74":{"start":{"line":126,"column":15},"end":{"line":129,"column":9}},"75":{"start":{"line":127,"column":12},"end":{"line":127,"column":35}},"76":{"start":{"line":128,"column":12},"end":{"line":128,"column":34}},"77":{"start":{"line":131,"column":8},"end":{"line":135,"column":9}},"78":{"start":{"line":132,"column":26},"end":{"line":132,"column":53}},"79":{"start":{"line":133,"column":12},"end":{"line":133,"column":58}},"80":{"start":{"line":134,"column":12},"end":{"line":134,"column":32}},"81":{"start":{"line":138,"column":23},"end":{"line":138,"column":72}},"82":{"start":{"line":140,"column":8},"end":{"line":140,"column":37}},"83":{"start":{"line":142,"column":8},"end":{"line":142,"column":67}},"84":{"start":{"line":146,"column":19},"end":{"line":168,"column":1}},"85":{"start":{"line":147,"column":17},"end":{"line":147,"column":74}},"86":{"start":{"line":148,"column":4},"end":{"line":167,"column":5}},"87":{"start":{"line":149,"column":8},"end":{"line":152,"column":32}},"88":{"start":{"line":152,"column":12},"end":{"line":152,"column":32}},"89":{"start":{"line":154,"column":23},"end":{"line":154,"column":73}},"90":{"start":{"line":156,"column":8},"end":{"line":164,"column":9}},"91":{"start":{"line":157,"column":12},"end":{"line":160,"column":13}},"92":{"start":{"line":159,"column":16},"end":{"line":159,"column":104}},"93":{"start":{"line":159,"column":59},"end":{"line":159,"column":102}},"94":{"start":{"line":161,"column":12},"end":{"line":161,"column":41}},"95":{"start":{"line":163,"column":12},"end":{"line":163,"column":57}},"96":{"start":{"line":166,"column":8},"end":{"line":166,"column":67}},"97":{"start":{"line":170,"column":19},"end":{"line":220,"column":1}},"98":{"start":{"line":171,"column":4},"end":{"line":219,"column":5}},"99":{"start":{"line":172,"column":25},"end":{"line":172,"column":60}},"100":{"start":{"line":173,"column":8},"end":{"line":174,"column":66}},"101":{"start":{"line":174,"column":12},"end":{"line":174,"column":66}},"102":{"start":{"line":176,"column":8},"end":{"line":216,"column":9}},"103":{"start":{"line":177,"column":12},"end":{"line":205,"column":13}},"104":{"start":{"line":178,"column":16},"end":{"line":179,"column":82}},"105":{"start":{"line":179,"column":20},"end":{"line":179,"column":82}},"106":{"start":{"line":181,"column":16},"end":{"line":182,"column":79}},"107":{"start":{"line":181,"column":62},"end":{"line":181,"column":93}},"108":{"start":{"line":182,"column":20},"end":{"line":182,"column":79}},"109":{"start":{"line":184,"column":16},"end":{"line":184,"column":115}},"110":{"start":{"line":185,"column":16},"end":{"line":185,"column":38}},"111":{"start":{"line":186,"column":16},"end":{"line":186,"column":67}},"112":{"start":{"line":187,"column":19},"end":{"line":205,"column":13}},"113":{"start":{"line":188,"column":16},"end":{"line":189,"column":75}},"114":{"start":{"line":188,"column":63},"end":{"line":188,"column":94}},"115":{"start":{"line":189,"column":20},"end":{"line":189,"column":75}},"116":{"start":{"line":191,"column":16},"end":{"line":191,"column":117}},"117":{"start":{"line":191,"column":84},"end":{"line":191,"column":115}},"118":{"start":{"line":192,"column":16},"end":{"line":192,"column":38}},"119":{"start":{"line":193,"column":16},"end":{"line":193,"column":65}},"120":{"start":{"line":196,"column":16},"end":{"line":197,"column":84}},"121":{"start":{"line":197,"column":20},"end":{"line":197,"column":84}},"122":{"start":{"line":199,"column":16},"end":{"line":201,"column":17}},"123":{"start":{"line":200,"column":20},"end":{"line":200,"column":50}},"124":{"start":{"line":203,"column":16},"end":{"line":203,"column":38}},"125":{"start":{"line":204,"column":16},"end":{"line":204,"column":68}},"126":{"start":{"line":207,"column":15},"end":{"line":216,"column":9}},"127":{"start":{"line":208,"column":12},"end":{"line":212,"column":13}},"128":{"start":{"line":209,"column":16},"end":{"line":211,"column":17}},"129":{"start":{"line":210,"column":20},"end":{"line":210,"column":50}},"130":{"start":{"line":214,"column":12},"end":{"line":214,"column":34}},"131":{"start":{"line":215,"column":12},"end":{"line":215,"column":74}},"132":{"start":{"line":218,"column":8},"end":{"line":218,"column":81}},"133":{"start":{"line":223,"column":14},"end":{"line":234,"column":1}},"134":{"start":{"line":224,"column":4},"end":{"line":233,"column":5}},"135":{"start":{"line":225,"column":23},"end":{"line":225,"column":67}},"136":{"start":{"line":226,"column":8},"end":{"line":230,"column":9}},"137":{"start":{"line":227,"column":12},"end":{"line":227,"column":41}},"138":{"start":{"line":229,"column":12},"end":{"line":229,"column":57}},"139":{"start":{"line":232,"column":8},"end":{"line":232,"column":67}},"140":{"start":{"line":238,"column":0},"end":{"line":245,"column":2}}},"fnMap":{"0":{"name":"(anonymous_0)","decl":{"start":{"line":10,"column":17},"end":{"line":10,"column":18}},"loc":{"start":{"line":10,"column":50},"end":{"line":33,"column":1}},"line":10},"1":{"name":"(anonymous_1)","decl":{"start":{"line":35,"column":20},"end":{"line":35,"column":21}},"loc":{"start":{"line":35,"column":47},"end":{"line":56,"column":1}},"line":35},"2":{"name":"(anonymous_2)","decl":{"start":{"line":58,"column":15},"end":{"line":58,"column":16}},"loc":{"start":{"line":58,"column":42},"end":{"line":144,"column":1}},"line":58},"3":{"name":"(anonymous_3)","decl":{"start":{"line":89,"column":46},"end":{"line":89,"column":47}},"loc":{"start":{"line":89,"column":59},"end":{"line":92,"column":21}},"line":89},"4":{"name":"(anonymous_4)","decl":{"start":{"line":146,"column":19},"end":{"line":146,"column":20}},"loc":{"start":{"line":146,"column":46},"end":{"line":168,"column":1}},"line":146},"5":{"name":"(anonymous_5)","decl":{"start":{"line":159,"column":49},"end":{"line":159,"column":50}},"loc":{"start":{"line":159,"column":59},"end":{"line":159,"column":102}},"line":159},"6":{"name":"(anonymous_6)","decl":{"start":{"line":170,"column":19},"end":{"line":170,"column":20}},"loc":{"start":{"line":170,"column":46},"end":{"line":220,"column":1}},"line":170},"7":{"name":"(anonymous_7)","decl":{"start":{"line":181,"column":47},"end":{"line":181,"column":48}},"loc":{"start":{"line":181,"column":62},"end":{"line":181,"column":93}},"line":181},"8":{"name":"(anonymous_8)","decl":{"start":{"line":188,"column":48},"end":{"line":188,"column":49}},"loc":{"start":{"line":188,"column":63},"end":{"line":188,"column":94}},"line":188},"9":{"name":"(anonymous_9)","decl":{"start":{"line":191,"column":69},"end":{"line":191,"column":70}},"loc":{"start":{"line":191,"column":84},"end":{"line":191,"column":115}},"line":191},"10":{"name":"(anonymous_10)","decl":{"start":{"line":223,"column":14},"end":{"line":223,"column":15}},"loc":{"start":{"line":223,"column":41},"end":{"line":234,"column":1}},"line":223}},"branchMap":{"0":{"loc":{"start":{"line":14,"column":8},"end":{"line":15,"column":77}},"type":"if","locations":[{"start":{"line":14,"column":8},"end":{"line":15,"column":77}},{"start":{},"end":{}}],"line":14},"1":{"loc":{"start":{"line":38,"column":8},"end":{"line":39,"column":35}},"type":"if","locations":[{"start":{"line":38,"column":8},"end":{"line":39,"column":35}},{"start":{},"end":{}}],"line":38},"2":{"loc":{"start":{"line":64,"column":8},"end":{"line":72,"column":9}},"type":"if","locations":[{"start":{"line":64,"column":8},"end":{"line":72,"column":9}},{"start":{},"end":{}}],"line":64},"3":{"loc":{"start":{"line":68,"column":12},"end":{"line":71,"column":44}},"type":"if","locations":[{"start":{"line":68,"column":12},"end":{"line":71,"column":44}},{"start":{"line":70,"column":17},"end":{"line":71,"column":44}}],"line":68},"4":{"loc":{"start":{"line":68,"column":16},"end":{"line":68,"column":57}},"type":"binary-expr","locations":[{"start":{"line":68,"column":16},"end":{"line":68,"column":31}},{"start":{"line":68,"column":35},"end":{"line":68,"column":57}}],"line":68},"5":{"loc":{"start":{"line":70,"column":17},"end":{"line":71,"column":44}},"type":"if","locations":[{"start":{"line":70,"column":17},"end":{"line":71,"column":44}},{"start":{},"end":{}}],"line":70},"6":{"loc":{"start":{"line":70,"column":21},"end":{"line":70,"column":61}},"type":"binary-expr","locations":[{"start":{"line":70,"column":21},"end":{"line":70,"column":35}},{"start":{"line":70,"column":39},"end":{"line":70,"column":61}}],"line":70},"7":{"loc":{"start":{"line":74,"column":8},"end":{"line":75,"column":56}},"type":"if","locations":[{"start":{"line":74,"column":8},"end":{"line":75,"column":56}},{"start":{},"end":{}}],"line":74},"8":{"loc":{"start":{"line":77,"column":8},"end":{"line":108,"column":9}},"type":"if","locations":[{"start":{"line":77,"column":8},"end":{"line":108,"column":9}},{"start":{},"end":{}}],"line":77},"9":{"loc":{"start":{"line":77,"column":12},"end":{"line":77,"column":53}},"type":"binary-expr","locations":[{"start":{"line":77,"column":12},"end":{"line":77,"column":27}},{"start":{"line":77,"column":31},"end":{"line":77,"column":53}}],"line":77},"10":{"loc":{"start":{"line":78,"column":12},"end":{"line":79,"column":92}},"type":"if","locations":[{"start":{"line":78,"column":12},"end":{"line":79,"column":92}},{"start":{},"end":{}}],"line":78},"11":{"loc":{"start":{"line":81,"column":12},"end":{"line":107,"column":13}},"type":"if","locations":[{"start":{"line":81,"column":12},"end":{"line":107,"column":13}},{"start":{"line":84,"column":19},"end":{"line":107,"column":13}}],"line":81},"12":{"loc":{"start":{"line":82,"column":16},"end":{"line":83,"column":54}},"type":"if","locations":[{"start":{"line":82,"column":16},"end":{"line":83,"column":54}},{"start":{},"end":{}}],"line":82},"13":{"loc":{"start":{"line":85,"column":16},"end":{"line":105,"column":17}},"type":"if","locations":[{"start":{"line":85,"column":16},"end":{"line":105,"column":17}},{"start":{},"end":{}}],"line":85},"14":{"loc":{"start":{"line":98,"column":20},"end":{"line":100,"column":21}},"type":"if","locations":[{"start":{"line":98,"column":20},"end":{"line":100,"column":21}},{"start":{},"end":{}}],"line":98},"15":{"loc":{"start":{"line":102,"column":20},"end":{"line":104,"column":21}},"type":"if","locations":[{"start":{"line":102,"column":20},"end":{"line":104,"column":21}},{"start":{},"end":{}}],"line":102},"16":{"loc":{"start":{"line":110,"column":8},"end":{"line":129,"column":9}},"type":"if","locations":[{"start":{"line":110,"column":8},"end":{"line":129,"column":9}},{"start":{"line":126,"column":15},"end":{"line":129,"column":9}}],"line":110},"17":{"loc":{"start":{"line":113,"column":12},"end":{"line":125,"column":13}},"type":"if","locations":[{"start":{"line":113,"column":12},"end":{"line":125,"column":13}},{"start":{},"end":{}}],"line":113},"18":{"loc":{"start":{"line":113,"column":16},"end":{"line":113,"column":44}},"type":"binary-expr","locations":[{"start":{"line":113,"column":16},"end":{"line":113,"column":28}},{"start":{"line":113,"column":32},"end":{"line":113,"column":44}}],"line":113},"19":{"loc":{"start":{"line":116,"column":16},"end":{"line":119,"column":17}},"type":"if","locations":[{"start":{"line":116,"column":16},"end":{"line":119,"column":17}},{"start":{},"end":{}}],"line":116},"20":{"loc":{"start":{"line":121,"column":16},"end":{"line":124,"column":17}},"type":"if","locations":[{"start":{"line":121,"column":16},"end":{"line":124,"column":17}},{"start":{},"end":{}}],"line":121},"21":{"loc":{"start":{"line":126,"column":15},"end":{"line":129,"column":9}},"type":"if","locations":[{"start":{"line":126,"column":15},"end":{"line":129,"column":9}},{"start":{},"end":{}}],"line":126},"22":{"loc":{"start":{"line":131,"column":8},"end":{"line":135,"column":9}},"type":"if","locations":[{"start":{"line":131,"column":8},"end":{"line":135,"column":9}},{"start":{},"end":{}}],"line":131},"23":{"loc":{"start":{"line":133,"column":29},"end":{"line":133,"column":57}},"type":"cond-expr","locations":[{"start":{"line":133,"column":51},"end":{"line":133,"column":53}},{"start":{"line":133,"column":56},"end":{"line":133,"column":57}}],"line":133},"24":{"loc":{"start":{"line":149,"column":8},"end":{"line":152,"column":32}},"type":"if","locations":[{"start":{"line":149,"column":8},"end":{"line":152,"column":32}},{"start":{},"end":{}}],"line":149},"25":{"loc":{"start":{"line":149,"column":12},"end":{"line":151,"column":50}},"type":"binary-expr","locations":[{"start":{"line":149,"column":12},"end":{"line":149,"column":21}},{"start":{"line":150,"column":16},"end":{"line":150,"column":41}},{"start":{"line":151,"column":19},"end":{"line":151,"column":49}}],"line":149},"26":{"loc":{"start":{"line":156,"column":8},"end":{"line":164,"column":9}},"type":"if","locations":[{"start":{"line":156,"column":8},"end":{"line":164,"column":9}},{"start":{"line":162,"column":15},"end":{"line":164,"column":9}}],"line":156},"27":{"loc":{"start":{"line":157,"column":12},"end":{"line":160,"column":13}},"type":"if","locations":[{"start":{"line":157,"column":12},"end":{"line":160,"column":13}},{"start":{},"end":{}}],"line":157},"28":{"loc":{"start":{"line":157,"column":16},"end":{"line":157,"column":59}},"type":"binary-expr","locations":[{"start":{"line":157,"column":16},"end":{"line":157,"column":43}},{"start":{"line":157,"column":47},"end":{"line":157,"column":59}}],"line":157},"29":{"loc":{"start":{"line":173,"column":8},"end":{"line":174,"column":66}},"type":"if","locations":[{"start":{"line":173,"column":8},"end":{"line":174,"column":66}},{"start":{},"end":{}}],"line":173},"30":{"loc":{"start":{"line":176,"column":8},"end":{"line":216,"column":9}},"type":"if","locations":[{"start":{"line":176,"column":8},"end":{"line":216,"column":9}},{"start":{"line":207,"column":15},"end":{"line":216,"column":9}}],"line":176},"31":{"loc":{"start":{"line":176,"column":12},"end":{"line":176,"column":53}},"type":"binary-expr","locations":[{"start":{"line":176,"column":12},"end":{"line":176,"column":27}},{"start":{"line":176,"column":31},"end":{"line":176,"column":53}}],"line":176},"32":{"loc":{"start":{"line":177,"column":12},"end":{"line":205,"column":13}},"type":"if","locations":[{"start":{"line":177,"column":12},"end":{"line":205,"column":13}},{"start":{"line":187,"column":19},"end":{"line":205,"column":13}}],"line":177},"33":{"loc":{"start":{"line":178,"column":16},"end":{"line":179,"column":82}},"type":"if","locations":[{"start":{"line":178,"column":16},"end":{"line":179,"column":82}},{"start":{},"end":{}}],"line":178},"34":{"loc":{"start":{"line":181,"column":16},"end":{"line":182,"column":79}},"type":"if","locations":[{"start":{"line":181,"column":16},"end":{"line":182,"column":79}},{"start":{},"end":{}}],"line":181},"35":{"loc":{"start":{"line":187,"column":19},"end":{"line":205,"column":13}},"type":"if","locations":[{"start":{"line":187,"column":19},"end":{"line":205,"column":13}},{"start":{"line":194,"column":19},"end":{"line":205,"column":13}}],"line":187},"36":{"loc":{"start":{"line":188,"column":16},"end":{"line":189,"column":75}},"type":"if","locations":[{"start":{"line":188,"column":16},"end":{"line":189,"column":75}},{"start":{},"end":{}}],"line":188},"37":{"loc":{"start":{"line":196,"column":16},"end":{"line":197,"column":84}},"type":"if","locations":[{"start":{"line":196,"column":16},"end":{"line":197,"column":84}},{"start":{},"end":{}}],"line":196},"38":{"loc":{"start":{"line":196,"column":20},"end":{"line":196,"column":83}},"type":"binary-expr","locations":[{"start":{"line":196,"column":20},"end":{"line":196,"column":45}},{"start":{"line":196,"column":49},"end":{"line":196,"column":83}}],"line":196},"39":{"loc":{"start":{"line":207,"column":15},"end":{"line":216,"column":9}},"type":"if","locations":[{"start":{"line":207,"column":15},"end":{"line":216,"column":9}},{"start":{},"end":{}}],"line":207},"40":{"loc":{"start":{"line":207,"column":19},"end":{"line":207,"column":59}},"type":"binary-expr","locations":[{"start":{"line":207,"column":19},"end":{"line":207,"column":33}},{"start":{"line":207,"column":37},"end":{"line":207,"column":59}}],"line":207},"41":{"loc":{"start":{"line":209,"column":16},"end":{"line":211,"column":17}},"type":"if","locations":[{"start":{"line":209,"column":16},"end":{"line":211,"column":17}},{"start":{},"end":{}}],"line":209},"42":{"loc":{"start":{"line":226,"column":8},"end":{"line":230,"column":9}},"type":"if","locations":[{"start":{"line":226,"column":8},"end":{"line":230,"column":9}},{"start":{"line":228,"column":15},"end":{"line":230,"column":9}}],"line":226}},"s":{"0":3,"1":3,"2":3,"3":3,"4":3,"5":3,"6":3,"7":3,"8":2,"9":2,"10":2,"11":1,"12":1,"13":1,"14":1,"15":1,"16":1,"17":1,"18":1,"19":1,"20":1,"21":0,"22":3,"23":1,"24":1,"25":0,"26":1,"27":1,"28":1,"29":1,"30":0,"31":0,"32":3,"33":2,"34":2,"35":2,"36":2,"37":2,"38":0,"39":0,"40":0,"41":0,"42":0,"43":0,"44":2,"45":0,"46":2,"47":1,"48":0,"49":1,"50":1,"51":0,"52":0,"53":0,"54":0,"55":0,"56":0,"57":0,"58":0,"59":0,"60":0,"61":0,"62":0,"63":0,"64":2,"65":1,"66":1,"67":0,"68":0,"69":0,"70":0,"71":0,"72":0,"73":0,"74":1,"75":0,"76":0,"77":2,"78":0,"79":0,"80":0,"81":2,"82":2,"83":0,"84":3,"85":2,"86":2,"87":2,"88":2,"89":2,"90":2,"91":2,"92":0,"93":0,"94":2,"95":0,"96":0,"97":3,"98":1,"99":1,"100":1,"101":0,"102":1,"103":0,"104":0,"105":0,"106":0,"107":0,"108":0,"109":0,"110":0,"111":0,"112":0,"113":0,"114":0,"115":0,"116":0,"117":0,"118":0,"119":0,"120":0,"121":0,"122":0,"123":0,"124":0,"125":0,"126":1,"127":1,"128":1,"129":1,"130":1,"131":1,"132":0,"133":3,"134":2,"135":2,"136":2,"137":2,"138":0,"139":0,"140":3},"f":{"0":2,"1":1,"2":2,"3":0,"4":2,"5":0,"6":1,"7":0,"8":0,"9":0,"10":2},"b":{"0":[1,1],"1":[0,1],"2":[0,2],"3":[0,0],"4":[0,0],"5":[0,0],"6":[0,0],"7":[0,2],"8":[1,1],"9":[2,1],"10":[0,1],"11":[1,0],"12":[0,1],"13":[0,0],"14":[0,0],"15":[0,0],"16":[1,1],"17":[0,1],"18":[1,1],"19":[0,0],"20":[0,0],"21":[0,1],"22":[0,2],"23":[0,0],"24":[2,0],"25":[2,0,0],"26":[2,0],"27":[0,2],"28":[2,0],"29":[0,1],"30":[0,1],"31":[1,1],"32":[0,0],"33":[0,0],"34":[0,0],"35":[0,0],"36":[0,0],"37":[0,0],"38":[0,0],"39":[1,0],"40":[1,0],"41":[1,0],"42":[2,0]},"_coverageSchema":"1a1c01bbd47fc00a2c39e90264f33305004495a9","hash":"1857243eca140747cc6678b3fc7453856dae2b3a"}
,"C:\\Users\\alber\\Desktop\\IS\\TrentoJOB\\ours\\app\\validation.js": {"path":"C:\\Users\\alber\\Desktop\\IS\\TrentoJOB\\ours\\app\\validation.js","statementMap":{"0":{"start":{"line":1,"column":12},"end":{"line":1,"column":26}},"1":{"start":{"line":3,"column":24},"end":{"line":9,"column":1}},"2":{"start":{"line":3,"column":36},"end":{"line":9,"column":1}},"3":{"start":{"line":4,"column":23},"end":{"line":4,"column":48}},"4":{"start":{"line":5,"column":4},"end":{"line":7,"column":5}},"5":{"start":{"line":6,"column":8},"end":{"line":6,"column":94}},"6":{"start":{"line":8,"column":4},"end":{"line":8,"column":11}},"7":{"start":{"line":11,"column":16},"end":{"line":56,"column":1}},"8":{"start":{"line":60,"column":0},"end":{"line":69,"column":2}}},"fnMap":{"0":{"name":"(anonymous_0)","decl":{"start":{"line":3,"column":24},"end":{"line":3,"column":25}},"loc":{"start":{"line":3,"column":36},"end":{"line":9,"column":1}},"line":3},"1":{"name":"(anonymous_1)","decl":{"start":{"line":3,"column":36},"end":{"line":3,"column":37}},"loc":{"start":{"line":3,"column":56},"end":{"line":9,"column":1}},"line":3}},"branchMap":{"0":{"loc":{"start":{"line":5,"column":4},"end":{"line":7,"column":5}},"type":"if","locations":[{"start":{"line":5,"column":4},"end":{"line":7,"column":5}},{"start":{},"end":{}}],"line":5}},"s":{"0":3,"1":3,"2":24,"3":8,"4":8,"5":2,"6":6,"7":3,"8":3},"f":{"0":24,"1":8},"b":{"0":[2,6]},"_coverageSchema":"1a1c01bbd47fc00a2c39e90264f33305004495a9","hash":"65ab32b65c4c867d81ad4e322e54ae7b98332f75"}
,"C:\\Users\\alber\\Desktop\\IS\\TrentoJOB\\ours\\app\\Entities\\admin.js": {"path":"C:\\Users\\alber\\Desktop\\IS\\TrentoJOB\\ours\\app\\Entities\\admin.js","statementMap":{"0":{"start":{"line":1,"column":15},"end":{"line":1,"column":42}},"1":{"start":{"line":2,"column":24},"end":{"line":2,"column":48}},"2":{"start":{"line":3,"column":29},"end":{"line":3,"column":53}},"3":{"start":{"line":4,"column":25},"end":{"line":4,"column":58}},"4":{"start":{"line":5,"column":15},"end":{"line":5,"column":32}},"5":{"start":{"line":6,"column":48},"end":{"line":6,"column":67}},"6":{"start":{"line":9,"column":0},"end":{"line":29,"column":3}},"7":{"start":{"line":10,"column":4},"end":{"line":28,"column":5}},"8":{"start":{"line":12,"column":28},"end":{"line":12,"column":74}},"9":{"start":{"line":13,"column":8},"end":{"line":14,"column":75}},"10":{"start":{"line":14,"column":12},"end":{"line":14,"column":75}},"11":{"start":{"line":17,"column":8},"end":{"line":17,"column":52}},"12":{"start":{"line":18,"column":19},"end":{"line":18,"column":38}},"13":{"start":{"line":19,"column":8},"end":{"line":19,"column":28}},"14":{"start":{"line":20,"column":8},"end":{"line":20,"column":30}},"15":{"start":{"line":23,"column":26},"end":{"line":23,"column":43}},"16":{"start":{"line":24,"column":8},"end":{"line":24,"column":52}},"17":{"start":{"line":27,"column":8},"end":{"line":27,"column":65}},"18":{"start":{"line":32,"column":0},"end":{"line":32,"column":82}},"19":{"start":{"line":32,"column":53},"end":{"line":32,"column":80}},"20":{"start":{"line":34,"column":0},"end":{"line":34,"column":77}},"21":{"start":{"line":34,"column":52},"end":{"line":34,"column":75}},"22":{"start":{"line":36,"column":0},"end":{"line":36,"column":84}},"23":{"start":{"line":36,"column":55},"end":{"line":36,"column":82}},"24":{"start":{"line":38,"column":0},"end":{"line":38,"column":80}},"25":{"start":{"line":38,"column":56},"end":{"line":38,"column":78}},"26":{"start":{"line":42,"column":0},"end":{"line":42,"column":24}}},"fnMap":{"0":{"name":"(anonymous_0)","decl":{"start":{"line":9,"column":51},"end":{"line":9,"column":52}},"loc":{"start":{"line":9,"column":70},"end":{"line":29,"column":1}},"line":9},"1":{"name":"(anonymous_1)","decl":{"start":{"line":32,"column":34},"end":{"line":32,"column":35}},"loc":{"start":{"line":32,"column":53},"end":{"line":32,"column":80}},"line":32},"2":{"name":"(anonymous_2)","decl":{"start":{"line":34,"column":32},"end":{"line":34,"column":33}},"loc":{"start":{"line":34,"column":52},"end":{"line":34,"column":75}},"line":34},"3":{"name":"(anonymous_3)","decl":{"start":{"line":36,"column":35},"end":{"line":36,"column":36}},"loc":{"start":{"line":36,"column":55},"end":{"line":36,"column":82}},"line":36},"4":{"name":"(anonymous_4)","decl":{"start":{"line":38,"column":37},"end":{"line":38,"column":38}},"loc":{"start":{"line":38,"column":56},"end":{"line":38,"column":78}},"line":38}},"branchMap":{"0":{"loc":{"start":{"line":13,"column":8},"end":{"line":14,"column":75}},"type":"if","locations":[{"start":{"line":13,"column":8},"end":{"line":14,"column":75}},{"start":{},"end":{}}],"line":13}},"s":{"0":1,"1":1,"2":1,"3":1,"4":1,"5":1,"6":1,"7":0,"8":0,"9":0,"10":0,"11":0,"12":0,"13":0,"14":0,"15":0,"16":0,"17":0,"18":1,"19":0,"20":1,"21":0,"22":1,"23":0,"24":1,"25":0,"26":1},"f":{"0":0,"1":0,"2":0,"3":0,"4":0},"b":{"0":[0,0]},"_coverageSchema":"1a1c01bbd47fc00a2c39e90264f33305004495a9","hash":"b6adfdc01a5e49e6bddd19d95ff843ed20d3c0c7"}
,"C:\\Users\\alber\\Desktop\\IS\\TrentoJOB\\ours\\app\\Entities\\announcement.js": {"path":"C:\\Users\\alber\\Desktop\\IS\\TrentoJOB\\ours\\app\\Entities\\announcement.js","statementMap":{"0":{"start":{"line":2,"column":15},"end":{"line":2,"column":42}},"1":{"start":{"line":3,"column":23},"end":{"line":3,"column":61}},"2":{"start":{"line":4,"column":33},"end":{"line":4,"column":57}},"3":{"start":{"line":5,"column":61},"end":{"line":5,"column":80}},"4":{"start":{"line":6,"column":32},"end":{"line":6,"column":56}},"5":{"start":{"line":9,"column":0},"end":{"line":9,"column":110}},"6":{"start":{"line":9,"column":73},"end":{"line":9,"column":108}},"7":{"start":{"line":11,"column":0},"end":{"line":11,"column":68}},"8":{"start":{"line":11,"column":36},"end":{"line":11,"column":66}},"9":{"start":{"line":13,"column":0},"end":{"line":13,"column":75}},"10":{"start":{"line":13,"column":39},"end":{"line":13,"column":73}},"11":{"start":{"line":15,"column":0},"end":{"line":15,"column":87}},"12":{"start":{"line":15,"column":51},"end":{"line":15,"column":85}},"13":{"start":{"line":17,"column":0},"end":{"line":17,"column":85}},"14":{"start":{"line":17,"column":54},"end":{"line":17,"column":83}},"15":{"start":{"line":21,"column":0},"end":{"line":21,"column":24}}},"fnMap":{"0":{"name":"(anonymous_0)","decl":{"start":{"line":9,"column":53},"end":{"line":9,"column":54}},"loc":{"start":{"line":9,"column":73},"end":{"line":9,"column":108}},"line":9},"1":{"name":"(anonymous_1)","decl":{"start":{"line":11,"column":16},"end":{"line":11,"column":17}},"loc":{"start":{"line":11,"column":36},"end":{"line":11,"column":66}},"line":11},"2":{"name":"(anonymous_2)","decl":{"start":{"line":13,"column":19},"end":{"line":13,"column":20}},"loc":{"start":{"line":13,"column":39},"end":{"line":13,"column":73}},"line":13},"3":{"name":"(anonymous_3)","decl":{"start":{"line":15,"column":31},"end":{"line":15,"column":32}},"loc":{"start":{"line":15,"column":51},"end":{"line":15,"column":85}},"line":15},"4":{"name":"(anonymous_4)","decl":{"start":{"line":17,"column":34},"end":{"line":17,"column":35}},"loc":{"start":{"line":17,"column":54},"end":{"line":17,"column":83}},"line":17}},"branchMap":{},"s":{"0":1,"1":1,"2":1,"3":1,"4":1,"5":1,"6":0,"7":1,"8":0,"9":1,"10":0,"11":1,"12":0,"13":1,"14":0,"15":1},"f":{"0":0,"1":0,"2":0,"3":0,"4":0},"b":{},"_coverageSchema":"1a1c01bbd47fc00a2c39e90264f33305004495a9","hash":"3962e68f7aec3037c515e3723cd7898300b4047b"}
,"C:\\Users\\alber\\Desktop\\IS\\TrentoJOB\\ours\\app\\Entities\\chat.js": {"path":"C:\\Users\\alber\\Desktop\\IS\\TrentoJOB\\ours\\app\\Entities\\chat.js","statementMap":{"0":{"start":{"line":2,"column":15},"end":{"line":2,"column":42}},"1":{"start":{"line":3,"column":15},"end":{"line":3,"column":45}},"2":{"start":{"line":4,"column":34},"end":{"line":4,"column":58}},"3":{"start":{"line":5,"column":28},"end":{"line":5,"column":52}},"4":{"start":{"line":6,"column":18},"end":{"line":6,"column":51}},"5":{"start":{"line":9,"column":0},"end":{"line":63,"column":3}},"6":{"start":{"line":10,"column":4},"end":{"line":62,"column":5}},"7":{"start":{"line":11,"column":19},"end":{"line":11,"column":31}},"8":{"start":{"line":13,"column":24},"end":{"line":13,"column":86}},"9":{"start":{"line":16,"column":8},"end":{"line":17,"column":68}},"10":{"start":{"line":17,"column":12},"end":{"line":17,"column":68}},"11":{"start":{"line":19,"column":28},"end":{"line":19,"column":33}},"12":{"start":{"line":21,"column":8},"end":{"line":24,"column":11}},"13":{"start":{"line":22,"column":12},"end":{"line":23,"column":37}},"14":{"start":{"line":23,"column":16},"end":{"line":23,"column":37}},"15":{"start":{"line":26,"column":8},"end":{"line":58,"column":9}},"16":{"start":{"line":28,"column":26},"end":{"line":28,"column":34}},"17":{"start":{"line":29,"column":12},"end":{"line":29,"column":91}},"18":{"start":{"line":30,"column":12},"end":{"line":30,"column":101}},"19":{"start":{"line":31,"column":30},"end":{"line":31,"column":50}},"20":{"start":{"line":33,"column":27},"end":{"line":33,"column":51}},"21":{"start":{"line":36,"column":28},"end":{"line":40,"column":13}},"22":{"start":{"line":42,"column":12},"end":{"line":43,"column":47}},"23":{"start":{"line":45,"column":28},"end":{"line":48,"column":13}},"24":{"start":{"line":51,"column":12},"end":{"line":52,"column":47}},"25":{"start":{"line":54,"column":12},"end":{"line":54,"column":54}},"26":{"start":{"line":55,"column":12},"end":{"line":55,"column":42}},"27":{"start":{"line":57,"column":12},"end":{"line":57,"column":69}},"28":{"start":{"line":60,"column":8},"end":{"line":60,"column":25}},"29":{"start":{"line":61,"column":8},"end":{"line":61,"column":67}},"30":{"start":{"line":65,"column":0},"end":{"line":132,"column":3}},"31":{"start":{"line":66,"column":4},"end":{"line":131,"column":5}},"32":{"start":{"line":68,"column":8},"end":{"line":69,"column":55}},"33":{"start":{"line":69,"column":12},"end":{"line":69,"column":55}},"34":{"start":{"line":72,"column":8},"end":{"line":73,"column":57}},"35":{"start":{"line":73,"column":12},"end":{"line":73,"column":57}},"36":{"start":{"line":75,"column":21},"end":{"line":75,"column":55}},"37":{"start":{"line":78,"column":19},"end":{"line":78,"column":31}},"38":{"start":{"line":80,"column":8},"end":{"line":81,"column":68}},"39":{"start":{"line":81,"column":12},"end":{"line":81,"column":68}},"40":{"start":{"line":84,"column":24},"end":{"line":90,"column":9}},"41":{"start":{"line":93,"column":8},"end":{"line":94,"column":46}},"42":{"start":{"line":97,"column":30},"end":{"line":97,"column":88}},"43":{"start":{"line":99,"column":8},"end":{"line":111,"column":15}},"44":{"start":{"line":113,"column":8},"end":{"line":125,"column":15}},"45":{"start":{"line":127,"column":8},"end":{"line":127,"column":58}},"46":{"start":{"line":129,"column":8},"end":{"line":129,"column":25}},"47":{"start":{"line":130,"column":8},"end":{"line":130,"column":67}},"48":{"start":{"line":134,"column":0},"end":{"line":152,"column":3}},"49":{"start":{"line":135,"column":4},"end":{"line":151,"column":5}},"50":{"start":{"line":136,"column":23},"end":{"line":136,"column":57}},"51":{"start":{"line":138,"column":8},"end":{"line":139,"column":57}},"52":{"start":{"line":139,"column":12},"end":{"line":139,"column":57}},"53":{"start":{"line":142,"column":8},"end":{"line":145,"column":59}},"54":{"start":{"line":147,"column":8},"end":{"line":147,"column":37}},"55":{"start":{"line":149,"column":8},"end":{"line":149,"column":25}},"56":{"start":{"line":150,"column":8},"end":{"line":150,"column":67}},"57":{"start":{"line":154,"column":0},"end":{"line":177,"column":3}},"58":{"start":{"line":155,"column":19},"end":{"line":155,"column":32}},"59":{"start":{"line":156,"column":4},"end":{"line":176,"column":5}},"60":{"start":{"line":157,"column":23},"end":{"line":157,"column":59}},"61":{"start":{"line":158,"column":8},"end":{"line":159,"column":57}},"62":{"start":{"line":159,"column":12},"end":{"line":159,"column":57}},"63":{"start":{"line":163,"column":8},"end":{"line":165,"column":50}},"64":{"start":{"line":168,"column":8},"end":{"line":170,"column":50}},"65":{"start":{"line":172,"column":8},"end":{"line":172,"column":37}},"66":{"start":{"line":174,"column":8},"end":{"line":174,"column":25}},"67":{"start":{"line":175,"column":8},"end":{"line":175,"column":67}},"68":{"start":{"line":181,"column":0},"end":{"line":181,"column":24}}},"fnMap":{"0":{"name":"(anonymous_0)","decl":{"start":{"line":9,"column":32},"end":{"line":9,"column":33}},"loc":{"start":{"line":9,"column":52},"end":{"line":63,"column":1}},"line":9},"1":{"name":"(anonymous_1)","decl":{"start":{"line":21,"column":30},"end":{"line":21,"column":31}},"loc":{"start":{"line":21,"column":38},"end":{"line":24,"column":9}},"line":21},"2":{"name":"(anonymous_2)","decl":{"start":{"line":65,"column":53},"end":{"line":65,"column":54}},"loc":{"start":{"line":65,"column":73},"end":{"line":132,"column":1}},"line":65},"3":{"name":"(anonymous_3)","decl":{"start":{"line":134,"column":32},"end":{"line":134,"column":33}},"loc":{"start":{"line":134,"column":52},"end":{"line":152,"column":1}},"line":134},"4":{"name":"(anonymous_4)","decl":{"start":{"line":154,"column":35},"end":{"line":154,"column":36}},"loc":{"start":{"line":154,"column":55},"end":{"line":177,"column":1}},"line":154}},"branchMap":{"0":{"loc":{"start":{"line":16,"column":8},"end":{"line":17,"column":68}},"type":"if","locations":[{"start":{"line":16,"column":8},"end":{"line":17,"column":68}},{"start":{},"end":{}}],"line":16},"1":{"loc":{"start":{"line":16,"column":12},"end":{"line":16,"column":44}},"type":"binary-expr","locations":[{"start":{"line":16,"column":12},"end":{"line":16,"column":20}},{"start":{"line":16,"column":24},"end":{"line":16,"column":44}}],"line":16},"2":{"loc":{"start":{"line":22,"column":12},"end":{"line":23,"column":37}},"type":"if","locations":[{"start":{"line":22,"column":12},"end":{"line":23,"column":37}},{"start":{},"end":{}}],"line":22},"3":{"loc":{"start":{"line":26,"column":8},"end":{"line":58,"column":9}},"type":"if","locations":[{"start":{"line":26,"column":8},"end":{"line":58,"column":9}},{"start":{"line":56,"column":15},"end":{"line":58,"column":9}}],"line":26},"4":{"loc":{"start":{"line":68,"column":8},"end":{"line":69,"column":55}},"type":"if","locations":[{"start":{"line":68,"column":8},"end":{"line":69,"column":55}},{"start":{},"end":{}}],"line":68},"5":{"loc":{"start":{"line":72,"column":8},"end":{"line":73,"column":57}},"type":"if","locations":[{"start":{"line":72,"column":8},"end":{"line":73,"column":57}},{"start":{},"end":{}}],"line":72},"6":{"loc":{"start":{"line":80,"column":8},"end":{"line":81,"column":68}},"type":"if","locations":[{"start":{"line":80,"column":8},"end":{"line":81,"column":68}},{"start":{},"end":{}}],"line":80},"7":{"loc":{"start":{"line":80,"column":12},"end":{"line":80,"column":71}},"type":"binary-expr","locations":[{"start":{"line":80,"column":12},"end":{"line":80,"column":17}},{"start":{"line":80,"column":22},"end":{"line":80,"column":44}},{"start":{"line":80,"column":48},"end":{"line":80,"column":70}}],"line":80},"8":{"loc":{"start":{"line":97,"column":30},"end":{"line":97,"column":88}},"type":"cond-expr","locations":[{"start":{"line":97,"column":55},"end":{"line":97,"column":70}},{"start":{"line":97,"column":73},"end":{"line":97,"column":88}}],"line":97},"9":{"loc":{"start":{"line":138,"column":8},"end":{"line":139,"column":57}},"type":"if","locations":[{"start":{"line":138,"column":8},"end":{"line":139,"column":57}},{"start":{},"end":{}}],"line":138},"10":{"loc":{"start":{"line":158,"column":8},"end":{"line":159,"column":57}},"type":"if","locations":[{"start":{"line":158,"column":8},"end":{"line":159,"column":57}},{"start":{},"end":{}}],"line":158}},"s":{"0":1,"1":1,"2":1,"3":1,"4":1,"5":1,"6":0,"7":0,"8":0,"9":0,"10":0,"11":0,"12":0,"13":0,"14":0,"15":0,"16":0,"17":0,"18":0,"19":0,"20":0,"21":0,"22":0,"23":0,"24":0,"25":0,"26":0,"27":0,"28":0,"29":0,"30":1,"31":0,"32":0,"33":0,"34":0,"35":0,"36":0,"37":0,"38":0,"39":0,"40":0,"41":0,"42":0,"43":0,"44":0,"45":0,"46":0,"47":0,"48":1,"49":0,"50":0,"51":0,"52":0,"53":0,"54":0,"55":0,"56":0,"57":1,"58":0,"59":0,"60":0,"61":0,"62":0,"63":0,"64":0,"65":0,"66":0,"67":0,"68":1},"f":{"0":0,"1":0,"2":0,"3":0,"4":0},"b":{"0":[0,0],"1":[0,0],"2":[0,0],"3":[0,0],"4":[0,0],"5":[0,0],"6":[0,0],"7":[0,0,0],"8":[0,0],"9":[0,0],"10":[0,0]},"_coverageSchema":"1a1c01bbd47fc00a2c39e90264f33305004495a9","hash":"c54c885bdb392d03d8f8647862e9673cc0c0aade"}
,"C:\\Users\\alber\\Desktop\\IS\\TrentoJOB\\ours\\app\\Entities\\comment.js": {"path":"C:\\Users\\alber\\Desktop\\IS\\TrentoJOB\\ours\\app\\Entities\\comment.js","statementMap":{"0":{"start":{"line":2,"column":15},"end":{"line":2,"column":42}},"1":{"start":{"line":3,"column":28},"end":{"line":3,"column":52}},"2":{"start":{"line":4,"column":36},"end":{"line":4,"column":60}},"3":{"start":{"line":5,"column":16},"end":{"line":5,"column":47}},"4":{"start":{"line":6,"column":18},"end":{"line":6,"column":48}},"5":{"start":{"line":9,"column":0},"end":{"line":33,"column":3}},"6":{"start":{"line":10,"column":20},"end":{"line":10,"column":33}},"7":{"start":{"line":11,"column":4},"end":{"line":32,"column":5}},"8":{"start":{"line":12,"column":22},"end":{"line":12,"column":51}},"9":{"start":{"line":13,"column":8},"end":{"line":14,"column":68}},"10":{"start":{"line":14,"column":12},"end":{"line":14,"column":68}},"11":{"start":{"line":16,"column":27},"end":{"line":23,"column":10}},"12":{"start":{"line":25,"column":8},"end":{"line":25,"column":40}},"13":{"start":{"line":26,"column":8},"end":{"line":26,"column":27}},"14":{"start":{"line":28,"column":8},"end":{"line":28,"column":57}},"15":{"start":{"line":30,"column":8},"end":{"line":30,"column":27}},"16":{"start":{"line":31,"column":8},"end":{"line":31,"column":65}},"17":{"start":{"line":35,"column":0},"end":{"line":49,"column":3}},"18":{"start":{"line":36,"column":4},"end":{"line":48,"column":5}},"19":{"start":{"line":37,"column":24},"end":{"line":37,"column":41}},"20":{"start":{"line":38,"column":21},"end":{"line":38,"column":37}},"21":{"start":{"line":39,"column":22},"end":{"line":39,"column":66}},"22":{"start":{"line":41,"column":8},"end":{"line":42,"column":68}},"23":{"start":{"line":42,"column":12},"end":{"line":42,"column":68}},"24":{"start":{"line":44,"column":8},"end":{"line":44,"column":36}},"25":{"start":{"line":46,"column":8},"end":{"line":46,"column":27}},"26":{"start":{"line":47,"column":8},"end":{"line":47,"column":65}},"27":{"start":{"line":51,"column":0},"end":{"line":63,"column":3}},"28":{"start":{"line":52,"column":20},"end":{"line":52,"column":33}},"29":{"start":{"line":53,"column":4},"end":{"line":62,"column":5}},"30":{"start":{"line":54,"column":22},"end":{"line":54,"column":51}},"31":{"start":{"line":55,"column":8},"end":{"line":56,"column":68}},"32":{"start":{"line":56,"column":12},"end":{"line":56,"column":68}},"33":{"start":{"line":58,"column":8},"end":{"line":58,"column":45}},"34":{"start":{"line":60,"column":8},"end":{"line":60,"column":27}},"35":{"start":{"line":61,"column":8},"end":{"line":61,"column":65}},"36":{"start":{"line":65,"column":0},"end":{"line":90,"column":3}},"37":{"start":{"line":66,"column":22},"end":{"line":66,"column":40}},"38":{"start":{"line":67,"column":20},"end":{"line":67,"column":36}},"39":{"start":{"line":68,"column":4},"end":{"line":89,"column":5}},"40":{"start":{"line":69,"column":8},"end":{"line":69,"column":43}},"41":{"start":{"line":70,"column":22},"end":{"line":70,"column":51}},"42":{"start":{"line":71,"column":8},"end":{"line":71,"column":27}},"43":{"start":{"line":72,"column":8},"end":{"line":73,"column":68}},"44":{"start":{"line":73,"column":12},"end":{"line":73,"column":68}},"45":{"start":{"line":75,"column":31},"end":{"line":75,"column":52}},"46":{"start":{"line":76,"column":8},"end":{"line":76,"column":36}},"47":{"start":{"line":77,"column":8},"end":{"line":77,"column":96}},"48":{"start":{"line":77,"column":58},"end":{"line":77,"column":94}},"49":{"start":{"line":79,"column":8},"end":{"line":79,"column":36}},"50":{"start":{"line":80,"column":8},"end":{"line":81,"column":68}},"51":{"start":{"line":81,"column":12},"end":{"line":81,"column":68}},"52":{"start":{"line":82,"column":8},"end":{"line":82,"column":33}},"53":{"start":{"line":83,"column":8},"end":{"line":83,"column":27}},"54":{"start":{"line":85,"column":8},"end":{"line":85,"column":61}},"55":{"start":{"line":87,"column":8},"end":{"line":87,"column":27}},"56":{"start":{"line":88,"column":8},"end":{"line":88,"column":67}},"57":{"start":{"line":95,"column":0},"end":{"line":95,"column":24}}},"fnMap":{"0":{"name":"(anonymous_0)","decl":{"start":{"line":9,"column":51},"end":{"line":9,"column":52}},"loc":{"start":{"line":9,"column":71},"end":{"line":33,"column":1}},"line":9},"1":{"name":"(anonymous_1)","decl":{"start":{"line":35,"column":28},"end":{"line":35,"column":29}},"loc":{"start":{"line":35,"column":48},"end":{"line":49,"column":1}},"line":35},"2":{"name":"(anonymous_2)","decl":{"start":{"line":51,"column":31},"end":{"line":51,"column":32}},"loc":{"start":{"line":51,"column":51},"end":{"line":63,"column":1}},"line":51},"3":{"name":"(anonymous_3)","decl":{"start":{"line":65,"column":37},"end":{"line":65,"column":38}},"loc":{"start":{"line":65,"column":57},"end":{"line":90,"column":1}},"line":65},"4":{"name":"(anonymous_4)","decl":{"start":{"line":77,"column":47},"end":{"line":77,"column":48}},"loc":{"start":{"line":77,"column":58},"end":{"line":77,"column":94}},"line":77}},"branchMap":{"0":{"loc":{"start":{"line":13,"column":8},"end":{"line":14,"column":68}},"type":"if","locations":[{"start":{"line":13,"column":8},"end":{"line":14,"column":68}},{"start":{},"end":{}}],"line":13},"1":{"loc":{"start":{"line":41,"column":8},"end":{"line":42,"column":68}},"type":"if","locations":[{"start":{"line":41,"column":8},"end":{"line":42,"column":68}},{"start":{},"end":{}}],"line":41},"2":{"loc":{"start":{"line":55,"column":8},"end":{"line":56,"column":68}},"type":"if","locations":[{"start":{"line":55,"column":8},"end":{"line":56,"column":68}},{"start":{},"end":{}}],"line":55},"3":{"loc":{"start":{"line":72,"column":8},"end":{"line":73,"column":68}},"type":"if","locations":[{"start":{"line":72,"column":8},"end":{"line":73,"column":68}},{"start":{},"end":{}}],"line":72},"4":{"loc":{"start":{"line":80,"column":8},"end":{"line":81,"column":68}},"type":"if","locations":[{"start":{"line":80,"column":8},"end":{"line":81,"column":68}},{"start":{},"end":{}}],"line":80}},"s":{"0":1,"1":1,"2":1,"3":1,"4":1,"5":1,"6":0,"7":0,"8":0,"9":0,"10":0,"11":0,"12":0,"13":0,"14":0,"15":0,"16":0,"17":1,"18":0,"19":0,"20":0,"21":0,"22":0,"23":0,"24":0,"25":0,"26":0,"27":1,"28":0,"29":0,"30":0,"31":0,"32":0,"33":0,"34":0,"35":0,"36":1,"37":0,"38":0,"39":0,"40":0,"41":0,"42":0,"43":0,"44":0,"45":0,"46":0,"47":0,"48":0,"49":0,"50":0,"51":0,"52":0,"53":0,"54":0,"55":0,"56":0,"57":1},"f":{"0":0,"1":0,"2":0,"3":0,"4":0},"b":{"0":[0,0],"1":[0,0],"2":[0,0],"3":[0,0],"4":[0,0]},"_coverageSchema":"1a1c01bbd47fc00a2c39e90264f33305004495a9","hash":"24dbb8596b7d2a8da0060681ef15c7703636a11b"}
,"C:\\Users\\alber\\Desktop\\IS\\TrentoJOB\\ours\\app\\Entities\\event.js": {"path":"C:\\Users\\alber\\Desktop\\IS\\TrentoJOB\\ours\\app\\Entities\\event.js","statementMap":{"0":{"start":{"line":1,"column":15},"end":{"line":1,"column":42}},"1":{"start":{"line":2,"column":16},"end":{"line":2,"column":47}},"2":{"start":{"line":3,"column":26},"end":{"line":3,"column":50}},"3":{"start":{"line":4,"column":61},"end":{"line":4,"column":80}},"4":{"start":{"line":5,"column":32},"end":{"line":5,"column":56}},"5":{"start":{"line":8,"column":0},"end":{"line":8,"column":111}},"6":{"start":{"line":8,"column":81},"end":{"line":8,"column":109}},"7":{"start":{"line":10,"column":0},"end":{"line":10,"column":61}},"8":{"start":{"line":10,"column":36},"end":{"line":10,"column":59}},"9":{"start":{"line":12,"column":0},"end":{"line":12,"column":68}},"10":{"start":{"line":12,"column":39},"end":{"line":12,"column":66}},"11":{"start":{"line":14,"column":0},"end":{"line":14,"column":80}},"12":{"start":{"line":14,"column":51},"end":{"line":14,"column":78}},"13":{"start":{"line":16,"column":0},"end":{"line":16,"column":78}},"14":{"start":{"line":16,"column":54},"end":{"line":16,"column":76}},"15":{"start":{"line":20,"column":0},"end":{"line":20,"column":24}}},"fnMap":{"0":{"name":"(anonymous_0)","decl":{"start":{"line":8,"column":61},"end":{"line":8,"column":62}},"loc":{"start":{"line":8,"column":81},"end":{"line":8,"column":109}},"line":8},"1":{"name":"(anonymous_1)","decl":{"start":{"line":10,"column":16},"end":{"line":10,"column":17}},"loc":{"start":{"line":10,"column":36},"end":{"line":10,"column":59}},"line":10},"2":{"name":"(anonymous_2)","decl":{"start":{"line":12,"column":19},"end":{"line":12,"column":20}},"loc":{"start":{"line":12,"column":39},"end":{"line":12,"column":66}},"line":12},"3":{"name":"(anonymous_3)","decl":{"start":{"line":14,"column":31},"end":{"line":14,"column":32}},"loc":{"start":{"line":14,"column":51},"end":{"line":14,"column":78}},"line":14},"4":{"name":"(anonymous_4)","decl":{"start":{"line":16,"column":34},"end":{"line":16,"column":35}},"loc":{"start":{"line":16,"column":54},"end":{"line":16,"column":76}},"line":16}},"branchMap":{},"s":{"0":2,"1":2,"2":2,"3":2,"4":2,"5":2,"6":1,"7":2,"8":1,"9":2,"10":1,"11":2,"12":0,"13":2,"14":1,"15":2},"f":{"0":1,"1":1,"2":1,"3":0,"4":1},"b":{},"_coverageSchema":"1a1c01bbd47fc00a2c39e90264f33305004495a9","hash":"7bd34798e0258abbaac5b874afec252a14537b6f"}
,"C:\\Users\\alber\\Desktop\\IS\\TrentoJOB\\ours\\app\\Entities\\organisation.js": {"path":"C:\\Users\\alber\\Desktop\\IS\\TrentoJOB\\ours\\app\\Entities\\organisation.js","statementMap":{"0":{"start":{"line":1,"column":15},"end":{"line":1,"column":42}},"1":{"start":{"line":2,"column":23},"end":{"line":2,"column":56}},"2":{"start":{"line":3,"column":58},"end":{"line":3,"column":77}},"3":{"start":{"line":4,"column":36},"end":{"line":4,"column":60}},"4":{"start":{"line":5,"column":29},"end":{"line":5,"column":53}},"5":{"start":{"line":9,"column":0},"end":{"line":9,"column":106}},"6":{"start":{"line":9,"column":56},"end":{"line":9,"column":104}},"7":{"start":{"line":11,"column":0},"end":{"line":11,"column":68}},"8":{"start":{"line":11,"column":36},"end":{"line":11,"column":66}},"9":{"start":{"line":13,"column":0},"end":{"line":13,"column":75}},"10":{"start":{"line":13,"column":39},"end":{"line":13,"column":73}},"11":{"start":{"line":15,"column":0},"end":{"line":15,"column":90}},"12":{"start":{"line":15,"column":54},"end":{"line":15,"column":88}},"13":{"start":{"line":17,"column":0},"end":{"line":17,"column":88}},"14":{"start":{"line":17,"column":57},"end":{"line":17,"column":86}},"15":{"start":{"line":21,"column":0},"end":{"line":21,"column":24}}},"fnMap":{"0":{"name":"(anonymous_0)","decl":{"start":{"line":9,"column":37},"end":{"line":9,"column":38}},"loc":{"start":{"line":9,"column":56},"end":{"line":9,"column":104}},"line":9},"1":{"name":"(anonymous_1)","decl":{"start":{"line":11,"column":16},"end":{"line":11,"column":17}},"loc":{"start":{"line":11,"column":36},"end":{"line":11,"column":66}},"line":11},"2":{"name":"(anonymous_2)","decl":{"start":{"line":13,"column":19},"end":{"line":13,"column":20}},"loc":{"start":{"line":13,"column":39},"end":{"line":13,"column":73}},"line":13},"3":{"name":"(anonymous_3)","decl":{"start":{"line":15,"column":34},"end":{"line":15,"column":35}},"loc":{"start":{"line":15,"column":54},"end":{"line":15,"column":88}},"line":15},"4":{"name":"(anonymous_4)","decl":{"start":{"line":17,"column":37},"end":{"line":17,"column":38}},"loc":{"start":{"line":17,"column":57},"end":{"line":17,"column":86}},"line":17}},"branchMap":{},"s":{"0":2,"1":2,"2":2,"3":2,"4":2,"5":2,"6":0,"7":2,"8":0,"9":2,"10":0,"11":2,"12":0,"13":2,"14":0,"15":2},"f":{"0":0,"1":0,"2":0,"3":0,"4":0},"b":{},"_coverageSchema":"1a1c01bbd47fc00a2c39e90264f33305004495a9","hash":"ee54472b31fa9df841dddedc256f6f4c56bafbc0"}
,"C:\\Users\\alber\\Desktop\\IS\\TrentoJOB\\ours\\app\\Entities\\user.js": {"path":"C:\\Users\\alber\\Desktop\\IS\\TrentoJOB\\ours\\app\\Entities\\user.js","statementMap":{"0":{"start":{"line":1,"column":15},"end":{"line":1,"column":42}},"1":{"start":{"line":2,"column":15},"end":{"line":2,"column":48}},"2":{"start":{"line":3,"column":58},"end":{"line":3,"column":77}},"3":{"start":{"line":4,"column":24},"end":{"line":4,"column":48}},"4":{"start":{"line":5,"column":29},"end":{"line":5,"column":53}},"5":{"start":{"line":9,"column":0},"end":{"line":9,"column":90}},"6":{"start":{"line":9,"column":56},"end":{"line":9,"column":88}},"7":{"start":{"line":11,"column":0},"end":{"line":11,"column":60}},"8":{"start":{"line":11,"column":36},"end":{"line":11,"column":58}},"9":{"start":{"line":13,"column":0},"end":{"line":13,"column":67}},"10":{"start":{"line":13,"column":39},"end":{"line":13,"column":65}},"11":{"start":{"line":15,"column":0},"end":{"line":15,"column":82}},"12":{"start":{"line":15,"column":54},"end":{"line":15,"column":80}},"13":{"start":{"line":17,"column":0},"end":{"line":17,"column":80}},"14":{"start":{"line":17,"column":57},"end":{"line":17,"column":78}},"15":{"start":{"line":21,"column":0},"end":{"line":21,"column":24}}},"fnMap":{"0":{"name":"(anonymous_0)","decl":{"start":{"line":9,"column":37},"end":{"line":9,"column":38}},"loc":{"start":{"line":9,"column":56},"end":{"line":9,"column":88}},"line":9},"1":{"name":"(anonymous_1)","decl":{"start":{"line":11,"column":16},"end":{"line":11,"column":17}},"loc":{"start":{"line":11,"column":36},"end":{"line":11,"column":58}},"line":11},"2":{"name":"(anonymous_2)","decl":{"start":{"line":13,"column":19},"end":{"line":13,"column":20}},"loc":{"start":{"line":13,"column":39},"end":{"line":13,"column":65}},"line":13},"3":{"name":"(anonymous_3)","decl":{"start":{"line":15,"column":34},"end":{"line":15,"column":35}},"loc":{"start":{"line":15,"column":54},"end":{"line":15,"column":80}},"line":15},"4":{"name":"(anonymous_4)","decl":{"start":{"line":17,"column":37},"end":{"line":17,"column":38}},"loc":{"start":{"line":17,"column":57},"end":{"line":17,"column":78}},"line":17}},"branchMap":{},"s":{"0":3,"1":3,"2":3,"3":3,"4":3,"5":3,"6":2,"7":3,"8":1,"9":3,"10":1,"11":3,"12":1,"13":3,"14":1,"15":3},"f":{"0":2,"1":1,"2":1,"3":1,"4":1},"b":{},"_coverageSchema":"1a1c01bbd47fc00a2c39e90264f33305004495a9","hash":"378c70bb9508823072feb09cffed6d6188f3ba23"}
,"C:\\Users\\alber\\Desktop\\IS\\TrentoJOB\\ours\\app\\authentication\\auth.js": {"path":"C:\\Users\\alber\\Desktop\\IS\\TrentoJOB\\ours\\app\\authentication\\auth.js","statementMap":{"0":{"start":{"line":1,"column":15},"end":{"line":1,"column":42}},"1":{"start":{"line":2,"column":18},"end":{"line":2,"column":35}},"2":{"start":{"line":3,"column":31},"end":{"line":3,"column":54}},"3":{"start":{"line":4,"column":18},"end":{"line":4,"column":51}},"4":{"start":{"line":5,"column":13},"end":{"line":5,"column":35}},"5":{"start":{"line":6,"column":26},"end":{"line":6,"column":50}},"6":{"start":{"line":7,"column":42},"end":{"line":7,"column":64}},"7":{"start":{"line":11,"column":0},"end":{"line":50,"column":3}},"8":{"start":{"line":12,"column":4},"end":{"line":49,"column":5}},"9":{"start":{"line":14,"column":21},"end":{"line":14,"column":69}},"10":{"start":{"line":17,"column":8},"end":{"line":20,"column":9}},"11":{"start":{"line":18,"column":12},"end":{"line":18,"column":81}},"12":{"start":{"line":23,"column":8},"end":{"line":24,"column":78}},"13":{"start":{"line":24,"column":12},"end":{"line":24,"column":78}},"14":{"start":{"line":27,"column":8},"end":{"line":28,"column":92}},"15":{"start":{"line":28,"column":12},"end":{"line":28,"column":92}},"16":{"start":{"line":31,"column":22},"end":{"line":31,"column":116}},"17":{"start":{"line":32,"column":34},"end":{"line":32,"column":132}},"18":{"start":{"line":34,"column":8},"end":{"line":34,"column":86}},"19":{"start":{"line":36,"column":8},"end":{"line":45,"column":11}},"20":{"start":{"line":48,"column":8},"end":{"line":48,"column":65}},"21":{"start":{"line":53,"column":0},"end":{"line":87,"column":2}},"22":{"start":{"line":54,"column":4},"end":{"line":86,"column":5}},"23":{"start":{"line":55,"column":32},"end":{"line":55,"column":43}},"24":{"start":{"line":56,"column":8},"end":{"line":57,"column":75}},"25":{"start":{"line":57,"column":12},"end":{"line":57,"column":75}},"26":{"start":{"line":60,"column":19},"end":{"line":60,"column":76}},"27":{"start":{"line":61,"column":8},"end":{"line":62,"column":35}},"28":{"start":{"line":62,"column":12},"end":{"line":62,"column":35}},"29":{"start":{"line":65,"column":21},"end":{"line":65,"column":47}},"30":{"start":{"line":66,"column":8},"end":{"line":67,"column":69}},"31":{"start":{"line":67,"column":12},"end":{"line":67,"column":69}},"32":{"start":{"line":69,"column":8},"end":{"line":70,"column":35}},"33":{"start":{"line":70,"column":12},"end":{"line":70,"column":35}},"34":{"start":{"line":73,"column":26},"end":{"line":73,"column":120}},"35":{"start":{"line":75,"column":8},"end":{"line":79,"column":11}},"36":{"start":{"line":82,"column":8},"end":{"line":85,"column":10}},"37":{"start":{"line":90,"column":0},"end":{"line":115,"column":2}},"38":{"start":{"line":91,"column":18},"end":{"line":91,"column":34}},"39":{"start":{"line":92,"column":4},"end":{"line":114,"column":5}},"40":{"start":{"line":93,"column":21},"end":{"line":93,"column":63}},"41":{"start":{"line":94,"column":21},"end":{"line":94,"column":81}},"42":{"start":{"line":95,"column":8},"end":{"line":95,"column":66}},"43":{"start":{"line":98,"column":8},"end":{"line":105,"column":9}},"44":{"start":{"line":99,"column":24},"end":{"line":99,"column":73}},"45":{"start":{"line":100,"column":25},"end":{"line":100,"column":57}},"46":{"start":{"line":101,"column":12},"end":{"line":101,"column":59}},"47":{"start":{"line":103,"column":25},"end":{"line":103,"column":57}},"48":{"start":{"line":104,"column":12},"end":{"line":104,"column":51}},"49":{"start":{"line":108,"column":8},"end":{"line":111,"column":9}},"50":{"start":{"line":109,"column":21},"end":{"line":109,"column":75}},"51":{"start":{"line":110,"column":12},"end":{"line":110,"column":48}},"52":{"start":{"line":113,"column":8},"end":{"line":113,"column":85}},"53":{"start":{"line":118,"column":0},"end":{"line":122,"column":2}},"54":{"start":{"line":120,"column":4},"end":{"line":120,"column":67}},"55":{"start":{"line":121,"column":4},"end":{"line":121,"column":66}},"56":{"start":{"line":126,"column":0},"end":{"line":126,"column":24}}},"fnMap":{"0":{"name":"(anonymous_0)","decl":{"start":{"line":11,"column":34},"end":{"line":11,"column":35}},"loc":{"start":{"line":11,"column":54},"end":{"line":50,"column":1}},"line":11},"1":{"name":"(anonymous_1)","decl":{"start":{"line":53,"column":16},"end":{"line":53,"column":17}},"loc":{"start":{"line":53,"column":36},"end":{"line":87,"column":1}},"line":53},"2":{"name":"(anonymous_2)","decl":{"start":{"line":90,"column":22},"end":{"line":90,"column":23}},"loc":{"start":{"line":90,"column":42},"end":{"line":115,"column":1}},"line":90},"3":{"name":"(anonymous_3)","decl":{"start":{"line":118,"column":20},"end":{"line":118,"column":21}},"loc":{"start":{"line":118,"column":40},"end":{"line":122,"column":1}},"line":118}},"branchMap":{"0":{"loc":{"start":{"line":17,"column":8},"end":{"line":20,"column":9}},"type":"if","locations":[{"start":{"line":17,"column":8},"end":{"line":20,"column":9}},{"start":{},"end":{}}],"line":17},"1":{"loc":{"start":{"line":17,"column":12},"end":{"line":17,"column":71}},"type":"binary-expr","locations":[{"start":{"line":17,"column":12},"end":{"line":17,"column":17}},{"start":{"line":17,"column":21},"end":{"line":17,"column":71}}],"line":17},"2":{"loc":{"start":{"line":23,"column":8},"end":{"line":24,"column":78}},"type":"if","locations":[{"start":{"line":23,"column":8},"end":{"line":24,"column":78}},{"start":{},"end":{}}],"line":23},"3":{"loc":{"start":{"line":27,"column":8},"end":{"line":28,"column":92}},"type":"if","locations":[{"start":{"line":27,"column":8},"end":{"line":28,"column":92}},{"start":{},"end":{}}],"line":27},"4":{"loc":{"start":{"line":27,"column":12},"end":{"line":27,"column":58}},"type":"binary-expr","locations":[{"start":{"line":27,"column":12},"end":{"line":27,"column":40}},{"start":{"line":27,"column":44},"end":{"line":27,"column":58}}],"line":27},"5":{"loc":{"start":{"line":56,"column":8},"end":{"line":57,"column":75}},"type":"if","locations":[{"start":{"line":56,"column":8},"end":{"line":57,"column":75}},{"start":{},"end":{}}],"line":56},"6":{"loc":{"start":{"line":61,"column":8},"end":{"line":62,"column":35}},"type":"if","locations":[{"start":{"line":61,"column":8},"end":{"line":62,"column":35}},{"start":{},"end":{}}],"line":61},"7":{"loc":{"start":{"line":66,"column":8},"end":{"line":67,"column":69}},"type":"if","locations":[{"start":{"line":66,"column":8},"end":{"line":67,"column":69}},{"start":{},"end":{}}],"line":66},"8":{"loc":{"start":{"line":69,"column":8},"end":{"line":70,"column":35}},"type":"if","locations":[{"start":{"line":69,"column":8},"end":{"line":70,"column":35}},{"start":{},"end":{}}],"line":69},"9":{"loc":{"start":{"line":98,"column":8},"end":{"line":105,"column":9}},"type":"if","locations":[{"start":{"line":98,"column":8},"end":{"line":105,"column":9}},{"start":{"line":102,"column":15},"end":{"line":105,"column":9}}],"line":98},"10":{"loc":{"start":{"line":108,"column":8},"end":{"line":111,"column":9}},"type":"if","locations":[{"start":{"line":108,"column":8},"end":{"line":111,"column":9}},{"start":{},"end":{}}],"line":108}},"s":{"0":3,"1":3,"2":3,"3":3,"4":3,"5":3,"6":3,"7":3,"8":3,"9":3,"10":3,"11":0,"12":3,"13":0,"14":3,"15":0,"16":3,"17":3,"18":3,"19":3,"20":0,"21":3,"22":0,"23":0,"24":0,"25":0,"26":0,"27":0,"28":0,"29":0,"30":0,"31":0,"32":0,"33":0,"34":0,"35":0,"36":0,"37":3,"38":0,"39":0,"40":0,"41":0,"42":0,"43":0,"44":0,"45":0,"46":0,"47":0,"48":0,"49":0,"50":0,"51":0,"52":0,"53":3,"54":0,"55":0,"56":3},"f":{"0":3,"1":0,"2":0,"3":0},"b":{"0":[0,3],"1":[3,3],"2":[0,3],"3":[0,3],"4":[3,1],"5":[0,0],"6":[0,0],"7":[0,0],"8":[0,0],"9":[0,0],"10":[0,0]},"_coverageSchema":"1a1c01bbd47fc00a2c39e90264f33305004495a9","hash":"7e7e486426feeaf7e3be6ca3abbd5e2fcd43eb68"}
,"C:\\Users\\alber\\Desktop\\IS\\TrentoJOB\\ours\\app\\authentication\\password.js": {"path":"C:\\Users\\alber\\Desktop\\IS\\TrentoJOB\\ours\\app\\authentication\\password.js","statementMap":{"0":{"start":{"line":1,"column":15},"end":{"line":1,"column":42}},"1":{"start":{"line":2,"column":13},"end":{"line":2,"column":35}},"2":{"start":{"line":3,"column":23},"end":{"line":3,"column":46}},"3":{"start":{"line":4,"column":20},"end":{"line":4,"column":53}},"4":{"start":{"line":5,"column":34},"end":{"line":5,"column":58}},"5":{"start":{"line":6,"column":13},"end":{"line":6,"column":28}},"6":{"start":{"line":7,"column":15},"end":{"line":7,"column":32}},"7":{"start":{"line":9,"column":0},"end":{"line":42,"column":3}},"8":{"start":{"line":10,"column":4},"end":{"line":40,"column":5}},"9":{"start":{"line":11,"column":21},"end":{"line":11,"column":69}},"10":{"start":{"line":12,"column":8},"end":{"line":13,"column":71}},"11":{"start":{"line":13,"column":12},"end":{"line":13,"column":71}},"12":{"start":{"line":16,"column":28},"end":{"line":16,"column":127}},"13":{"start":{"line":18,"column":12},"end":{"line":31,"column":20}},"14":{"start":{"line":32,"column":8},"end":{"line":32,"column":49}},"15":{"start":{"line":34,"column":8},"end":{"line":34,"column":69}},"16":{"start":{"line":36,"column":8},"end":{"line":36,"column":94}},"17":{"start":{"line":38,"column":8},"end":{"line":38,"column":25}},"18":{"start":{"line":39,"column":8},"end":{"line":39,"column":67}},"19":{"start":{"line":44,"column":0},"end":{"line":73,"column":3}},"20":{"start":{"line":45,"column":18},"end":{"line":45,"column":34}},"21":{"start":{"line":46,"column":25},"end":{"line":46,"column":33}},"22":{"start":{"line":47,"column":19},"end":{"line":47,"column":33}},"23":{"start":{"line":49,"column":4},"end":{"line":72,"column":5}},"24":{"start":{"line":50,"column":24},"end":{"line":50,"column":66}},"25":{"start":{"line":51,"column":8},"end":{"line":51,"column":47}},"26":{"start":{"line":53,"column":8},"end":{"line":56,"column":9}},"27":{"start":{"line":54,"column":12},"end":{"line":54,"column":66}},"28":{"start":{"line":55,"column":12},"end":{"line":55,"column":98}},"29":{"start":{"line":58,"column":31},"end":{"line":58,"column":55}},"30":{"start":{"line":59,"column":8},"end":{"line":59,"column":50}},"31":{"start":{"line":61,"column":21},"end":{"line":63,"column":24}},"32":{"start":{"line":65,"column":8},"end":{"line":66,"column":66}},"33":{"start":{"line":66,"column":12},"end":{"line":66,"column":66}},"34":{"start":{"line":68,"column":8},"end":{"line":68,"column":81}},"35":{"start":{"line":70,"column":8},"end":{"line":70,"column":27}},"36":{"start":{"line":71,"column":8},"end":{"line":71,"column":65}},"37":{"start":{"line":75,"column":0},"end":{"line":75,"column":24}}},"fnMap":{"0":{"name":"(anonymous_0)","decl":{"start":{"line":9,"column":17},"end":{"line":9,"column":18}},"loc":{"start":{"line":9,"column":37},"end":{"line":42,"column":1}},"line":9},"1":{"name":"(anonymous_1)","decl":{"start":{"line":44,"column":54},"end":{"line":44,"column":55}},"loc":{"start":{"line":44,"column":74},"end":{"line":73,"column":1}},"line":44}},"branchMap":{"0":{"loc":{"start":{"line":12,"column":8},"end":{"line":13,"column":71}},"type":"if","locations":[{"start":{"line":12,"column":8},"end":{"line":13,"column":71}},{"start":{},"end":{}}],"line":12},"1":{"loc":{"start":{"line":53,"column":8},"end":{"line":56,"column":9}},"type":"if","locations":[{"start":{"line":53,"column":8},"end":{"line":56,"column":9}},{"start":{},"end":{}}],"line":53},"2":{"loc":{"start":{"line":65,"column":8},"end":{"line":66,"column":66}},"type":"if","locations":[{"start":{"line":65,"column":8},"end":{"line":66,"column":66}},{"start":{},"end":{}}],"line":65}},"s":{"0":1,"1":1,"2":1,"3":1,"4":1,"5":1,"6":1,"7":1,"8":0,"9":0,"10":0,"11":0,"12":0,"13":0,"14":0,"15":0,"16":0,"17":0,"18":0,"19":1,"20":0,"21":0,"22":0,"23":0,"24":0,"25":0,"26":0,"27":0,"28":0,"29":0,"30":0,"31":0,"32":0,"33":0,"34":0,"35":0,"36":0,"37":1},"f":{"0":0,"1":0},"b":{"0":[0,0],"1":[0,0],"2":[0,0]},"_coverageSchema":"1a1c01bbd47fc00a2c39e90264f33305004495a9","hash":"336634342b90f03582c10a6db8a0f83c72781bdb"}
,"C:\\Users\\alber\\Desktop\\IS\\TrentoJOB\\ours\\app\\models\\announcementModel.js": {"path":"C:\\Users\\alber\\Desktop\\IS\\TrentoJOB\\ours\\app\\models\\announcementModel.js","statementMap":{"0":{"start":{"line":1,"column":17},"end":{"line":1,"column":36}},"1":{"start":{"line":2,"column":22},"end":{"line":2,"column":44}},"2":{"start":{"line":4,"column":21},"end":{"line":45,"column":3}},"3":{"start":{"line":49,"column":0},"end":{"line":51,"column":1}}},"fnMap":{},"branchMap":{},"s":{"0":3,"1":3,"2":3,"3":3},"f":{},"b":{},"_coverageSchema":"1a1c01bbd47fc00a2c39e90264f33305004495a9","hash":"96f49358cba5a4ed9a457385ee90e240cb79eadb"}
,"C:\\Users\\alber\\Desktop\\IS\\TrentoJOB\\ours\\app\\models\\chatModel.js": {"path":"C:\\Users\\alber\\Desktop\\IS\\TrentoJOB\\ours\\app\\models\\chatModel.js","statementMap":{"0":{"start":{"line":1,"column":17},"end":{"line":1,"column":36}},"1":{"start":{"line":2,"column":54},"end":{"line":2,"column":76}},"2":{"start":{"line":4,"column":13},"end":{"line":22,"column":3}},"3":{"start":{"line":26,"column":0},"end":{"line":28,"column":2}}},"fnMap":{},"branchMap":{},"s":{"0":3,"1":3,"2":3,"3":3},"f":{},"b":{},"_coverageSchema":"1a1c01bbd47fc00a2c39e90264f33305004495a9","hash":"195a7a601d020e515286dc6ae819dfa03433a4df"}
,"C:\\Users\\alber\\Desktop\\IS\\TrentoJOB\\ours\\app\\models\\eventModel.js": {"path":"C:\\Users\\alber\\Desktop\\IS\\TrentoJOB\\ours\\app\\models\\eventModel.js","statementMap":{"0":{"start":{"line":1,"column":17},"end":{"line":1,"column":36}},"1":{"start":{"line":2,"column":37},"end":{"line":2,"column":59}},"2":{"start":{"line":4,"column":14},"end":{"line":49,"column":3}},"3":{"start":{"line":53,"column":0},"end":{"line":55,"column":2}}},"fnMap":{},"branchMap":{},"s":{"0":3,"1":3,"2":3,"3":3},"f":{},"b":{},"_coverageSchema":"1a1c01bbd47fc00a2c39e90264f33305004495a9","hash":"7d17cbe72923d93ff74caf8bf2780947ade71c83"}
,"C:\\Users\\alber\\Desktop\\IS\\TrentoJOB\\ours\\app\\models\\profileModel.js": {"path":"C:\\Users\\alber\\Desktop\\IS\\TrentoJOB\\ours\\app\\models\\profileModel.js","statementMap":{"0":{"start":{"line":1,"column":17},"end":{"line":1,"column":36}},"1":{"start":{"line":2,"column":15},"end":{"line":2,"column":37}},"2":{"start":{"line":3,"column":21},"end":{"line":3,"column":43}},"3":{"start":{"line":5,"column":16},"end":{"line":53,"column":3}},"4":{"start":{"line":55,"column":13},"end":{"line":93,"column":3}},"5":{"start":{"line":95,"column":21},"end":{"line":123,"column":3}},"6":{"start":{"line":125,"column":14},"end":{"line":139,"column":3}},"7":{"start":{"line":141,"column":0},"end":{"line":146,"column":2}}},"fnMap":{},"branchMap":{},"s":{"0":3,"1":3,"2":3,"3":3,"4":3,"5":3,"6":3,"7":3},"f":{},"b":{},"_coverageSchema":"1a1c01bbd47fc00a2c39e90264f33305004495a9","hash":"fe2a68d7e917d60ff338e013fb4b345ba795e1b1"}
,"C:\\Users\\alber\\Desktop\\IS\\TrentoJOB\\ours\\app\\models\\subModels.js": {"path":"C:\\Users\\alber\\Desktop\\IS\\TrentoJOB\\ours\\app\\models\\subModels.js","statementMap":{"0":{"start":{"line":1,"column":17},"end":{"line":1,"column":36}},"1":{"start":{"line":4,"column":21},"end":{"line":17,"column":2}},"2":{"start":{"line":19,"column":15},"end":{"line":36,"column":2}},"3":{"start":{"line":38,"column":16},"end":{"line":54,"column":2}},"4":{"start":{"line":56,"column":19},"end":{"line":85,"column":2}},"5":{"start":{"line":87,"column":22},"end":{"line":102,"column":2}},"6":{"start":{"line":105,"column":16},"end":{"line":105,"column":56}},"7":{"start":{"line":109,"column":0},"end":{"line":116,"column":1}}},"fnMap":{},"branchMap":{},"s":{"0":3,"1":3,"2":3,"3":3,"4":3,"5":3,"6":3,"7":3},"f":{},"b":{},"_coverageSchema":"1a1c01bbd47fc00a2c39e90264f33305004495a9","hash":"333c346a99849c6d7274c17801c89b75309709c4"}
,"C:\\Users\\alber\\Desktop\\IS\\TrentoJOB\\ours\\test\\db.js": {"path":"C:\\Users\\alber\\Desktop\\IS\\TrentoJOB\\ours\\test\\db.js","statementMap":{"0":{"start":{"line":1,"column":17},"end":{"line":1,"column":36}},"1":{"start":{"line":2,"column":30},"end":{"line":2,"column":62}},"2":{"start":{"line":7,"column":4},"end":{"line":7,"column":51}},"3":{"start":{"line":8,"column":16},"end":{"line":8,"column":36}},"4":{"start":{"line":9,"column":4},"end":{"line":9,"column":85}},"5":{"start":{"line":13,"column":4},"end":{"line":13,"column":32}},"6":{"start":{"line":14,"column":4},"end":{"line":14,"column":29}},"7":{"start":{"line":17,"column":0},"end":{"line":17,"column":41}}},"fnMap":{"0":{"name":"connect","decl":{"start":{"line":6,"column":15},"end":{"line":6,"column":22}},"loc":{"start":{"line":6,"column":25},"end":{"line":10,"column":1}},"line":6},"1":{"name":"disconnect","decl":{"start":{"line":12,"column":15},"end":{"line":12,"column":25}},"loc":{"start":{"line":12,"column":28},"end":{"line":15,"column":1}},"line":12}},"branchMap":{},"s":{"0":2,"1":2,"2":2,"3":2,"4":2,"5":2,"6":2,"7":2},"f":{"0":2,"1":2},"b":{},"_coverageSchema":"1a1c01bbd47fc00a2c39e90264f33305004495a9","hash":"24020fe0fabe2d77adf5754b24cb61f84003886d"}
}
