TN:
SF:app.js
FN:46,(anonymous_0)
FNF:1
FNH:0
FNDA:0,(anonymous_0)
DA:1,1
DA:2,1
DA:3,1
DA:4,1
DA:6,1
DA:9,1
DA:10,1
DA:13,1
DA:16,1
DA:17,1
DA:18,1
DA:21,1
DA:22,1
DA:25,1
DA:26,1
DA:27,1
DA:28,1
DA:29,1
DA:30,1
DA:31,1
DA:32,1
DA:33,1
DA:35,1
DA:36,1
DA:37,1
DA:38,1
DA:39,1
DA:40,1
DA:41,1
DA:42,1
DA:43,1
DA:46,1
DA:47,0
DA:50,1
LF:34
LH:33
BRDA:16,0,0,1
BRDA:16,0,1,1
BRF:2
BRH:2
end_of_record
TN:
SF:app\mailBody.js
FN:1,(anonymous_0)
FN:77,(anonymous_1)
FN:154,(anonymous_2)
FN:222,(anonymous_3)
FNF:4
FNH:1
FNDA:2,(anonymous_0)
FNDA:0,(anonymous_1)
FNDA:0,(anonymous_2)
FNDA:0,(anonymous_3)
DA:1,7
DA:2,2
DA:77,7
DA:78,0
DA:154,7
DA:155,0
DA:222,7
DA:223,0
DA:301,7
LF:9
LH:6
BRF:0
BRH:0
end_of_record
TN:
SF:app\middleware.js
FN:6,(anonymous_0)
FN:12,(anonymous_1)
FN:19,(anonymous_2)
FN:29,(anonymous_3)
FN:42,(anonymous_4)
FN:50,(anonymous_5)
FN:56,(anonymous_6)
FN:70,(anonymous_7)
FN:70,(anonymous_8)
FNF:9
FNH:8
FNDA:0,(anonymous_0)
FNDA:48,(anonymous_1)
FNDA:25,(anonymous_2)
FNDA:6,(anonymous_3)
FNDA:9,(anonymous_4)
FNDA:11,(anonymous_5)
FNDA:4,(anonymous_6)
FNDA:2,(anonymous_7)
FNDA:4,(anonymous_8)
DA:1,7
DA:2,7
DA:3,7
DA:6,7
DA:7,0
DA:8,0
DA:12,7
DA:13,48
DA:14,48
DA:17,48
DA:19,25
DA:20,25
DA:23,25
DA:24,25
DA:27,25
DA:28,25
DA:29,25
DA:30,6
DA:31,6
DA:32,6
DA:33,6
DA:36,25
DA:37,25
DA:42,7
DA:44,9
DA:45,8
DA:47,1
DA:50,7
DA:51,11
DA:52,1
DA:53,10
DA:56,7
DA:57,4
DA:58,4
DA:60,4
DA:61,0
DA:62,4
DA:65,0
DA:66,0
DA:70,7
DA:71,4
DA:72,1
DA:73,3
DA:76,7
LF:44
LH:39
BRDA:14,0,0,48
BRDA:14,0,1,25
BRDA:17,1,0,23
BRDA:17,1,1,25
BRDA:20,2,0,0
BRDA:20,2,1,25
BRDA:20,3,0,25
BRDA:20,3,1,25
BRDA:24,4,0,0
BRDA:24,4,1,25
BRDA:44,5,0,8
BRDA:44,5,1,1
BRDA:44,6,0,9
BRDA:44,6,1,8
BRDA:44,6,2,2
BRDA:51,7,0,1
BRDA:51,7,1,10
BRDA:60,8,0,0
BRDA:60,8,1,4
BRDA:60,9,0,4
BRDA:60,9,1,4
BRDA:60,9,2,0
BRDA:71,10,0,1
BRDA:71,10,1,3
BRDA:71,11,0,4
BRDA:71,11,1,3
BRF:26
BRH:22
end_of_record
TN:
SF:app\nodeMail.js
FN:11,(anonymous_0)
FN:16,(anonymous_1)
FNF:2
FNH:1
FNDA:2,(anonymous_0)
FNDA:0,(anonymous_1)
DA:1,7
DA:3,7
DA:11,7
DA:12,2
DA:16,0
LF:5
LH:4
BRF:0
BRH:0
end_of_record
TN:
SF:app\utils.js
FN:10,(anonymous_0)
FN:35,(anonymous_1)
FN:58,(anonymous_2)
FN:89,(anonymous_3)
FN:146,(anonymous_4)
FN:159,(anonymous_5)
FN:170,(anonymous_6)
FN:181,(anonymous_7)
FN:188,(anonymous_8)
FN:191,(anonymous_9)
FN:224,(anonymous_10)
FNF:11
FNH:6
FNDA:4,(anonymous_0)
FNDA:3,(anonymous_1)
FNDA:5,(anonymous_2)
FNDA:0,(anonymous_3)
FNDA:5,(anonymous_4)
FNDA:0,(anonymous_5)
FNDA:2,(anonymous_6)
FNDA:0,(anonymous_7)
FNDA:0,(anonymous_8)
FNDA:0,(anonymous_9)
FNDA:5,(anonymous_10)
DA:1,6
DA:2,6
DA:3,6
DA:4,6
DA:5,6
DA:6,6
DA:7,6
DA:10,6
DA:11,4
DA:13,4
DA:14,4
DA:15,2
DA:18,2
DA:19,2
DA:20,2
DA:22,2
DA:23,2
DA:26,2
DA:27,2
DA:28,2
DA:29,2
DA:31,0
DA:35,6
DA:36,3
DA:38,3
DA:39,0
DA:42,3
DA:43,3
DA:50,3
DA:51,3
DA:53,0
DA:54,0
DA:58,6
DA:59,5
DA:60,5
DA:61,5
DA:62,5
DA:64,5
DA:65,0
DA:66,0
DA:68,0
DA:69,0
DA:70,0
DA:71,0
DA:74,5
DA:75,0
DA:77,5
DA:78,2
DA:79,0
DA:81,2
DA:82,1
DA:83,0
DA:85,1
DA:86,0
DA:89,0
DA:90,0
DA:91,0
DA:94,0
DA:95,0
DA:96,0
DA:98,0
DA:99,0
DA:102,0
DA:103,0
DA:110,5
DA:111,1
DA:113,1
DA:114,0
DA:116,0
DA:117,0
DA:118,0
DA:121,0
DA:122,0
DA:123,0
DA:126,4
DA:127,1
DA:128,1
DA:131,5
DA:132,0
DA:133,0
DA:134,0
DA:138,5
DA:140,5
DA:142,0
DA:146,6
DA:147,5
DA:148,5
DA:149,5
DA:152,4
DA:154,5
DA:156,5
DA:157,5
DA:159,1
DA:161,5
DA:163,0
DA:166,0
DA:170,6
DA:171,2
DA:172,2
DA:173,2
DA:174,0
DA:176,2
DA:177,0
DA:178,0
DA:179,0
DA:181,0
DA:182,0
DA:184,0
DA:185,0
DA:186,0
DA:187,0
DA:188,0
DA:189,0
DA:191,0
DA:192,0
DA:193,0
DA:196,0
DA:197,0
DA:199,0
DA:200,0
DA:203,0
DA:204,0
DA:207,2
DA:208,2
DA:209,2
DA:210,2
DA:214,2
DA:215,2
DA:218,0
DA:219,0
DA:224,6
DA:225,5
DA:226,5
DA:227,5
DA:228,5
DA:230,0
DA:233,0
DA:239,6
LF:138
LH:76
BRDA:14,0,0,2
BRDA:14,0,1,2
BRDA:38,1,0,0
BRDA:38,1,1,3
BRDA:64,2,0,0
BRDA:64,2,1,5
BRDA:68,3,0,0
BRDA:68,3,1,0
BRDA:68,4,0,0
BRDA:68,4,1,0
BRDA:70,5,0,0
BRDA:70,5,1,0
BRDA:70,6,0,0
BRDA:70,6,1,0
BRDA:74,7,0,0
BRDA:74,7,1,5
BRDA:77,8,0,2
BRDA:77,8,1,3
BRDA:77,9,0,5
BRDA:77,9,1,4
BRDA:78,10,0,0
BRDA:78,10,1,2
BRDA:81,11,0,1
BRDA:81,11,1,1
BRDA:82,12,0,0
BRDA:82,12,1,1
BRDA:85,13,0,0
BRDA:85,13,1,1
BRDA:98,14,0,0
BRDA:98,14,1,0
BRDA:102,15,0,0
BRDA:102,15,1,0
BRDA:110,16,0,1
BRDA:110,16,1,4
BRDA:113,17,0,0
BRDA:113,17,1,1
BRDA:113,18,0,1
BRDA:113,18,1,1
BRDA:116,19,0,0
BRDA:116,19,1,0
BRDA:121,20,0,0
BRDA:121,20,1,0
BRDA:126,21,0,1
BRDA:126,21,1,3
BRDA:131,22,0,0
BRDA:131,22,1,5
BRDA:133,23,0,0
BRDA:133,23,1,0
BRDA:149,24,0,4
BRDA:149,24,1,1
BRDA:149,25,0,5
BRDA:149,25,1,1
BRDA:149,25,2,0
BRDA:156,26,0,5
BRDA:156,26,1,0
BRDA:157,27,0,1
BRDA:157,27,1,4
BRDA:157,28,0,5
BRDA:157,28,1,1
BRDA:173,29,0,0
BRDA:173,29,1,2
BRDA:176,30,0,0
BRDA:176,30,1,2
BRDA:176,31,0,2
BRDA:176,31,1,2
BRDA:177,32,0,0
BRDA:177,32,1,0
BRDA:178,33,0,0
BRDA:178,33,1,0
BRDA:181,34,0,0
BRDA:181,34,1,0
BRDA:187,35,0,0
BRDA:187,35,1,0
BRDA:188,36,0,0
BRDA:188,36,1,0
BRDA:196,37,0,0
BRDA:196,37,1,0
BRDA:196,38,0,0
BRDA:196,38,1,0
BRDA:207,39,0,2
BRDA:207,39,1,0
BRDA:207,40,0,2
BRDA:207,40,1,1
BRDA:207,40,2,1
BRDA:209,41,0,2
BRDA:209,41,1,0
BRDA:227,42,0,5
BRDA:227,42,1,0
BRF:88
BRH:41
end_of_record
TN:
SF:app\validation.js
FN:3,(anonymous_0)
FN:3,(anonymous_1)
FNF:2
FNH:2
FNDA:56,(anonymous_0)
FNDA:23,(anonymous_1)
DA:1,7
DA:3,56
DA:4,23
DA:5,23
DA:6,4
DA:8,19
DA:11,7
DA:60,7
LF:8
LH:8
BRDA:5,0,0,4
BRDA:5,0,1,19
BRF:2
BRH:2
end_of_record
TN:
SF:app\Entities\admin.js
FN:9,(anonymous_0)
FN:33,(anonymous_1)
FN:35,(anonymous_2)
FN:37,(anonymous_3)
FN:39,(anonymous_4)
FNF:5
FNH:5
FNDA:2,(anonymous_0)
FNDA:1,(anonymous_1)
FNDA:1,(anonymous_2)
FNDA:1,(anonymous_3)
FNDA:1,(anonymous_4)
DA:1,2
DA:2,2
DA:3,2
DA:4,2
DA:5,2
DA:6,2
DA:9,2
DA:10,2
DA:12,2
DA:13,2
DA:14,1
DA:17,1
DA:18,1
DA:19,1
DA:20,1
DA:23,1
DA:24,1
DA:27,0
DA:28,0
DA:33,2
DA:35,2
DA:37,2
DA:39,2
DA:43,2
LF:24
LH:22
BRDA:13,0,0,1
BRDA:13,0,1,1
BRF:2
BRH:2
end_of_record
TN:
SF:app\Entities\announcement.js
FN:9,(anonymous_0)
FN:11,(anonymous_1)
FN:13,(anonymous_2)
FN:15,(anonymous_3)
FN:17,(anonymous_4)
FNF:5
FNH:4
FNDA:2,(anonymous_0)
FNDA:1,(anonymous_1)
FNDA:1,(anonymous_2)
FNDA:0,(anonymous_3)
FNDA:2,(anonymous_4)
DA:2,2
DA:3,2
DA:4,2
DA:5,2
DA:6,2
DA:9,2
DA:11,2
DA:13,2
DA:15,2
DA:17,2
DA:21,2
LF:11
LH:11
BRF:0
BRH:0
end_of_record
TN:
SF:app\Entities\chat.js
FN:9,(anonymous_0)
FN:21,(anonymous_1)
FN:65,(anonymous_2)
FN:134,(anonymous_3)
FN:154,(anonymous_4)
FNF:5
FNH:5
FNDA:3,(anonymous_0)
FNDA:1,(anonymous_1)
FNDA:1,(anonymous_2)
FNDA:2,(anonymous_3)
FNDA:1,(anonymous_4)
DA:2,2
DA:3,2
DA:4,2
DA:5,2
DA:6,2
DA:9,2
DA:10,3
DA:11,3
DA:13,3
DA:16,3
DA:17,1
DA:19,2
DA:21,2
DA:22,1
DA:23,1
DA:26,2
DA:28,1
DA:29,1
DA:30,1
DA:31,1
DA:33,1
DA:36,1
DA:42,1
DA:45,1
DA:51,1
DA:54,1
DA:56,1
DA:59,0
DA:60,0
DA:61,0
DA:65,2
DA:66,1
DA:68,1
DA:69,0
DA:72,1
DA:73,0
DA:75,1
DA:78,1
DA:80,1
DA:81,0
DA:84,1
DA:93,1
DA:97,1
DA:99,1
DA:113,1
DA:127,1
DA:129,0
DA:130,0
DA:134,2
DA:135,2
DA:136,2
DA:138,2
DA:139,0
DA:142,2
DA:147,2
DA:149,0
DA:150,0
DA:154,2
DA:155,1
DA:156,1
DA:157,1
DA:158,1
DA:159,0
DA:163,1
DA:168,1
DA:172,1
DA:174,0
DA:175,0
DA:181,2
LF:69
LH:55
BRDA:16,0,0,1
BRDA:16,0,1,2
BRDA:16,1,0,3
BRDA:16,1,1,3
BRDA:22,2,0,1
BRDA:22,2,1,0
BRDA:26,3,0,1
BRDA:26,3,1,1
BRDA:68,4,0,0
BRDA:68,4,1,1
BRDA:72,5,0,0
BRDA:72,5,1,1
BRDA:80,6,0,0
BRDA:80,6,1,1
BRDA:80,7,0,1
BRDA:80,7,1,1
BRDA:80,7,2,0
BRDA:97,8,0,1
BRDA:97,8,1,0
BRDA:138,9,0,0
BRDA:138,9,1,2
BRDA:158,10,0,0
BRDA:158,10,1,1
BRF:23
BRH:15
end_of_record
TN:
SF:app\Entities\comment.js
FN:9,(anonymous_0)
FN:35,(anonymous_1)
FN:51,(anonymous_2)
FN:65,(anonymous_3)
FN:77,(anonymous_4)
FNF:5
FNH:0
FNDA:0,(anonymous_0)
FNDA:0,(anonymous_1)
FNDA:0,(anonymous_2)
FNDA:0,(anonymous_3)
FNDA:0,(anonymous_4)
DA:2,1
DA:3,1
DA:4,1
DA:5,1
DA:6,1
DA:9,1
DA:10,0
DA:11,0
DA:12,0
DA:13,0
DA:14,0
DA:16,0
DA:25,0
DA:26,0
DA:28,0
DA:30,0
DA:31,0
DA:35,1
DA:36,0
DA:37,0
DA:38,0
DA:39,0
DA:41,0
DA:42,0
DA:44,0
DA:46,0
DA:47,0
DA:51,1
DA:52,0
DA:53,0
DA:54,0
DA:55,0
DA:56,0
DA:58,0
DA:60,0
DA:61,0
DA:65,1
DA:66,0
DA:67,0
DA:68,0
DA:69,0
DA:70,0
DA:71,0
DA:72,0
DA:73,0
DA:75,0
DA:76,0
DA:77,0
DA:79,0
DA:80,0
DA:81,0
DA:82,0
DA:83,0
DA:85,0
DA:87,0
DA:88,0
DA:95,1
LF:57
LH:10
BRDA:13,0,0,0
BRDA:13,0,1,0
BRDA:41,1,0,0
BRDA:41,1,1,0
BRDA:55,2,0,0
BRDA:55,2,1,0
BRDA:72,3,0,0
BRDA:72,3,1,0
BRDA:80,4,0,0
BRDA:80,4,1,0
BRF:10
BRH:0
end_of_record
TN:
SF:app\Entities\event.js
FN:8,(anonymous_0)
FN:10,(anonymous_1)
FN:12,(anonymous_2)
FN:14,(anonymous_3)
FN:16,(anonymous_4)
FNF:5
FNH:4
FNDA:1,(anonymous_0)
FNDA:1,(anonymous_1)
FNDA:1,(anonymous_2)
FNDA:0,(anonymous_3)
FNDA:1,(anonymous_4)
DA:1,2
DA:2,2
DA:3,2
DA:4,2
DA:5,2
DA:8,2
DA:10,2
DA:12,2
DA:14,2
DA:16,2
DA:20,2
LF:11
LH:11
BRF:0
BRH:0
end_of_record
TN:
SF:app\Entities\organisation.js
FN:9,(anonymous_0)
FN:11,(anonymous_1)
FN:13,(anonymous_2)
FN:15,(anonymous_3)
FN:17,(anonymous_4)
FNF:5
FNH:3
FNDA:2,(anonymous_0)
FNDA:1,(anonymous_1)
FNDA:1,(anonymous_2)
FNDA:0,(anonymous_3)
FNDA:0,(anonymous_4)
DA:1,4
DA:2,4
DA:3,4
DA:4,4
DA:5,4
DA:9,4
DA:11,4
DA:13,4
DA:15,4
DA:17,4
DA:21,4
LF:11
LH:11
BRF:0
BRH:0
end_of_record
TN:
SF:app\Entities\user.js
FN:9,(anonymous_0)
FN:11,(anonymous_1)
FN:13,(anonymous_2)
FN:15,(anonymous_3)
FN:17,(anonymous_4)
FNF:5
FNH:5
FNDA:2,(anonymous_0)
FNDA:1,(anonymous_1)
FNDA:1,(anonymous_2)
FNDA:1,(anonymous_3)
FNDA:1,(anonymous_4)
DA:1,4
DA:2,4
DA:3,4
DA:4,4
DA:5,4
DA:9,4
DA:11,4
DA:13,4
DA:15,4
DA:17,4
DA:21,4
LF:11
LH:11
BRF:0
BRH:0
end_of_record
TN:
SF:app\authentication\auth.js
FN:11,(anonymous_0)
FN:53,(anonymous_1)
FN:90,(anonymous_2)
FN:118,(anonymous_3)
FNF:4
FNH:1
FNDA:8,(anonymous_0)
FNDA:0,(anonymous_1)
FNDA:0,(anonymous_2)
FNDA:0,(anonymous_3)
DA:1,7
DA:2,7
DA:3,7
DA:4,7
DA:5,7
DA:6,7
DA:7,7
DA:11,7
DA:12,8
DA:14,8
DA:17,8
DA:18,0
DA:23,8
DA:24,0
DA:27,8
DA:28,0
DA:31,8
DA:32,8
DA:34,8
DA:36,8
DA:48,0
DA:53,7
DA:54,0
DA:55,0
DA:56,0
DA:57,0
DA:60,0
DA:61,0
DA:62,0
DA:65,0
DA:66,0
DA:67,0
DA:69,0
DA:70,0
DA:73,0
DA:75,0
DA:82,0
DA:90,7
DA:91,0
DA:92,0
DA:93,0
DA:94,0
DA:95,0
DA:98,0
DA:99,0
DA:100,0
DA:101,0
DA:103,0
DA:104,0
DA:108,0
DA:109,0
DA:110,0
DA:113,0
DA:118,7
DA:120,0
DA:121,0
DA:126,7
LF:57
LH:21
BRDA:17,0,0,0
BRDA:17,0,1,8
BRDA:17,1,0,8
BRDA:17,1,1,8
BRDA:23,2,0,0
BRDA:23,2,1,8
BRDA:27,3,0,0
BRDA:27,3,1,8
BRDA:27,4,0,8
BRDA:27,4,1,2
BRDA:56,5,0,0
BRDA:56,5,1,0
BRDA:61,6,0,0
BRDA:61,6,1,0
BRDA:66,7,0,0
BRDA:66,7,1,0
BRDA:69,8,0,0
BRDA:69,8,1,0
BRDA:98,9,0,0
BRDA:98,9,1,0
BRDA:108,10,0,0
BRDA:108,10,1,0
BRF:22
BRH:7
end_of_record
TN:
SF:app\authentication\password.js
FN:9,(anonymous_0)
FN:45,(anonymous_1)
FNF:2
FNH:0
FNDA:0,(anonymous_0)
FNDA:0,(anonymous_1)
DA:1,1
DA:2,1
DA:3,1
DA:4,1
DA:5,1
DA:6,1
DA:7,1
DA:9,1
DA:10,0
DA:11,0
DA:12,0
DA:13,0
DA:15,0
DA:17,0
DA:19,0
DA:33,0
DA:35,0
DA:37,0
DA:39,0
DA:40,0
DA:45,1
DA:46,0
DA:47,0
DA:48,0
DA:50,0
DA:51,0
DA:52,0
DA:54,0
DA:55,0
DA:56,0
DA:59,0
DA:60,0
DA:62,0
DA:66,0
DA:67,0
DA:69,0
DA:71,0
DA:72,0
DA:76,1
LF:39
LH:10
BRDA:12,0,0,0
BRDA:12,0,1,0
BRDA:54,1,0,0
BRDA:54,1,1,0
BRDA:66,2,0,0
BRDA:66,2,1,0
BRF:6
BRH:0
end_of_record
TN:
SF:app\models\announcementModel.js
FNF:0
FNH:0
DA:1,6
DA:2,6
DA:4,6
DA:49,6
LF:4
LH:4
BRF:0
BRH:0
end_of_record
TN:
SF:app\models\chatModel.js
FNF:0
FNH:0
DA:1,7
DA:2,7
DA:4,7
DA:26,7
LF:4
LH:4
BRF:0
BRH:0
end_of_record
TN:
SF:app\models\eventModel.js
FNF:0
FNH:0
DA:1,6
DA:2,6
DA:4,6
DA:53,6
LF:4
LH:4
BRF:0
BRH:0
end_of_record
TN:
SF:app\models\profileModel.js
FNF:0
FNH:0
DA:1,7
DA:2,7
DA:3,7
DA:5,7
DA:55,7
DA:95,7
DA:125,7
DA:137,7
LF:8
LH:8
BRF:0
BRH:0
end_of_record
TN:
SF:app\models\subModels.js
FNF:0
FNH:0
DA:1,7
DA:4,7
DA:19,7
DA:38,7
DA:56,7
DA:87,7
DA:105,7
DA:109,7
LF:8
LH:8
BRF:0
BRH:0
end_of_record
TN:
SF:test\db.js
FN:6,connect
FN:12,disconnect
FNF:2
FNH:2
FNDA:6,connect
FNDA:6,disconnect
DA:1,6
DA:2,6
DA:7,6
DA:8,6
DA:9,6
DA:13,6
DA:14,6
DA:17,6
LF:8
LH:8
BRF:0
BRH:0
end_of_record
